{"/Users/Other/cbr-ai-coach/src/App.tsx": {"path":"/Users/Other/cbr-ai-coach/src/App.tsx","statementMap":{"0":{"start":{"line":23,"column":19},"end":{"line":23,"column":35}},"1":{"start":{"line":24,"column":26},"end":{"line":24,"column":39}},"2":{"start":{"line":25,"column":40},"end":{"line":25,"column":67}},"3":{"start":{"line":26,"column":38},"end":{"line":30,"column":4}},"4":{"start":{"line":28,"column":26},"end":{"line":28,"column":63}},"5":{"start":{"line":29,"column":4},"end":{"line":29,"column":26}},"6":{"start":{"line":31,"column":36},"end":{"line":35,"column":4}},"7":{"start":{"line":33,"column":28},"end":{"line":33,"column":69}},"8":{"start":{"line":34,"column":4},"end":{"line":34,"column":28}},"9":{"start":{"line":36,"column":42},"end":{"line":40,"column":4}},"10":{"start":{"line":38,"column":21},"end":{"line":38,"column":53}},"11":{"start":{"line":39,"column":4},"end":{"line":39,"column":21}},"12":{"start":{"line":42,"column":2},"end":{"line":49,"column":9}},"13":{"start":{"line":44,"column":22},"end":{"line":44,"column":47}},"14":{"start":{"line":45,"column":4},"end":{"line":48,"column":5}},"15":{"start":{"line":46,"column":6},"end":{"line":46,"column":32}},"16":{"start":{"line":47,"column":6},"end":{"line":47,"column":26}},"17":{"start":{"line":51,"column":2},"end":{"line":58,"column":19}},"18":{"start":{"line":53,"column":4},"end":{"line":57,"column":5}},"19":{"start":{"line":54,"column":6},"end":{"line":54,"column":51}},"20":{"start":{"line":56,"column":6},"end":{"line":56,"column":54}},"21":{"start":{"line":60,"column":2},"end":{"line":69,"column":24}},"22":{"start":{"line":62,"column":4},"end":{"line":68,"column":5}},"23":{"start":{"line":63,"column":6},"end":{"line":63,"column":58}},"24":{"start":{"line":64,"column":6},"end":{"line":64,"column":58}},"25":{"start":{"line":66,"column":6},"end":{"line":66,"column":58}},"26":{"start":{"line":67,"column":6},"end":{"line":67,"column":77}},"27":{"start":{"line":71,"column":29},"end":{"line":74,"column":3}},"28":{"start":{"line":72,"column":4},"end":{"line":72,"column":50}},"29":{"start":{"line":73,"column":4},"end":{"line":73,"column":25}},"30":{"start":{"line":80,"column":27},"end":{"line":87,"column":3}},"31":{"start":{"line":81,"column":4},"end":{"line":81,"column":25}},"32":{"start":{"line":82,"column":4},"end":{"line":86,"column":5}},"33":{"start":{"line":83,"column":6},"end":{"line":83,"column":26}},"34":{"start":{"line":84,"column":6},"end":{"line":84,"column":54}},"35":{"start":{"line":85,"column":6},"end":{"line":85,"column":67}},"36":{"start":{"line":89,"column":33},"end":{"line":92,"column":3}},"37":{"start":{"line":90,"column":4},"end":{"line":90,"column":27}},"38":{"start":{"line":91,"column":4},"end":{"line":91,"column":71}},"39":{"start":{"line":95,"column":2},"end":{"line":97,"column":3}},"40":{"start":{"line":96,"column":4},"end":{"line":96,"column":58}},"41":{"start":{"line":100,"column":2},"end":{"line":102,"column":3}},"42":{"start":{"line":101,"column":4},"end":{"line":101,"column":56}},"43":{"start":{"line":105,"column":2},"end":{"line":107,"column":3}},"44":{"start":{"line":106,"column":4},"end":{"line":106,"column":33}},"45":{"start":{"line":110,"column":2},"end":{"line":112,"column":3}},"46":{"start":{"line":111,"column":4},"end":{"line":111,"column":69}},"47":{"start":{"line":115,"column":2},"end":{"line":132,"column":4}},"48":{"start":{"line":136,"column":2},"end":{"line":140,"column":4}}},"fnMap":{"0":{"name":"AppContent","decl":{"start":{"line":22,"column":9},"end":{"line":22,"column":19}},"loc":{"start":{"line":22,"column":22},"end":{"line":133,"column":1}},"line":22},"1":{"name":"(anonymous_1)","decl":{"start":{"line":26,"column":47},"end":{"line":26,"column":48}},"loc":{"start":{"line":26,"column":53},"end":{"line":30,"column":3}},"line":26},"2":{"name":"(anonymous_2)","decl":{"start":{"line":31,"column":45},"end":{"line":31,"column":46}},"loc":{"start":{"line":31,"column":51},"end":{"line":35,"column":3}},"line":31},"3":{"name":"(anonymous_3)","decl":{"start":{"line":36,"column":51},"end":{"line":36,"column":52}},"loc":{"start":{"line":36,"column":57},"end":{"line":40,"column":3}},"line":36},"4":{"name":"(anonymous_4)","decl":{"start":{"line":42,"column":12},"end":{"line":42,"column":13}},"loc":{"start":{"line":42,"column":18},"end":{"line":49,"column":3}},"line":42},"5":{"name":"(anonymous_5)","decl":{"start":{"line":51,"column":12},"end":{"line":51,"column":13}},"loc":{"start":{"line":51,"column":18},"end":{"line":58,"column":3}},"line":51},"6":{"name":"(anonymous_6)","decl":{"start":{"line":60,"column":12},"end":{"line":60,"column":13}},"loc":{"start":{"line":60,"column":18},"end":{"line":69,"column":3}},"line":60},"7":{"name":"(anonymous_7)","decl":{"start":{"line":71,"column":29},"end":{"line":71,"column":30}},"loc":{"start":{"line":71,"column":35},"end":{"line":74,"column":3}},"line":71},"8":{"name":"(anonymous_8)","decl":{"start":{"line":80,"column":27},"end":{"line":80,"column":28}},"loc":{"start":{"line":80,"column":50},"end":{"line":87,"column":3}},"line":80},"9":{"name":"(anonymous_9)","decl":{"start":{"line":89,"column":33},"end":{"line":89,"column":34}},"loc":{"start":{"line":89,"column":39},"end":{"line":92,"column":3}},"line":89},"10":{"name":"App","decl":{"start":{"line":135,"column":9},"end":{"line":135,"column":12}},"loc":{"start":{"line":135,"column":15},"end":{"line":141,"column":1}},"line":135}},"branchMap":{"0":{"loc":{"start":{"line":45,"column":4},"end":{"line":48,"column":5}},"type":"if","locations":[{"start":{"line":45,"column":4},"end":{"line":48,"column":5}},{"start":{},"end":{}}],"line":45},"1":{"loc":{"start":{"line":53,"column":4},"end":{"line":57,"column":5}},"type":"if","locations":[{"start":{"line":53,"column":4},"end":{"line":57,"column":5}},{"start":{"line":55,"column":11},"end":{"line":57,"column":5}}],"line":53},"2":{"loc":{"start":{"line":62,"column":4},"end":{"line":68,"column":5}},"type":"if","locations":[{"start":{"line":62,"column":4},"end":{"line":68,"column":5}},{"start":{"line":65,"column":11},"end":{"line":68,"column":5}}],"line":62},"3":{"loc":{"start":{"line":67,"column":52},"end":{"line":67,"column":75}},"type":"binary-expr","locations":[{"start":{"line":67,"column":52},"end":{"line":67,"column":67}},{"start":{"line":67,"column":71},"end":{"line":67,"column":75}}],"line":67},"4":{"loc":{"start":{"line":82,"column":4},"end":{"line":86,"column":5}},"type":"if","locations":[{"start":{"line":82,"column":4},"end":{"line":86,"column":5}},{"start":{},"end":{}}],"line":82},"5":{"loc":{"start":{"line":85,"column":38},"end":{"line":85,"column":65}},"type":"binary-expr","locations":[{"start":{"line":85,"column":38},"end":{"line":85,"column":55}},{"start":{"line":85,"column":59},"end":{"line":85,"column":65}}],"line":85},"6":{"loc":{"start":{"line":95,"column":2},"end":{"line":97,"column":3}},"type":"if","locations":[{"start":{"line":95,"column":2},"end":{"line":97,"column":3}},{"start":{},"end":{}}],"line":95},"7":{"loc":{"start":{"line":100,"column":2},"end":{"line":102,"column":3}},"type":"if","locations":[{"start":{"line":100,"column":2},"end":{"line":102,"column":3}},{"start":{},"end":{}}],"line":100},"8":{"loc":{"start":{"line":105,"column":2},"end":{"line":107,"column":3}},"type":"if","locations":[{"start":{"line":105,"column":2},"end":{"line":107,"column":3}},{"start":{},"end":{}}],"line":105},"9":{"loc":{"start":{"line":110,"column":2},"end":{"line":112,"column":3}},"type":"if","locations":[{"start":{"line":110,"column":2},"end":{"line":112,"column":3}},{"start":{},"end":{}}],"line":110}},"s":{"0":0,"1":0,"2":0,"3":0,"4":0,"5":0,"6":0,"7":0,"8":0,"9":0,"10":0,"11":0,"12":0,"13":0,"14":0,"15":0,"16":0,"17":0,"18":0,"19":0,"20":0,"21":0,"22":0,"23":0,"24":0,"25":0,"26":0,"27":0,"28":0,"29":0,"30":0,"31":0,"32":0,"33":0,"34":0,"35":0,"36":0,"37":0,"38":0,"39":0,"40":0,"41":0,"42":0,"43":0,"44":0,"45":0,"46":0,"47":0,"48":0},"f":{"0":0,"1":0,"2":0,"3":0,"4":0,"5":0,"6":0,"7":0,"8":0,"9":0,"10":0},"b":{"0":[0,0],"1":[0,0],"2":[0,0],"3":[0,0],"4":[0,0],"5":[0,0],"6":[0,0],"7":[0,0],"8":[0,0],"9":[0,0]}}
,"/Users/Other/cbr-ai-coach/src/index.tsx": {"path":"/Users/Other/cbr-ai-coach/src/index.tsx","statementMap":{"0":{"start":{"line":11,"column":13},"end":{"line":13,"column":1}},"1":{"start":{"line":14,"column":0},"end":{"line":20,"column":2}},"2":{"start":{"line":23,"column":0},"end":{"line":30,"column":3}},"3":{"start":{"line":25,"column":4},"end":{"line":25,"column":51}},"4":{"start":{"line":28,"column":4},"end":{"line":28,"column":60}},"5":{"start":{"line":33,"column":0},"end":{"line":33,"column":38}},"6":{"start":{"line":34,"column":0},"end":{"line":34,"column":41}},"7":{"start":{"line":39,"column":0},"end":{"line":39,"column":18}}},"fnMap":{"0":{"name":"(anonymous_0)","decl":{"start":{"line":24,"column":13},"end":{"line":24,"column":14}},"loc":{"start":{"line":24,"column":19},"end":{"line":26,"column":3}},"line":24},"1":{"name":"(anonymous_1)","decl":{"start":{"line":27,"column":12},"end":{"line":27,"column":13}},"loc":{"start":{"line":27,"column":18},"end":{"line":29,"column":3}},"line":27}},"branchMap":{},"s":{"0":0,"1":0,"2":0,"3":0,"4":0,"5":0,"6":0,"7":0},"f":{"0":0,"1":0},"b":{}}
,"/Users/Other/cbr-ai-coach/src/reportWebVitals.ts": {"path":"/Users/Other/cbr-ai-coach/src/reportWebVitals.ts","statementMap":{"0":{"start":{"line":3,"column":24},"end":{"line":13,"column":1}},"1":{"start":{"line":4,"column":2},"end":{"line":12,"column":3}},"2":{"start":{"line":5,"column":4},"end":{"line":11,"column":7}},"3":{"start":{"line":6,"column":6},"end":{"line":6,"column":26}},"4":{"start":{"line":7,"column":6},"end":{"line":7,"column":26}},"5":{"start":{"line":8,"column":6},"end":{"line":8,"column":26}},"6":{"start":{"line":9,"column":6},"end":{"line":9,"column":26}},"7":{"start":{"line":10,"column":6},"end":{"line":10,"column":27}}},"fnMap":{"0":{"name":"(anonymous_0)","decl":{"start":{"line":3,"column":24},"end":{"line":3,"column":25}},"loc":{"start":{"line":3,"column":57},"end":{"line":13,"column":1}},"line":3},"1":{"name":"(anonymous_1)","decl":{"start":{"line":5,"column":30},"end":{"line":5,"column":31}},"loc":{"start":{"line":5,"column":79},"end":{"line":11,"column":5}},"line":5}},"branchMap":{"0":{"loc":{"start":{"line":4,"column":2},"end":{"line":12,"column":3}},"type":"if","locations":[{"start":{"line":4,"column":2},"end":{"line":12,"column":3}},{"start":{},"end":{}}],"line":4},"1":{"loc":{"start":{"line":4,"column":6},"end":{"line":4,"column":52}},"type":"binary-expr","locations":[{"start":{"line":4,"column":6},"end":{"line":4,"column":17}},{"start":{"line":4,"column":21},"end":{"line":4,"column":52}}],"line":4}},"s":{"0":0,"1":0,"2":0,"3":0,"4":0,"5":0,"6":0,"7":0},"f":{"0":0,"1":0},"b":{"0":[0,0],"1":[0,0]}}
,"/Users/Other/cbr-ai-coach/src/serviceWorkerRegistration.ts": {"path":"/Users/Other/cbr-ai-coach/src/serviceWorkerRegistration.ts","statementMap":{"0":{"start":{"line":3,"column":20},"end":{"line":9,"column":1}},"1":{"start":{"line":17,"column":2},"end":{"line":35,"column":3}},"2":{"start":{"line":18,"column":22},"end":{"line":18,"column":81}},"3":{"start":{"line":19,"column":4},"end":{"line":21,"column":5}},"4":{"start":{"line":20,"column":6},"end":{"line":20,"column":13}},"5":{"start":{"line":23,"column":4},"end":{"line":34,"column":7}},"6":{"start":{"line":24,"column":20},"end":{"line":24,"column":53}},"7":{"start":{"line":26,"column":6},"end":{"line":33,"column":7}},"8":{"start":{"line":27,"column":8},"end":{"line":27,"column":47}},"9":{"start":{"line":28,"column":8},"end":{"line":30,"column":11}},"10":{"start":{"line":29,"column":10},"end":{"line":29,"column":63}},"11":{"start":{"line":32,"column":8},"end":{"line":32,"column":39}},"12":{"start":{"line":39,"column":2},"end":{"line":68,"column":7}},"13":{"start":{"line":42,"column":6},"end":{"line":42,"column":64}},"14":{"start":{"line":44,"column":6},"end":{"line":64,"column":8}},"15":{"start":{"line":45,"column":33},"end":{"line":45,"column":56}},"16":{"start":{"line":46,"column":8},"end":{"line":48,"column":9}},"17":{"start":{"line":47,"column":10},"end":{"line":47,"column":17}},"18":{"start":{"line":49,"column":8},"end":{"line":63,"column":10}},"19":{"start":{"line":50,"column":10},"end":{"line":62,"column":11}},"20":{"start":{"line":51,"column":12},"end":{"line":61,"column":13}},"21":{"start":{"line":52,"column":14},"end":{"line":52,"column":70}},"22":{"start":{"line":53,"column":14},"end":{"line":55,"column":15}},"23":{"start":{"line":54,"column":16},"end":{"line":54,"column":46}},"24":{"start":{"line":57,"column":14},"end":{"line":57,"column":79}},"25":{"start":{"line":58,"column":14},"end":{"line":60,"column":15}},"26":{"start":{"line":59,"column":16},"end":{"line":59,"column":47}},"27":{"start":{"line":67,"column":6},"end":{"line":67,"column":69}},"28":{"start":{"line":72,"column":2},"end":{"line":92,"column":7}},"29":{"start":{"line":76,"column":26},"end":{"line":76,"column":62}},"30":{"start":{"line":77,"column":6},"end":{"line":88,"column":7}},"31":{"start":{"line":81,"column":8},"end":{"line":85,"column":11}},"32":{"start":{"line":82,"column":10},"end":{"line":84,"column":13}},"33":{"start":{"line":83,"column":12},"end":{"line":83,"column":37}},"34":{"start":{"line":87,"column":8},"end":{"line":87,"column":39}},"35":{"start":{"line":91,"column":6},"end":{"line":91,"column":69}},"36":{"start":{"line":96,"column":2},"end":{"line":104,"column":3}},"37":{"start":{"line":97,"column":4},"end":{"line":103,"column":9}},"38":{"start":{"line":99,"column":8},"end":{"line":99,"column":34}},"39":{"start":{"line":102,"column":8},"end":{"line":102,"column":73}},"40":{"start":{"line":111,"column":2},"end":{"line":134,"column":5}},"41":{"start":{"line":112,"column":4},"end":{"line":112,"column":52}},"42":{"start":{"line":113,"column":4},"end":{"line":113,"column":23}},"43":{"start":{"line":114,"column":4},"end":{"line":114,"column":23}},"44":{"start":{"line":117,"column":26},"end":{"line":117,"column":67}},"45":{"start":{"line":118,"column":4},"end":{"line":133,"column":5}},"46":{"start":{"line":119,"column":6},"end":{"line":119,"column":44}},"47":{"start":{"line":120,"column":6},"end":{"line":132,"column":9}},"48":{"start":{"line":121,"column":8},"end":{"line":131,"column":9}},"49":{"start":{"line":122,"column":10},"end":{"line":122,"column":34}},"50":{"start":{"line":123,"column":10},"end":{"line":130,"column":13}},"51":{"start":{"line":124,"column":12},"end":{"line":128,"column":13}},"52":{"start":{"line":125,"column":14},"end":{"line":125,"column":59}},"53":{"start":{"line":127,"column":14},"end":{"line":127,"column":60}},"54":{"start":{"line":129,"column":12},"end":{"line":129,"column":34}},"55":{"start":{"line":136,"column":2},"end":{"line":139,"column":5}},"56":{"start":{"line":137,"column":4},"end":{"line":137,"column":54}},"57":{"start":{"line":138,"column":4},"end":{"line":138,"column":26}},"58":{"start":{"line":144,"column":29},"end":{"line":157,"column":3}},"59":{"start":{"line":145,"column":21},"end":{"line":145,"column":37}},"60":{"start":{"line":146,"column":26},"end":{"line":146,"column":67}},"61":{"start":{"line":148,"column":4},"end":{"line":156,"column":5}},"62":{"start":{"line":149,"column":6},"end":{"line":155,"column":7}},"63":{"start":{"line":150,"column":8},"end":{"line":150,"column":45}},"64":{"start":{"line":151,"column":8},"end":{"line":151,"column":39}},"65":{"start":{"line":153,"column":8},"end":{"line":153,"column":46}},"66":{"start":{"line":154,"column":8},"end":{"line":154,"column":88}},"67":{"start":{"line":159,"column":2},"end":{"line":159,"column":56}},"68":{"start":{"line":160,"column":2},"end":{"line":160,"column":57}},"69":{"start":{"line":161,"column":2},"end":{"line":161,"column":23}},"70":{"start":{"line":166,"column":2},"end":{"line":174,"column":3}},"71":{"start":{"line":167,"column":21},"end":{"line":171,"column":5}},"72":{"start":{"line":173,"column":4},"end":{"line":173,"column":38}},"73":{"start":{"line":179,"column":2},"end":{"line":182,"column":5}},"74":{"start":{"line":180,"column":4},"end":{"line":180,"column":44}},"75":{"start":{"line":181,"column":4},"end":{"line":181,"column":35}},"76":{"start":{"line":184,"column":2},"end":{"line":186,"column":5}},"77":{"start":{"line":185,"column":4},"end":{"line":185,"column":41}},"78":{"start":{"line":188,"column":2},"end":{"line":190,"column":5}},"79":{"start":{"line":189,"column":4},"end":{"line":189,"column":41}},"80":{"start":{"line":195,"column":15},"end":{"line":195,"column":16}},"81":{"start":{"line":196,"column":17},"end":{"line":196,"column":18}},"82":{"start":{"line":197,"column":18},"end":{"line":197,"column":23}},"83":{"start":{"line":199,"column":2},"end":{"line":204,"column":5}},"84":{"start":{"line":200,"column":4},"end":{"line":203,"column":5}},"85":{"start":{"line":201,"column":6},"end":{"line":201,"column":36}},"86":{"start":{"line":202,"column":6},"end":{"line":202,"column":23}},"87":{"start":{"line":206,"column":2},"end":{"line":218,"column":5}},"88":{"start":{"line":207,"column":4},"end":{"line":217,"column":5}},"89":{"start":{"line":208,"column":6},"end":{"line":208,"column":38}},"90":{"start":{"line":209,"column":27},"end":{"line":209,"column":44}},"91":{"start":{"line":211,"column":6},"end":{"line":216,"column":7}},"92":{"start":{"line":213,"column":8},"end":{"line":213,"column":19}},"93":{"start":{"line":214,"column":8},"end":{"line":214,"column":26}},"94":{"start":{"line":215,"column":8},"end":{"line":215,"column":40}},"95":{"start":{"line":220,"column":2},"end":{"line":222,"column":5}},"96":{"start":{"line":221,"column":4},"end":{"line":221,"column":22}}},"fnMap":{"0":{"name":"register","decl":{"start":{"line":16,"column":16},"end":{"line":16,"column":24}},"loc":{"start":{"line":16,"column":42},"end":{"line":36,"column":1}},"line":16},"1":{"name":"(anonymous_1)","decl":{"start":{"line":23,"column":36},"end":{"line":23,"column":37}},"loc":{"start":{"line":23,"column":42},"end":{"line":34,"column":5}},"line":23},"2":{"name":"(anonymous_2)","decl":{"start":{"line":28,"column":43},"end":{"line":28,"column":44}},"loc":{"start":{"line":28,"column":49},"end":{"line":30,"column":9}},"line":28},"3":{"name":"registerValidSW","decl":{"start":{"line":38,"column":9},"end":{"line":38,"column":24}},"loc":{"start":{"line":38,"column":57},"end":{"line":69,"column":1}},"line":38},"4":{"name":"(anonymous_4)","decl":{"start":{"line":41,"column":10},"end":{"line":41,"column":11}},"loc":{"start":{"line":41,"column":28},"end":{"line":65,"column":5}},"line":41},"5":{"name":"(anonymous_5)","decl":{"start":{"line":44,"column":35},"end":{"line":44,"column":36}},"loc":{"start":{"line":44,"column":41},"end":{"line":64,"column":7}},"line":44},"6":{"name":"(anonymous_6)","decl":{"start":{"line":49,"column":41},"end":{"line":49,"column":42}},"loc":{"start":{"line":49,"column":47},"end":{"line":63,"column":9}},"line":49},"7":{"name":"(anonymous_7)","decl":{"start":{"line":66,"column":11},"end":{"line":66,"column":12}},"loc":{"start":{"line":66,"column":22},"end":{"line":68,"column":5}},"line":66},"8":{"name":"checkValidServiceWorker","decl":{"start":{"line":71,"column":9},"end":{"line":71,"column":32}},"loc":{"start":{"line":71,"column":65},"end":{"line":93,"column":1}},"line":71},"9":{"name":"(anonymous_9)","decl":{"start":{"line":75,"column":10},"end":{"line":75,"column":11}},"loc":{"start":{"line":75,"column":24},"end":{"line":89,"column":5}},"line":75},"10":{"name":"(anonymous_10)","decl":{"start":{"line":81,"column":43},"end":{"line":81,"column":44}},"loc":{"start":{"line":81,"column":61},"end":{"line":85,"column":9}},"line":81},"11":{"name":"(anonymous_11)","decl":{"start":{"line":82,"column":41},"end":{"line":82,"column":42}},"loc":{"start":{"line":82,"column":47},"end":{"line":84,"column":11}},"line":82},"12":{"name":"(anonymous_12)","decl":{"start":{"line":90,"column":11},"end":{"line":90,"column":12}},"loc":{"start":{"line":90,"column":17},"end":{"line":92,"column":5}},"line":90},"13":{"name":"unregister","decl":{"start":{"line":95,"column":16},"end":{"line":95,"column":26}},"loc":{"start":{"line":95,"column":29},"end":{"line":105,"column":1}},"line":95},"14":{"name":"(anonymous_14)","decl":{"start":{"line":98,"column":12},"end":{"line":98,"column":13}},"loc":{"start":{"line":98,"column":30},"end":{"line":100,"column":7}},"line":98},"15":{"name":"(anonymous_15)","decl":{"start":{"line":101,"column":13},"end":{"line":101,"column":14}},"loc":{"start":{"line":101,"column":24},"end":{"line":103,"column":7}},"line":101},"16":{"name":"registerInstallPrompt","decl":{"start":{"line":110,"column":16},"end":{"line":110,"column":37}},"loc":{"start":{"line":110,"column":40},"end":{"line":140,"column":1}},"line":110},"17":{"name":"(anonymous_17)","decl":{"start":{"line":111,"column":49},"end":{"line":111,"column":50}},"loc":{"start":{"line":111,"column":56},"end":{"line":134,"column":3}},"line":111},"18":{"name":"(anonymous_18)","decl":{"start":{"line":120,"column":46},"end":{"line":120,"column":47}},"loc":{"start":{"line":120,"column":52},"end":{"line":132,"column":7}},"line":120},"19":{"name":"(anonymous_19)","decl":{"start":{"line":123,"column":41},"end":{"line":123,"column":42}},"loc":{"start":{"line":123,"column":64},"end":{"line":130,"column":11}},"line":123},"20":{"name":"(anonymous_20)","decl":{"start":{"line":136,"column":42},"end":{"line":136,"column":43}},"loc":{"start":{"line":136,"column":48},"end":{"line":139,"column":3}},"line":136},"21":{"name":"registerOfflineDetection","decl":{"start":{"line":143,"column":16},"end":{"line":143,"column":40}},"loc":{"start":{"line":143,"column":43},"end":{"line":162,"column":1}},"line":143},"22":{"name":"(anonymous_22)","decl":{"start":{"line":144,"column":29},"end":{"line":144,"column":30}},"loc":{"start":{"line":144,"column":35},"end":{"line":157,"column":3}},"line":144},"23":{"name":"triggerHapticFeedback","decl":{"start":{"line":165,"column":16},"end":{"line":165,"column":37}},"loc":{"start":{"line":165,"column":84},"end":{"line":175,"column":1}},"line":165},"24":{"name":"addTouchFeedback","decl":{"start":{"line":178,"column":16},"end":{"line":178,"column":32}},"loc":{"start":{"line":178,"column":55},"end":{"line":191,"column":1}},"line":178},"25":{"name":"(anonymous_25)","decl":{"start":{"line":179,"column":41},"end":{"line":179,"column":42}},"loc":{"start":{"line":179,"column":47},"end":{"line":182,"column":3}},"line":179},"26":{"name":"(anonymous_26)","decl":{"start":{"line":184,"column":39},"end":{"line":184,"column":40}},"loc":{"start":{"line":184,"column":45},"end":{"line":186,"column":3}},"line":184},"27":{"name":"(anonymous_27)","decl":{"start":{"line":188,"column":42},"end":{"line":188,"column":43}},"loc":{"start":{"line":188,"column":48},"end":{"line":190,"column":3}},"line":188},"28":{"name":"registerPullToRefresh","decl":{"start":{"line":194,"column":16},"end":{"line":194,"column":37}},"loc":{"start":{"line":194,"column":60},"end":{"line":223,"column":1}},"line":194},"29":{"name":"(anonymous_29)","decl":{"start":{"line":199,"column":42},"end":{"line":199,"column":43}},"loc":{"start":{"line":199,"column":49},"end":{"line":204,"column":3}},"line":199},"30":{"name":"(anonymous_30)","decl":{"start":{"line":206,"column":41},"end":{"line":206,"column":42}},"loc":{"start":{"line":206,"column":48},"end":{"line":218,"column":3}},"line":206},"31":{"name":"(anonymous_31)","decl":{"start":{"line":220,"column":40},"end":{"line":220,"column":41}},"loc":{"start":{"line":220,"column":46},"end":{"line":222,"column":3}},"line":220}},"branchMap":{"0":{"loc":{"start":{"line":4,"column":2},"end":{"line":8,"column":3}},"type":"binary-expr","locations":[{"start":{"line":4,"column":2},"end":{"line":4,"column":42}},{"start":{"line":5,"column":2},"end":{"line":5,"column":38}},{"start":{"line":6,"column":2},"end":{"line":8,"column":3}}],"line":4},"1":{"loc":{"start":{"line":17,"column":2},"end":{"line":35,"column":3}},"type":"if","locations":[{"start":{"line":17,"column":2},"end":{"line":35,"column":3}},{"start":{},"end":{}}],"line":17},"2":{"loc":{"start":{"line":18,"column":30},"end":{"line":18,"column":58}},"type":"binary-expr","locations":[{"start":{"line":18,"column":30},"end":{"line":18,"column":52}},{"start":{"line":18,"column":56},"end":{"line":18,"column":58}}],"line":18},"3":{"loc":{"start":{"line":19,"column":4},"end":{"line":21,"column":5}},"type":"if","locations":[{"start":{"line":19,"column":4},"end":{"line":21,"column":5}},{"start":{},"end":{}}],"line":19},"4":{"loc":{"start":{"line":26,"column":6},"end":{"line":33,"column":7}},"type":"if","locations":[{"start":{"line":26,"column":6},"end":{"line":33,"column":7}},{"start":{"line":31,"column":13},"end":{"line":33,"column":7}}],"line":26},"5":{"loc":{"start":{"line":46,"column":8},"end":{"line":48,"column":9}},"type":"if","locations":[{"start":{"line":46,"column":8},"end":{"line":48,"column":9}},{"start":{},"end":{}}],"line":46},"6":{"loc":{"start":{"line":50,"column":10},"end":{"line":62,"column":11}},"type":"if","locations":[{"start":{"line":50,"column":10},"end":{"line":62,"column":11}},{"start":{},"end":{}}],"line":50},"7":{"loc":{"start":{"line":51,"column":12},"end":{"line":61,"column":13}},"type":"if","locations":[{"start":{"line":51,"column":12},"end":{"line":61,"column":13}},{"start":{"line":56,"column":19},"end":{"line":61,"column":13}}],"line":51},"8":{"loc":{"start":{"line":53,"column":14},"end":{"line":55,"column":15}},"type":"if","locations":[{"start":{"line":53,"column":14},"end":{"line":55,"column":15}},{"start":{},"end":{}}],"line":53},"9":{"loc":{"start":{"line":53,"column":18},"end":{"line":53,"column":43}},"type":"binary-expr","locations":[{"start":{"line":53,"column":18},"end":{"line":53,"column":24}},{"start":{"line":53,"column":28},"end":{"line":53,"column":43}}],"line":53},"10":{"loc":{"start":{"line":58,"column":14},"end":{"line":60,"column":15}},"type":"if","locations":[{"start":{"line":58,"column":14},"end":{"line":60,"column":15}},{"start":{},"end":{}}],"line":58},"11":{"loc":{"start":{"line":58,"column":18},"end":{"line":58,"column":44}},"type":"binary-expr","locations":[{"start":{"line":58,"column":18},"end":{"line":58,"column":24}},{"start":{"line":58,"column":28},"end":{"line":58,"column":44}}],"line":58},"12":{"loc":{"start":{"line":77,"column":6},"end":{"line":88,"column":7}},"type":"if","locations":[{"start":{"line":77,"column":6},"end":{"line":88,"column":7}},{"start":{"line":86,"column":13},"end":{"line":88,"column":7}}],"line":77},"13":{"loc":{"start":{"line":78,"column":8},"end":{"line":79,"column":73}},"type":"binary-expr","locations":[{"start":{"line":78,"column":8},"end":{"line":78,"column":31}},{"start":{"line":79,"column":9},"end":{"line":79,"column":28}},{"start":{"line":79,"column":32},"end":{"line":79,"column":72}}],"line":78},"14":{"loc":{"start":{"line":96,"column":2},"end":{"line":104,"column":3}},"type":"if","locations":[{"start":{"line":96,"column":2},"end":{"line":104,"column":3}},{"start":{},"end":{}}],"line":96},"15":{"loc":{"start":{"line":118,"column":4},"end":{"line":133,"column":5}},"type":"if","locations":[{"start":{"line":118,"column":4},"end":{"line":133,"column":5}},{"start":{},"end":{}}],"line":118},"16":{"loc":{"start":{"line":121,"column":8},"end":{"line":131,"column":9}},"type":"if","locations":[{"start":{"line":121,"column":8},"end":{"line":131,"column":9}},{"start":{},"end":{}}],"line":121},"17":{"loc":{"start":{"line":124,"column":12},"end":{"line":128,"column":13}},"type":"if","locations":[{"start":{"line":124,"column":12},"end":{"line":128,"column":13}},{"start":{"line":126,"column":19},"end":{"line":128,"column":13}}],"line":124},"18":{"loc":{"start":{"line":148,"column":4},"end":{"line":156,"column":5}},"type":"if","locations":[{"start":{"line":148,"column":4},"end":{"line":156,"column":5}},{"start":{},"end":{}}],"line":148},"19":{"loc":{"start":{"line":149,"column":6},"end":{"line":155,"column":7}},"type":"if","locations":[{"start":{"line":149,"column":6},"end":{"line":155,"column":7}},{"start":{"line":152,"column":13},"end":{"line":155,"column":7}}],"line":149},"20":{"loc":{"start":{"line":165,"column":38},"end":{"line":165,"column":82}},"type":"default-arg","locations":[{"start":{"line":165,"column":75},"end":{"line":165,"column":82}}],"line":165},"21":{"loc":{"start":{"line":166,"column":2},"end":{"line":174,"column":3}},"type":"if","locations":[{"start":{"line":166,"column":2},"end":{"line":174,"column":3}},{"start":{},"end":{}}],"line":166},"22":{"loc":{"start":{"line":200,"column":4},"end":{"line":203,"column":5}},"type":"if","locations":[{"start":{"line":200,"column":4},"end":{"line":203,"column":5}},{"start":{},"end":{}}],"line":200},"23":{"loc":{"start":{"line":207,"column":4},"end":{"line":217,"column":5}},"type":"if","locations":[{"start":{"line":207,"column":4},"end":{"line":217,"column":5}},{"start":{},"end":{}}],"line":207},"24":{"loc":{"start":{"line":211,"column":6},"end":{"line":216,"column":7}},"type":"if","locations":[{"start":{"line":211,"column":6},"end":{"line":216,"column":7}},{"start":{},"end":{}}],"line":211}},"s":{"0":0,"1":0,"2":0,"3":0,"4":0,"5":0,"6":0,"7":0,"8":0,"9":0,"10":0,"11":0,"12":0,"13":0,"14":0,"15":0,"16":0,"17":0,"18":0,"19":0,"20":0,"21":0,"22":0,"23":0,"24":0,"25":0,"26":0,"27":0,"28":0,"29":0,"30":0,"31":0,"32":0,"33":0,"34":0,"35":0,"36":0,"37":0,"38":0,"39":0,"40":0,"41":0,"42":0,"43":0,"44":0,"45":0,"46":0,"47":0,"48":0,"49":0,"50":0,"51":0,"52":0,"53":0,"54":0,"55":0,"56":0,"57":0,"58":0,"59":0,"60":0,"61":0,"62":0,"63":0,"64":0,"65":0,"66":0,"67":0,"68":0,"69":0,"70":0,"71":0,"72":0,"73":0,"74":0,"75":0,"76":0,"77":0,"78":0,"79":0,"80":0,"81":0,"82":0,"83":0,"84":0,"85":0,"86":0,"87":0,"88":0,"89":0,"90":0,"91":0,"92":0,"93":0,"94":0,"95":0,"96":0},"f":{"0":0,"1":0,"2":0,"3":0,"4":0,"5":0,"6":0,"7":0,"8":0,"9":0,"10":0,"11":0,"12":0,"13":0,"14":0,"15":0,"16":0,"17":0,"18":0,"19":0,"20":0,"21":0,"22":0,"23":0,"24":0,"25":0,"26":0,"27":0,"28":0,"29":0,"30":0,"31":0},"b":{"0":[0,0,0],"1":[0,0],"2":[0,0],"3":[0,0],"4":[0,0],"5":[0,0],"6":[0,0],"7":[0,0],"8":[0,0],"9":[0,0],"10":[0,0],"11":[0,0],"12":[0,0],"13":[0,0,0],"14":[0,0],"15":[0,0],"16":[0,0],"17":[0,0],"18":[0,0],"19":[0,0],"20":[0],"21":[0,0],"22":[0,0],"23":[0,0],"24":[0,0]}}
,"/Users/Other/cbr-ai-coach/src/types_i18n.ts": {"path":"/Users/Other/cbr-ai-coach/src/types_i18n.ts","statementMap":{},"fnMap":{},"branchMap":{},"s":{},"f":{},"b":{}}
,"/Users/Other/cbr-ai-coach/src/components/AICoachAnalysis.tsx": {"path":"/Users/Other/cbr-ai-coach/src/components/AICoachAnalysis.tsx","statementMap":{"0":{"start":{"line":23,"column":41},"end":{"line":179,"column":1}},"1":{"start":{"line":24,"column":19},"end":{"line":24,"column":32}},"2":{"start":{"line":25,"column":48},"end":{"line":25,"column":78}},"3":{"start":{"line":26,"column":38},"end":{"line":26,"column":71}},"4":{"start":{"line":28,"column":2},"end":{"line":71,"column":9}},"5":{"start":{"line":30,"column":43},"end":{"line":55,"column":5}},"6":{"start":{"line":57,"column":37},"end":{"line":67,"column":5}},"7":{"start":{"line":69,"column":4},"end":{"line":69,"column":37}},"8":{"start":{"line":70,"column":4},"end":{"line":70,"column":32}},"9":{"start":{"line":73,"column":2},"end":{"line":178,"column":4}},"10":{"start":{"line":86,"column":29},"end":{"line":86,"column":42}},"11":{"start":{"line":122,"column":14},"end":{"line":141,"column":20}},"12":{"start":{"line":151,"column":18},"end":{"line":154,"column":24}},"13":{"start":{"line":164,"column":29},"end":{"line":164,"column":57}},"14":{"start":{"line":170,"column":29},"end":{"line":170,"column":42}}},"fnMap":{"0":{"name":"(anonymous_0)","decl":{"start":{"line":23,"column":41},"end":{"line":23,"column":42}},"loc":{"start":{"line":23,"column":47},"end":{"line":179,"column":1}},"line":23},"1":{"name":"(anonymous_1)","decl":{"start":{"line":28,"column":12},"end":{"line":28,"column":13}},"loc":{"start":{"line":28,"column":18},"end":{"line":71,"column":3}},"line":28},"2":{"name":"(anonymous_2)","decl":{"start":{"line":86,"column":23},"end":{"line":86,"column":24}},"loc":{"start":{"line":86,"column":29},"end":{"line":86,"column":42}},"line":86},"3":{"name":"(anonymous_3)","decl":{"start":{"line":121,"column":33},"end":{"line":121,"column":34}},"loc":{"start":{"line":122,"column":14},"end":{"line":141,"column":20}},"line":122},"4":{"name":"(anonymous_4)","decl":{"start":{"line":150,"column":48},"end":{"line":150,"column":49}},"loc":{"start":{"line":151,"column":18},"end":{"line":154,"column":24}},"line":151},"5":{"name":"(anonymous_5)","decl":{"start":{"line":164,"column":23},"end":{"line":164,"column":24}},"loc":{"start":{"line":164,"column":29},"end":{"line":164,"column":57}},"line":164},"6":{"name":"(anonymous_6)","decl":{"start":{"line":170,"column":23},"end":{"line":170,"column":24}},"loc":{"start":{"line":170,"column":29},"end":{"line":170,"column":42}},"line":170}},"branchMap":{"0":{"loc":{"start":{"line":93,"column":11},"end":{"line":116,"column":11}},"type":"binary-expr","locations":[{"start":{"line":93,"column":11},"end":{"line":93,"column":21}},{"start":{"line":94,"column":12},"end":{"line":115,"column":18}}],"line":93},"1":{"loc":{"start":{"line":146,"column":11},"end":{"line":158,"column":11}},"type":"binary-expr","locations":[{"start":{"line":146,"column":11},"end":{"line":146,"column":21}},{"start":{"line":147,"column":12},"end":{"line":157,"column":18}}],"line":146}},"s":{"0":0,"1":0,"2":0,"3":0,"4":0,"5":0,"6":0,"7":0,"8":0,"9":0,"10":0,"11":0,"12":0,"13":0,"14":0},"f":{"0":0,"1":0,"2":0,"3":0,"4":0,"5":0,"6":0},"b":{"0":[0,0],"1":[0,0]}}
,"/Users/Other/cbr-ai-coach/src/components/AICoachDashboard.tsx": {"path":"/Users/Other/cbr-ai-coach/src/components/AICoachDashboard.tsx","statementMap":{"0":{"start":{"line":21,"column":42},"end":{"line":372,"column":1}},"1":{"start":{"line":22,"column":19},"end":{"line":22,"column":32}},"2":{"start":{"line":23,"column":16},"end":{"line":23,"column":32}},"3":{"start":{"line":25,"column":42},"end":{"line":32,"column":4}},"4":{"start":{"line":34,"column":38},"end":{"line":34,"column":63}},"5":{"start":{"line":35,"column":40},"end":{"line":35,"column":55}},"6":{"start":{"line":36,"column":34},"end":{"line":36,"column":63}},"7":{"start":{"line":37,"column":54},"end":{"line":37,"column":69}},"8":{"start":{"line":39,"column":2},"end":{"line":100,"column":9}},"9":{"start":{"line":41,"column":26},"end":{"line":41,"column":58}},"10":{"start":{"line":42,"column":4},"end":{"line":54,"column":5}},"11":{"start":{"line":43,"column":26},"end":{"line":43,"column":49}},"12":{"start":{"line":44,"column":20},"end":{"line":44,"column":30}},"13":{"start":{"line":45,"column":6},"end":{"line":45,"column":33}},"14":{"start":{"line":47,"column":6},"end":{"line":53,"column":7}},"15":{"start":{"line":49,"column":8},"end":{"line":49,"column":44}},"16":{"start":{"line":50,"column":8},"end":{"line":50,"column":36}},"17":{"start":{"line":52,"column":8},"end":{"line":52,"column":35}},"18":{"start":{"line":57,"column":30},"end":{"line":97,"column":5}},"19":{"start":{"line":58,"column":6},"end":{"line":96,"column":7}},"20":{"start":{"line":60,"column":28},"end":{"line":60,"column":52}},"21":{"start":{"line":61,"column":26},"end":{"line":61,"column":48}},"22":{"start":{"line":62,"column":29},"end":{"line":62,"column":57}},"23":{"start":{"line":64,"column":8},"end":{"line":69,"column":11}},"24":{"start":{"line":71,"column":39},"end":{"line":78,"column":9}},"25":{"start":{"line":74,"column":57},"end":{"line":74,"column":70}},"26":{"start":{"line":80,"column":29},"end":{"line":80,"column":52}},"27":{"start":{"line":82,"column":8},"end":{"line":82,"column":34}},"28":{"start":{"line":83,"column":8},"end":{"line":83,"column":36}},"29":{"start":{"line":85,"column":8},"end":{"line":85,"column":62}},"30":{"start":{"line":87,"column":8},"end":{"line":94,"column":11}},"31":{"start":{"line":95,"column":8},"end":{"line":95,"column":26}},"32":{"start":{"line":99,"column":4},"end":{"line":99,"column":24}},"33":{"start":{"line":102,"column":24},"end":{"line":130,"column":3}},"34":{"start":{"line":104,"column":4},"end":{"line":104,"column":60}},"35":{"start":{"line":104,"column":33},"end":{"line":104,"column":58}},"36":{"start":{"line":107,"column":24},"end":{"line":107,"column":48}},"37":{"start":{"line":108,"column":22},"end":{"line":108,"column":44}},"38":{"start":{"line":109,"column":25},"end":{"line":109,"column":53}},"39":{"start":{"line":111,"column":4},"end":{"line":116,"column":7}},"40":{"start":{"line":118,"column":35},"end":{"line":125,"column":5}},"41":{"start":{"line":121,"column":53},"end":{"line":121,"column":66}},"42":{"start":{"line":127,"column":25},"end":{"line":127,"column":48}},"43":{"start":{"line":128,"column":4},"end":{"line":128,"column":30}},"44":{"start":{"line":129,"column":4},"end":{"line":129,"column":32}},"45":{"start":{"line":134,"column":27},"end":{"line":167,"column":3}},"46":{"start":{"line":135,"column":25},"end":{"line":135,"column":50}},"47":{"start":{"line":136,"column":22},"end":{"line":136,"column":44}},"48":{"start":{"line":137,"column":27},"end":{"line":137,"column":54}},"49":{"start":{"line":146,"column":23},"end":{"line":146,"column":46}},"50":{"start":{"line":149,"column":26},"end":{"line":149,"column":71}},"51":{"start":{"line":152,"column":28},"end":{"line":152,"column":56}},"52":{"start":{"line":153,"column":28},"end":{"line":153,"column":92}},"53":{"start":{"line":153,"column":61},"end":{"line":153,"column":84}},"54":{"start":{"line":154,"column":26},"end":{"line":154,"column":59}},"55":{"start":{"line":156,"column":22},"end":{"line":156,"column":94}},"56":{"start":{"line":159,"column":4},"end":{"line":159,"column":54}},"57":{"start":{"line":160,"column":4},"end":{"line":160,"column":51}},"58":{"start":{"line":161,"column":4},"end":{"line":161,"column":50}},"59":{"start":{"line":162,"column":4},"end":{"line":162,"column":56}},"60":{"start":{"line":163,"column":4},"end":{"line":163,"column":57}},"61":{"start":{"line":164,"column":4},"end":{"line":164,"column":65}},"62":{"start":{"line":166,"column":4},"end":{"line":166,"column":33}},"63":{"start":{"line":169,"column":29},"end":{"line":183,"column":3}},"64":{"start":{"line":171,"column":28},"end":{"line":171,"column":56}},"65":{"start":{"line":172,"column":27},"end":{"line":172,"column":28}},"66":{"start":{"line":173,"column":28},"end":{"line":173,"column":92}},"67":{"start":{"line":173,"column":61},"end":{"line":173,"column":84}},"68":{"start":{"line":176,"column":4},"end":{"line":178,"column":5}},"69":{"start":{"line":177,"column":6},"end":{"line":177,"column":73}},"70":{"start":{"line":181,"column":4},"end":{"line":181,"column":84}},"71":{"start":{"line":181,"column":26},"end":{"line":181,"column":84}},"72":{"start":{"line":182,"column":4},"end":{"line":182,"column":71}},"73":{"start":{"line":186,"column":21},"end":{"line":191,"column":3}},"74":{"start":{"line":187,"column":23},"end":{"line":187,"column":40}},"75":{"start":{"line":188,"column":20},"end":{"line":188,"column":57}},"76":{"start":{"line":190,"column":4},"end":{"line":190,"column":88}},"77":{"start":{"line":193,"column":27},"end":{"line":213,"column":3}},"78":{"start":{"line":194,"column":24},"end":{"line":194,"column":26}},"79":{"start":{"line":195,"column":22},"end":{"line":195,"column":71}},"80":{"start":{"line":196,"column":23},"end":{"line":196,"column":82}},"81":{"start":{"line":199,"column":22},"end":{"line":199,"column":24}},"82":{"start":{"line":200,"column":4},"end":{"line":210,"column":5}},"83":{"start":{"line":201,"column":6},"end":{"line":201,"column":44}},"84":{"start":{"line":202,"column":11},"end":{"line":210,"column":5}},"85":{"start":{"line":203,"column":6},"end":{"line":203,"column":38}},"86":{"start":{"line":204,"column":11},"end":{"line":210,"column":5}},"87":{"start":{"line":205,"column":6},"end":{"line":205,"column":40}},"88":{"start":{"line":206,"column":11},"end":{"line":210,"column":5}},"89":{"start":{"line":207,"column":6},"end":{"line":207,"column":36}},"90":{"start":{"line":209,"column":6},"end":{"line":209,"column":42}},"91":{"start":{"line":212,"column":4},"end":{"line":212,"column":50}},"92":{"start":{"line":215,"column":36},"end":{"line":225,"column":3}},"93":{"start":{"line":217,"column":4},"end":{"line":220,"column":5}},"94":{"start":{"line":218,"column":6},"end":{"line":218,"column":29}},"95":{"start":{"line":219,"column":6},"end":{"line":219,"column":13}},"96":{"start":{"line":223,"column":19},"end":{"line":223,"column":58}},"97":{"start":{"line":224,"column":4},"end":{"line":224,"column":36}},"98":{"start":{"line":227,"column":2},"end":{"line":371,"column":4}},"99":{"start":{"line":290,"column":16},"end":{"line":310,"column":22}},"100":{"start":{"line":303,"column":39},"end":{"line":303,"column":73}},"101":{"start":{"line":319,"column":29},"end":{"line":319,"column":49}},"102":{"start":{"line":342,"column":18},"end":{"line":342,"column":47}},"103":{"start":{"line":350,"column":18},"end":{"line":350,"column":47}},"104":{"start":{"line":352,"column":18},"end":{"line":352,"column":54}},"105":{"start":{"line":367,"column":25},"end":{"line":367,"column":46}}},"fnMap":{"0":{"name":"(anonymous_0)","decl":{"start":{"line":21,"column":42},"end":{"line":21,"column":43}},"loc":{"start":{"line":21,"column":48},"end":{"line":372,"column":1}},"line":21},"1":{"name":"(anonymous_1)","decl":{"start":{"line":39,"column":12},"end":{"line":39,"column":13}},"loc":{"start":{"line":39,"column":18},"end":{"line":100,"column":3}},"line":39},"2":{"name":"(anonymous_2)","decl":{"start":{"line":57,"column":30},"end":{"line":57,"column":31}},"loc":{"start":{"line":57,"column":36},"end":{"line":97,"column":5}},"line":57},"3":{"name":"(anonymous_3)","decl":{"start":{"line":74,"column":45},"end":{"line":74,"column":46}},"loc":{"start":{"line":74,"column":57},"end":{"line":74,"column":70}},"line":74},"4":{"name":"(anonymous_4)","decl":{"start":{"line":102,"column":24},"end":{"line":102,"column":25}},"loc":{"start":{"line":102,"column":36},"end":{"line":130,"column":3}},"line":102},"5":{"name":"(anonymous_5)","decl":{"start":{"line":104,"column":22},"end":{"line":104,"column":23}},"loc":{"start":{"line":104,"column":33},"end":{"line":104,"column":58}},"line":104},"6":{"name":"(anonymous_6)","decl":{"start":{"line":121,"column":41},"end":{"line":121,"column":42}},"loc":{"start":{"line":121,"column":53},"end":{"line":121,"column":66}},"line":121},"7":{"name":"(anonymous_7)","decl":{"start":{"line":134,"column":27},"end":{"line":134,"column":28}},"loc":{"start":{"line":134,"column":33},"end":{"line":167,"column":3}},"line":134},"8":{"name":"(anonymous_8)","decl":{"start":{"line":153,"column":51},"end":{"line":153,"column":52}},"loc":{"start":{"line":153,"column":61},"end":{"line":153,"column":84}},"line":153},"9":{"name":"(anonymous_9)","decl":{"start":{"line":169,"column":29},"end":{"line":169,"column":30}},"loc":{"start":{"line":169,"column":53},"end":{"line":183,"column":3}},"line":169},"10":{"name":"(anonymous_10)","decl":{"start":{"line":173,"column":51},"end":{"line":173,"column":52}},"loc":{"start":{"line":173,"column":61},"end":{"line":173,"column":84}},"line":173},"11":{"name":"(anonymous_11)","decl":{"start":{"line":186,"column":21},"end":{"line":186,"column":22}},"loc":{"start":{"line":186,"column":40},"end":{"line":191,"column":3}},"line":186},"12":{"name":"(anonymous_12)","decl":{"start":{"line":193,"column":27},"end":{"line":193,"column":28}},"loc":{"start":{"line":193,"column":33},"end":{"line":213,"column":3}},"line":193},"13":{"name":"(anonymous_13)","decl":{"start":{"line":215,"column":36},"end":{"line":215,"column":37}},"loc":{"start":{"line":215,"column":60},"end":{"line":225,"column":3}},"line":215},"14":{"name":"(anonymous_14)","decl":{"start":{"line":289,"column":30},"end":{"line":289,"column":31}},"loc":{"start":{"line":290,"column":16},"end":{"line":310,"column":22}},"line":290},"15":{"name":"(anonymous_15)","decl":{"start":{"line":303,"column":33},"end":{"line":303,"column":34}},"loc":{"start":{"line":303,"column":39},"end":{"line":303,"column":73}},"line":303},"16":{"name":"(anonymous_16)","decl":{"start":{"line":319,"column":23},"end":{"line":319,"column":24}},"loc":{"start":{"line":319,"column":29},"end":{"line":319,"column":49}},"line":319},"17":{"name":"(anonymous_17)","decl":{"start":{"line":341,"column":25},"end":{"line":341,"column":26}},"loc":{"start":{"line":341,"column":31},"end":{"line":343,"column":17}},"line":341},"18":{"name":"(anonymous_18)","decl":{"start":{"line":349,"column":25},"end":{"line":349,"column":26}},"loc":{"start":{"line":349,"column":31},"end":{"line":353,"column":17}},"line":349},"19":{"name":"(anonymous_19)","decl":{"start":{"line":367,"column":19},"end":{"line":367,"column":20}},"loc":{"start":{"line":367,"column":25},"end":{"line":367,"column":46}},"line":367}},"branchMap":{"0":{"loc":{"start":{"line":42,"column":4},"end":{"line":54,"column":5}},"type":"if","locations":[{"start":{"line":42,"column":4},"end":{"line":54,"column":5}},{"start":{},"end":{}}],"line":42},"1":{"loc":{"start":{"line":47,"column":6},"end":{"line":53,"column":7}},"type":"if","locations":[{"start":{"line":47,"column":6},"end":{"line":53,"column":7}},{"start":{"line":51,"column":13},"end":{"line":53,"column":7}}],"line":47},"2":{"loc":{"start":{"line":176,"column":4},"end":{"line":178,"column":5}},"type":"if","locations":[{"start":{"line":176,"column":4},"end":{"line":178,"column":5}},{"start":{},"end":{}}],"line":176},"3":{"loc":{"start":{"line":181,"column":4},"end":{"line":181,"column":84}},"type":"if","locations":[{"start":{"line":181,"column":4},"end":{"line":181,"column":84}},{"start":{},"end":{}}],"line":181},"4":{"loc":{"start":{"line":200,"column":4},"end":{"line":210,"column":5}},"type":"if","locations":[{"start":{"line":200,"column":4},"end":{"line":210,"column":5}},{"start":{"line":202,"column":11},"end":{"line":210,"column":5}}],"line":200},"5":{"loc":{"start":{"line":202,"column":11},"end":{"line":210,"column":5}},"type":"if","locations":[{"start":{"line":202,"column":11},"end":{"line":210,"column":5}},{"start":{"line":204,"column":11},"end":{"line":210,"column":5}}],"line":202},"6":{"loc":{"start":{"line":204,"column":11},"end":{"line":210,"column":5}},"type":"if","locations":[{"start":{"line":204,"column":11},"end":{"line":210,"column":5}},{"start":{"line":206,"column":11},"end":{"line":210,"column":5}}],"line":204},"7":{"loc":{"start":{"line":206,"column":11},"end":{"line":210,"column":5}},"type":"if","locations":[{"start":{"line":206,"column":11},"end":{"line":210,"column":5}},{"start":{"line":208,"column":11},"end":{"line":210,"column":5}}],"line":206},"8":{"loc":{"start":{"line":217,"column":4},"end":{"line":220,"column":5}},"type":"if","locations":[{"start":{"line":217,"column":4},"end":{"line":220,"column":5}},{"start":{},"end":{}}],"line":217},"9":{"loc":{"start":{"line":223,"column":19},"end":{"line":223,"column":58}},"type":"binary-expr","locations":[{"start":{"line":223,"column":19},"end":{"line":223,"column":33}},{"start":{"line":223,"column":37},"end":{"line":223,"column":58}}],"line":223},"10":{"loc":{"start":{"line":240,"column":19},"end":{"line":244,"column":19}},"type":"binary-expr","locations":[{"start":{"line":240,"column":19},"end":{"line":240,"column":27}},{"start":{"line":241,"column":20},"end":{"line":243,"column":26}}],"line":240},"11":{"loc":{"start":{"line":293,"column":21},"end":{"line":295,"column":21}},"type":"binary-expr","locations":[{"start":{"line":293,"column":21},"end":{"line":293,"column":40}},{"start":{"line":294,"column":22},"end":{"line":294,"column":82}}],"line":293},"12":{"loc":{"start":{"line":296,"column":21},"end":{"line":298,"column":21}},"type":"binary-expr","locations":[{"start":{"line":296,"column":21},"end":{"line":296,"column":38}},{"start":{"line":296,"column":42},"end":{"line":296,"column":63}},{"start":{"line":297,"column":22},"end":{"line":297,"column":111}}],"line":296},"13":{"loc":{"start":{"line":300,"column":21},"end":{"line":308,"column":21}},"type":"binary-expr","locations":[{"start":{"line":300,"column":21},"end":{"line":300,"column":54}},{"start":{"line":301,"column":22},"end":{"line":307,"column":31}}],"line":300},"14":{"loc":{"start":{"line":331,"column":7},"end":{"line":360,"column":7}},"type":"binary-expr","locations":[{"start":{"line":331,"column":7},"end":{"line":331,"column":25}},{"start":{"line":332,"column":8},"end":{"line":359,"column":14}}],"line":331},"15":{"loc":{"start":{"line":363,"column":7},"end":{"line":369,"column":7}},"type":"binary-expr","locations":[{"start":{"line":363,"column":7},"end":{"line":363,"column":18}},{"start":{"line":364,"column":8},"end":{"line":368,"column":10}}],"line":363}},"s":{"0":0,"1":0,"2":0,"3":0,"4":0,"5":0,"6":0,"7":0,"8":0,"9":0,"10":0,"11":0,"12":0,"13":0,"14":0,"15":0,"16":0,"17":0,"18":0,"19":0,"20":0,"21":0,"22":0,"23":0,"24":0,"25":0,"26":0,"27":0,"28":0,"29":0,"30":0,"31":0,"32":0,"33":0,"34":0,"35":0,"36":0,"37":0,"38":0,"39":0,"40":0,"41":0,"42":0,"43":0,"44":0,"45":0,"46":0,"47":0,"48":0,"49":0,"50":0,"51":0,"52":0,"53":0,"54":0,"55":0,"56":0,"57":0,"58":0,"59":0,"60":0,"61":0,"62":0,"63":0,"64":0,"65":0,"66":0,"67":0,"68":0,"69":0,"70":0,"71":0,"72":0,"73":0,"74":0,"75":0,"76":0,"77":0,"78":0,"79":0,"80":0,"81":0,"82":0,"83":0,"84":0,"85":0,"86":0,"87":0,"88":0,"89":0,"90":0,"91":0,"92":0,"93":0,"94":0,"95":0,"96":0,"97":0,"98":0,"99":0,"100":0,"101":0,"102":0,"103":0,"104":0,"105":0},"f":{"0":0,"1":0,"2":0,"3":0,"4":0,"5":0,"6":0,"7":0,"8":0,"9":0,"10":0,"11":0,"12":0,"13":0,"14":0,"15":0,"16":0,"17":0,"18":0,"19":0},"b":{"0":[0,0],"1":[0,0],"2":[0,0],"3":[0,0],"4":[0,0],"5":[0,0],"6":[0,0],"7":[0,0],"8":[0,0],"9":[0,0],"10":[0,0],"11":[0,0],"12":[0,0,0],"13":[0,0],"14":[0,0],"15":[0,0]}}
,"/Users/Other/cbr-ai-coach/src/components/AICoachRecommendations.tsx": {"path":"/Users/Other/cbr-ai-coach/src/components/AICoachRecommendations.tsx","statementMap":{"0":{"start":{"line":23,"column":48},"end":{"line":223,"column":1}},"1":{"start":{"line":24,"column":19},"end":{"line":24,"column":32}},"2":{"start":{"line":25,"column":48},"end":{"line":25,"column":83}},"3":{"start":{"line":26,"column":44},"end":{"line":26,"column":80}},"4":{"start":{"line":27,"column":36},"end":{"line":27,"column":58}},"5":{"start":{"line":29,"column":2},"end":{"line":86,"column":9}},"6":{"start":{"line":31,"column":55},"end":{"line":68,"column":5}},"7":{"start":{"line":70,"column":45},"end":{"line":74,"column":5}},"8":{"start":{"line":76,"column":26},"end":{"line":81,"column":5}},"9":{"start":{"line":83,"column":4},"end":{"line":83,"column":44}},"10":{"start":{"line":84,"column":4},"end":{"line":84,"column":40}},"11":{"start":{"line":85,"column":4},"end":{"line":85,"column":32}},"12":{"start":{"line":88,"column":27},"end":{"line":95,"column":3}},"13":{"start":{"line":89,"column":4},"end":{"line":94,"column":5}},"14":{"start":{"line":90,"column":19},"end":{"line":90,"column":36}},"15":{"start":{"line":91,"column":21},"end":{"line":91,"column":38}},"16":{"start":{"line":92,"column":18},"end":{"line":92,"column":35}},"17":{"start":{"line":93,"column":15},"end":{"line":93,"column":32}},"18":{"start":{"line":97,"column":27},"end":{"line":104,"column":3}},"19":{"start":{"line":98,"column":4},"end":{"line":103,"column":5}},"20":{"start":{"line":99,"column":19},"end":{"line":99,"column":45}},"21":{"start":{"line":100,"column":21},"end":{"line":100,"column":48}},"22":{"start":{"line":101,"column":18},"end":{"line":101,"column":42}},"23":{"start":{"line":102,"column":15},"end":{"line":102,"column":31}},"24":{"start":{"line":106,"column":2},"end":{"line":222,"column":4}},"25":{"start":{"line":123,"column":29},"end":{"line":123,"column":42}},"26":{"start":{"line":148,"column":16},"end":{"line":151,"column":22}},"27":{"start":{"line":160,"column":14},"end":{"line":200,"column":20}},"28":{"start":{"line":195,"column":24},"end":{"line":195,"column":82}},"29":{"start":{"line":208,"column":29},"end":{"line":208,"column":42}},"30":{"start":{"line":214,"column":29},"end":{"line":214,"column":42}}},"fnMap":{"0":{"name":"(anonymous_0)","decl":{"start":{"line":23,"column":48},"end":{"line":23,"column":49}},"loc":{"start":{"line":23,"column":54},"end":{"line":223,"column":1}},"line":23},"1":{"name":"(anonymous_1)","decl":{"start":{"line":29,"column":12},"end":{"line":29,"column":13}},"loc":{"start":{"line":29,"column":18},"end":{"line":86,"column":3}},"line":29},"2":{"name":"(anonymous_2)","decl":{"start":{"line":88,"column":27},"end":{"line":88,"column":28}},"loc":{"start":{"line":88,"column":49},"end":{"line":95,"column":3}},"line":88},"3":{"name":"(anonymous_3)","decl":{"start":{"line":97,"column":27},"end":{"line":97,"column":28}},"loc":{"start":{"line":97,"column":49},"end":{"line":104,"column":3}},"line":97},"4":{"name":"(anonymous_4)","decl":{"start":{"line":123,"column":23},"end":{"line":123,"column":24}},"loc":{"start":{"line":123,"column":29},"end":{"line":123,"column":42}},"line":123},"5":{"name":"(anonymous_5)","decl":{"start":{"line":147,"column":29},"end":{"line":147,"column":30}},"loc":{"start":{"line":148,"column":16},"end":{"line":151,"column":22}},"line":148},"6":{"name":"(anonymous_6)","decl":{"start":{"line":159,"column":33},"end":{"line":159,"column":34}},"loc":{"start":{"line":160,"column":14},"end":{"line":200,"column":20}},"line":160},"7":{"name":"(anonymous_7)","decl":{"start":{"line":194,"column":41},"end":{"line":194,"column":42}},"loc":{"start":{"line":195,"column":24},"end":{"line":195,"column":82}},"line":195},"8":{"name":"(anonymous_8)","decl":{"start":{"line":208,"column":23},"end":{"line":208,"column":24}},"loc":{"start":{"line":208,"column":29},"end":{"line":208,"column":42}},"line":208},"9":{"name":"(anonymous_9)","decl":{"start":{"line":214,"column":23},"end":{"line":214,"column":24}},"loc":{"start":{"line":214,"column":29},"end":{"line":214,"column":42}},"line":214}},"branchMap":{"0":{"loc":{"start":{"line":89,"column":4},"end":{"line":94,"column":5}},"type":"switch","locations":[{"start":{"line":90,"column":6},"end":{"line":90,"column":36}},{"start":{"line":91,"column":6},"end":{"line":91,"column":38}},{"start":{"line":92,"column":6},"end":{"line":92,"column":35}},{"start":{"line":93,"column":6},"end":{"line":93,"column":32}}],"line":89},"1":{"loc":{"start":{"line":98,"column":4},"end":{"line":103,"column":5}},"type":"switch","locations":[{"start":{"line":99,"column":6},"end":{"line":99,"column":45}},{"start":{"line":100,"column":6},"end":{"line":100,"column":48}},{"start":{"line":101,"column":6},"end":{"line":101,"column":42}},{"start":{"line":102,"column":6},"end":{"line":102,"column":31}}],"line":98},"2":{"loc":{"start":{"line":130,"column":11},"end":{"line":141,"column":11}},"type":"binary-expr","locations":[{"start":{"line":130,"column":11},"end":{"line":130,"column":24}},{"start":{"line":131,"column":12},"end":{"line":140,"column":18}}],"line":130}},"s":{"0":0,"1":0,"2":0,"3":0,"4":0,"5":0,"6":0,"7":0,"8":0,"9":0,"10":0,"11":0,"12":0,"13":0,"14":0,"15":0,"16":0,"17":0,"18":0,"19":0,"20":0,"21":0,"22":0,"23":0,"24":0,"25":0,"26":0,"27":0,"28":0,"29":0,"30":0},"f":{"0":0,"1":0,"2":0,"3":0,"4":0,"5":0,"6":0,"7":0,"8":0,"9":0},"b":{"0":[0,0,0,0],"1":[0,0,0,0],"2":[0,0]}}
,"/Users/Other/cbr-ai-coach/src/components/AITutor.tsx": {"path":"/Users/Other/cbr-ai-coach/src/components/AITutor.tsx","statementMap":{"0":{"start":{"line":23,"column":40},"end":{"line":298,"column":1}},"1":{"start":{"line":24,"column":22},"end":{"line":24,"column":38}},"2":{"start":{"line":25,"column":34},"end":{"line":25,"column":61}},"3":{"start":{"line":26,"column":42},"end":{"line":26,"column":54}},"4":{"start":{"line":27,"column":36},"end":{"line":27,"column":51}},"5":{"start":{"line":28,"column":34},"end":{"line":28,"column":49}},"6":{"start":{"line":29,"column":25},"end":{"line":29,"column":53}},"7":{"start":{"line":30,"column":19},"end":{"line":30,"column":49}},"8":{"start":{"line":33,"column":2},"end":{"line":42,"column":10}},"9":{"start":{"line":34,"column":40},"end":{"line":40,"column":5}},"10":{"start":{"line":41,"column":4},"end":{"line":41,"column":34}},"11":{"start":{"line":45,"column":2},"end":{"line":47,"column":17}},"12":{"start":{"line":46,"column":4},"end":{"line":46,"column":67}},"13":{"start":{"line":50,"column":2},"end":{"line":52,"column":9}},"14":{"start":{"line":51,"column":4},"end":{"line":51,"column":30}},"15":{"start":{"line":54,"column":28},"end":{"line":128,"column":3}},"16":{"start":{"line":55,"column":4},"end":{"line":55,"column":69}},"17":{"start":{"line":56,"column":4},"end":{"line":56,"column":50}},"18":{"start":{"line":56,"column":43},"end":{"line":56,"column":50}},"19":{"start":{"line":72,"column":37},"end":{"line":77,"column":5}},"20":{"start":{"line":79,"column":4},"end":{"line":79,"column":48}},"21":{"start":{"line":79,"column":24},"end":{"line":79,"column":46}},"22":{"start":{"line":80,"column":4},"end":{"line":80,"column":24}},"23":{"start":{"line":81,"column":4},"end":{"line":81,"column":23}},"24":{"start":{"line":82,"column":4},"end":{"line":82,"column":22}},"25":{"start":{"line":84,"column":4},"end":{"line":127,"column":5}},"26":{"start":{"line":86,"column":22},"end":{"line":91,"column":7}},"27":{"start":{"line":93,"column":42},"end":{"line":96,"column":7}},"28":{"start":{"line":99,"column":6},"end":{"line":113,"column":15}},"29":{"start":{"line":100,"column":39},"end":{"line":108,"column":9}},"30":{"start":{"line":110,"column":8},"end":{"line":110,"column":50}},"31":{"start":{"line":110,"column":28},"end":{"line":110,"column":48}},"32":{"start":{"line":111,"column":8},"end":{"line":111,"column":28}},"33":{"start":{"line":112,"column":8},"end":{"line":112,"column":27}},"34":{"start":{"line":116,"column":6},"end":{"line":116,"column":46}},"35":{"start":{"line":117,"column":40},"end":{"line":123,"column":7}},"36":{"start":{"line":124,"column":6},"end":{"line":124,"column":51}},"37":{"start":{"line":124,"column":26},"end":{"line":124,"column":49}},"38":{"start":{"line":125,"column":6},"end":{"line":125,"column":26}},"39":{"start":{"line":126,"column":6},"end":{"line":126,"column":25}},"40":{"start":{"line":130,"column":25},"end":{"line":135,"column":3}},"41":{"start":{"line":131,"column":4},"end":{"line":134,"column":5}},"42":{"start":{"line":132,"column":6},"end":{"line":132,"column":25}},"43":{"start":{"line":133,"column":6},"end":{"line":133,"column":26}},"44":{"start":{"line":137,"column":22},"end":{"line":140,"column":3}},"45":{"start":{"line":139,"column":4},"end":{"line":139,"column":16}},"46":{"start":{"line":143,"column":30},"end":{"line":175,"column":3}},"47":{"start":{"line":144,"column":25},"end":{"line":144,"column":56}},"48":{"start":{"line":145,"column":24},"end":{"line":145,"column":50}},"49":{"start":{"line":148,"column":23},"end":{"line":148,"column":66}},"50":{"start":{"line":150,"column":22},"end":{"line":150,"column":24}},"51":{"start":{"line":153,"column":4},"end":{"line":161,"column":5}},"52":{"start":{"line":154,"column":6},"end":{"line":154,"column":74}},"53":{"start":{"line":155,"column":11},"end":{"line":161,"column":5}},"54":{"start":{"line":156,"column":6},"end":{"line":156,"column":88}},"55":{"start":{"line":157,"column":11},"end":{"line":161,"column":5}},"56":{"start":{"line":158,"column":6},"end":{"line":158,"column":89}},"57":{"start":{"line":160,"column":6},"end":{"line":160,"column":70}},"58":{"start":{"line":164,"column":4},"end":{"line":172,"column":5}},"59":{"start":{"line":165,"column":24},"end":{"line":165,"column":92}},"60":{"start":{"line":165,"column":76},"end":{"line":165,"column":91}},"61":{"start":{"line":166,"column":6},"end":{"line":166,"column":55}},"62":{"start":{"line":167,"column":11},"end":{"line":172,"column":5}},"63":{"start":{"line":168,"column":26},"end":{"line":168,"column":64}},"64":{"start":{"line":169,"column":6},"end":{"line":169,"column":62}},"65":{"start":{"line":171,"column":6},"end":{"line":171,"column":71}},"66":{"start":{"line":174,"column":4},"end":{"line":174,"column":33}},"67":{"start":{"line":177,"column":2},"end":{"line":297,"column":4}},"68":{"start":{"line":194,"column":12},"end":{"line":228,"column":18}},"69":{"start":{"line":208,"column":26},"end":{"line":208,"column":53}},"70":{"start":{"line":218,"column":26},"end":{"line":218,"column":53}},"71":{"start":{"line":253,"column":16},"end":{"line":259,"column":25}},"72":{"start":{"line":256,"column":33},"end":{"line":256,"column":58}},"73":{"start":{"line":271,"column":29},"end":{"line":271,"column":60}}},"fnMap":{"0":{"name":"(anonymous_0)","decl":{"start":{"line":23,"column":40},"end":{"line":23,"column":41}},"loc":{"start":{"line":23,"column":84},"end":{"line":298,"column":1}},"line":23},"1":{"name":"(anonymous_1)","decl":{"start":{"line":33,"column":12},"end":{"line":33,"column":13}},"loc":{"start":{"line":33,"column":18},"end":{"line":42,"column":3}},"line":33},"2":{"name":"(anonymous_2)","decl":{"start":{"line":45,"column":12},"end":{"line":45,"column":13}},"loc":{"start":{"line":45,"column":18},"end":{"line":47,"column":3}},"line":45},"3":{"name":"(anonymous_3)","decl":{"start":{"line":50,"column":12},"end":{"line":50,"column":13}},"loc":{"start":{"line":50,"column":18},"end":{"line":52,"column":3}},"line":50},"4":{"name":"(anonymous_4)","decl":{"start":{"line":54,"column":28},"end":{"line":54,"column":29}},"loc":{"start":{"line":54,"column":40},"end":{"line":128,"column":3}},"line":54},"5":{"name":"(anonymous_5)","decl":{"start":{"line":79,"column":16},"end":{"line":79,"column":17}},"loc":{"start":{"line":79,"column":24},"end":{"line":79,"column":46}},"line":79},"6":{"name":"(anonymous_6)","decl":{"start":{"line":99,"column":17},"end":{"line":99,"column":18}},"loc":{"start":{"line":99,"column":23},"end":{"line":113,"column":7}},"line":99},"7":{"name":"(anonymous_7)","decl":{"start":{"line":110,"column":20},"end":{"line":110,"column":21}},"loc":{"start":{"line":110,"column":28},"end":{"line":110,"column":48}},"line":110},"8":{"name":"(anonymous_8)","decl":{"start":{"line":124,"column":18},"end":{"line":124,"column":19}},"loc":{"start":{"line":124,"column":26},"end":{"line":124,"column":49}},"line":124},"9":{"name":"(anonymous_9)","decl":{"start":{"line":130,"column":25},"end":{"line":130,"column":26}},"loc":{"start":{"line":130,"column":53},"end":{"line":135,"column":3}},"line":130},"10":{"name":"(anonymous_10)","decl":{"start":{"line":137,"column":22},"end":{"line":137,"column":23}},"loc":{"start":{"line":137,"column":41},"end":{"line":140,"column":3}},"line":137},"11":{"name":"(anonymous_11)","decl":{"start":{"line":143,"column":30},"end":{"line":143,"column":31}},"loc":{"start":{"line":143,"column":36},"end":{"line":175,"column":3}},"line":143},"12":{"name":"(anonymous_12)","decl":{"start":{"line":165,"column":71},"end":{"line":165,"column":72}},"loc":{"start":{"line":165,"column":76},"end":{"line":165,"column":91}},"line":165},"13":{"name":"(anonymous_13)","decl":{"start":{"line":193,"column":24},"end":{"line":193,"column":25}},"loc":{"start":{"line":194,"column":12},"end":{"line":228,"column":18}},"line":194},"14":{"name":"(anonymous_14)","decl":{"start":{"line":207,"column":49},"end":{"line":207,"column":50}},"loc":{"start":{"line":208,"column":26},"end":{"line":208,"column":53}},"line":208},"15":{"name":"(anonymous_15)","decl":{"start":{"line":217,"column":47},"end":{"line":217,"column":48}},"loc":{"start":{"line":218,"column":26},"end":{"line":218,"column":53}},"line":218},"16":{"name":"(anonymous_16)","decl":{"start":{"line":252,"column":41},"end":{"line":252,"column":42}},"loc":{"start":{"line":253,"column":16},"end":{"line":259,"column":25}},"line":253},"17":{"name":"(anonymous_17)","decl":{"start":{"line":256,"column":27},"end":{"line":256,"column":28}},"loc":{"start":{"line":256,"column":33},"end":{"line":256,"column":58}},"line":256},"18":{"name":"(anonymous_18)","decl":{"start":{"line":271,"column":22},"end":{"line":271,"column":23}},"loc":{"start":{"line":271,"column":29},"end":{"line":271,"column":60}},"line":271}},"branchMap":{"0":{"loc":{"start":{"line":56,"column":4},"end":{"line":56,"column":50}},"type":"if","locations":[{"start":{"line":56,"column":4},"end":{"line":56,"column":50}},{"start":{},"end":{}}],"line":56},"1":{"loc":{"start":{"line":56,"column":8},"end":{"line":56,"column":41}},"type":"binary-expr","locations":[{"start":{"line":56,"column":8},"end":{"line":56,"column":28}},{"start":{"line":56,"column":32},"end":{"line":56,"column":41}}],"line":56},"2":{"loc":{"start":{"line":90,"column":18},"end":{"line":90,"column":39}},"type":"binary-expr","locations":[{"start":{"line":90,"column":18},"end":{"line":90,"column":31}},{"start":{"line":90,"column":35},"end":{"line":90,"column":39}}],"line":90},"3":{"loc":{"start":{"line":131,"column":4},"end":{"line":134,"column":5}},"type":"if","locations":[{"start":{"line":131,"column":4},"end":{"line":134,"column":5}},{"start":{},"end":{}}],"line":131},"4":{"loc":{"start":{"line":131,"column":8},"end":{"line":131,"column":40}},"type":"binary-expr","locations":[{"start":{"line":131,"column":8},"end":{"line":131,"column":25}},{"start":{"line":131,"column":29},"end":{"line":131,"column":40}}],"line":131},"5":{"loc":{"start":{"line":144,"column":25},"end":{"line":144,"column":56}},"type":"binary-expr","locations":[{"start":{"line":144,"column":25},"end":{"line":144,"column":51}},{"start":{"line":144,"column":55},"end":{"line":144,"column":56}}],"line":144},"6":{"loc":{"start":{"line":145,"column":24},"end":{"line":145,"column":50}},"type":"binary-expr","locations":[{"start":{"line":145,"column":24},"end":{"line":145,"column":35}},{"start":{"line":145,"column":39},"end":{"line":145,"column":50}}],"line":145},"7":{"loc":{"start":{"line":148,"column":23},"end":{"line":148,"column":66}},"type":"cond-expr","locations":[{"start":{"line":148,"column":38},"end":{"line":148,"column":61}},{"start":{"line":148,"column":64},"end":{"line":148,"column":66}}],"line":148},"8":{"loc":{"start":{"line":153,"column":4},"end":{"line":161,"column":5}},"type":"if","locations":[{"start":{"line":153,"column":4},"end":{"line":161,"column":5}},{"start":{"line":155,"column":11},"end":{"line":161,"column":5}}],"line":153},"9":{"loc":{"start":{"line":155,"column":11},"end":{"line":161,"column":5}},"type":"if","locations":[{"start":{"line":155,"column":11},"end":{"line":161,"column":5}},{"start":{"line":157,"column":11},"end":{"line":161,"column":5}}],"line":155},"10":{"loc":{"start":{"line":157,"column":11},"end":{"line":161,"column":5}},"type":"if","locations":[{"start":{"line":157,"column":11},"end":{"line":161,"column":5}},{"start":{"line":159,"column":11},"end":{"line":161,"column":5}}],"line":157},"11":{"loc":{"start":{"line":164,"column":4},"end":{"line":172,"column":5}},"type":"if","locations":[{"start":{"line":164,"column":4},"end":{"line":172,"column":5}},{"start":{"line":167,"column":11},"end":{"line":172,"column":5}}],"line":164},"12":{"loc":{"start":{"line":164,"column":8},"end":{"line":164,"column":50}},"type":"binary-expr","locations":[{"start":{"line":164,"column":8},"end":{"line":164,"column":19}},{"start":{"line":164,"column":23},"end":{"line":164,"column":50}}],"line":164},"13":{"loc":{"start":{"line":167,"column":11},"end":{"line":172,"column":5}},"type":"if","locations":[{"start":{"line":167,"column":11},"end":{"line":172,"column":5}},{"start":{"line":170,"column":11},"end":{"line":172,"column":5}}],"line":167},"14":{"loc":{"start":{"line":168,"column":26},"end":{"line":168,"column":64}},"type":"binary-expr","locations":[{"start":{"line":168,"column":26},"end":{"line":168,"column":48}},{"start":{"line":168,"column":52},"end":{"line":168,"column":64}}],"line":168},"15":{"loc":{"start":{"line":196,"column":17},"end":{"line":200,"column":17}},"type":"binary-expr","locations":[{"start":{"line":196,"column":17},"end":{"line":196,"column":38}},{"start":{"line":197,"column":18},"end":{"line":199,"column":24}}],"line":196},"16":{"loc":{"start":{"line":203,"column":19},"end":{"line":212,"column":19}},"type":"binary-expr","locations":[{"start":{"line":203,"column":19},"end":{"line":203,"column":38}},{"start":{"line":203,"column":42},"end":{"line":203,"column":72}},{"start":{"line":204,"column":20},"end":{"line":211,"column":26}}],"line":203},"17":{"loc":{"start":{"line":213,"column":19},"end":{"line":222,"column":19}},"type":"binary-expr","locations":[{"start":{"line":213,"column":19},"end":{"line":213,"column":36}},{"start":{"line":213,"column":40},"end":{"line":213,"column":68}},{"start":{"line":214,"column":20},"end":{"line":221,"column":26}}],"line":213},"18":{"loc":{"start":{"line":231,"column":11},"end":{"line":242,"column":11}},"type":"binary-expr","locations":[{"start":{"line":231,"column":11},"end":{"line":231,"column":19}},{"start":{"line":232,"column":12},"end":{"line":241,"column":18}}],"line":231},"19":{"loc":{"start":{"line":248,"column":9},"end":{"line":263,"column":9}},"type":"binary-expr","locations":[{"start":{"line":248,"column":9},"end":{"line":248,"column":30}},{"start":{"line":249,"column":10},"end":{"line":262,"column":16}}],"line":248},"20":{"loc":{"start":{"line":278,"column":22},"end":{"line":278,"column":55}},"type":"binary-expr","locations":[{"start":{"line":278,"column":22},"end":{"line":278,"column":42}},{"start":{"line":278,"column":46},"end":{"line":278,"column":55}}],"line":278},"21":{"loc":{"start":{"line":280,"column":19},"end":{"line":280,"column":60}},"type":"cond-expr","locations":[{"start":{"line":280,"column":31},"end":{"line":280,"column":43}},{"start":{"line":280,"column":46},"end":{"line":280,"column":60}}],"line":280},"22":{"loc":{"start":{"line":282,"column":23},"end":{"line":282,"column":68}},"type":"cond-expr","locations":[{"start":{"line":282,"column":61},"end":{"line":282,"column":64}},{"start":{"line":282,"column":67},"end":{"line":282,"column":68}}],"line":282},"23":{"loc":{"start":{"line":282,"column":24},"end":{"line":282,"column":57}},"type":"binary-expr","locations":[{"start":{"line":282,"column":24},"end":{"line":282,"column":44}},{"start":{"line":282,"column":48},"end":{"line":282,"column":57}}],"line":282},"24":{"loc":{"start":{"line":283,"column":22},"end":{"line":283,"column":85}},"type":"cond-expr","locations":[{"start":{"line":283,"column":60},"end":{"line":283,"column":73}},{"start":{"line":283,"column":76},"end":{"line":283,"column":85}}],"line":283},"25":{"loc":{"start":{"line":283,"column":23},"end":{"line":283,"column":56}},"type":"binary-expr","locations":[{"start":{"line":283,"column":23},"end":{"line":283,"column":43}},{"start":{"line":283,"column":47},"end":{"line":283,"column":56}}],"line":283},"26":{"loc":{"start":{"line":286,"column":13},"end":{"line":292,"column":13}},"type":"cond-expr","locations":[{"start":{"line":287,"column":14},"end":{"line":287,"column":53}},{"start":{"line":289,"column":14},"end":{"line":291,"column":20}}],"line":286}},"s":{"0":0,"1":0,"2":0,"3":0,"4":0,"5":0,"6":0,"7":0,"8":0,"9":0,"10":0,"11":0,"12":0,"13":0,"14":0,"15":0,"16":0,"17":0,"18":0,"19":0,"20":0,"21":0,"22":0,"23":0,"24":0,"25":0,"26":0,"27":0,"28":0,"29":0,"30":0,"31":0,"32":0,"33":0,"34":0,"35":0,"36":0,"37":0,"38":0,"39":0,"40":0,"41":0,"42":0,"43":0,"44":0,"45":0,"46":0,"47":0,"48":0,"49":0,"50":0,"51":0,"52":0,"53":0,"54":0,"55":0,"56":0,"57":0,"58":0,"59":0,"60":0,"61":0,"62":0,"63":0,"64":0,"65":0,"66":0,"67":0,"68":0,"69":0,"70":0,"71":0,"72":0,"73":0},"f":{"0":0,"1":0,"2":0,"3":0,"4":0,"5":0,"6":0,"7":0,"8":0,"9":0,"10":0,"11":0,"12":0,"13":0,"14":0,"15":0,"16":0,"17":0,"18":0},"b":{"0":[0,0],"1":[0,0],"2":[0,0],"3":[0,0],"4":[0,0],"5":[0,0],"6":[0,0],"7":[0,0],"8":[0,0],"9":[0,0],"10":[0,0],"11":[0,0],"12":[0,0],"13":[0,0],"14":[0,0],"15":[0,0],"16":[0,0,0],"17":[0,0,0],"18":[0,0],"19":[0,0],"20":[0,0],"21":[0,0],"22":[0,0],"23":[0,0],"24":[0,0],"25":[0,0],"26":[0,0]}}
,"/Users/Other/cbr-ai-coach/src/components/ExamDateSelection.tsx": {"path":"/Users/Other/cbr-ai-coach/src/components/ExamDateSelection.tsx","statementMap":{"0":{"start":{"line":9,"column":67},"end":{"line":154,"column":1}},"1":{"start":{"line":10,"column":16},"end":{"line":10,"column":32}},"2":{"start":{"line":11,"column":42},"end":{"line":11,"column":62}},"3":{"start":{"line":12,"column":36},"end":{"line":12,"column":51}},"4":{"start":{"line":15,"column":16},"end":{"line":15,"column":26}},"5":{"start":{"line":16,"column":18},"end":{"line":16,"column":33}},"6":{"start":{"line":17,"column":2},"end":{"line":17,"column":39}},"7":{"start":{"line":20,"column":18},"end":{"line":20,"column":33}},"8":{"start":{"line":21,"column":22},"end":{"line":21,"column":23}},"9":{"start":{"line":22,"column":20},"end":{"line":22,"column":35}},"10":{"start":{"line":23,"column":2},"end":{"line":23,"column":49}},"11":{"start":{"line":25,"column":2},"end":{"line":35,"column":3}},"12":{"start":{"line":26,"column":22},"end":{"line":26,"column":42}},"13":{"start":{"line":28,"column":4},"end":{"line":33,"column":5}},"14":{"start":{"line":29,"column":6},"end":{"line":29,"column":22}},"15":{"start":{"line":30,"column":6},"end":{"line":32,"column":7}},"16":{"start":{"line":31,"column":8},"end":{"line":31,"column":47}},"17":{"start":{"line":34,"column":4},"end":{"line":34,"column":51}},"18":{"start":{"line":37,"column":29},"end":{"line":39,"column":3}},"19":{"start":{"line":38,"column":4},"end":{"line":38,"column":44}},"20":{"start":{"line":42,"column":20},"end":{"line":45,"column":3}},"21":{"start":{"line":43,"column":22},"end":{"line":43,"column":35}},"22":{"start":{"line":44,"column":4},"end":{"line":44,"column":44}},"23":{"start":{"line":48,"column":27},"end":{"line":65,"column":3}},"24":{"start":{"line":49,"column":4},"end":{"line":52,"column":5}},"25":{"start":{"line":50,"column":6},"end":{"line":50,"column":26}},"26":{"start":{"line":51,"column":6},"end":{"line":51,"column":13}},"27":{"start":{"line":54,"column":28},"end":{"line":54,"column":48}},"28":{"start":{"line":55,"column":4},"end":{"line":64,"column":5}},"29":{"start":{"line":56,"column":6},"end":{"line":56,"column":34}},"30":{"start":{"line":59,"column":26},"end":{"line":59,"column":51}},"31":{"start":{"line":60,"column":6},"end":{"line":62,"column":7}},"32":{"start":{"line":61,"column":8},"end":{"line":61,"column":55}},"33":{"start":{"line":63,"column":6},"end":{"line":63,"column":55}},"34":{"start":{"line":67,"column":25},"end":{"line":90,"column":3}},"35":{"start":{"line":68,"column":4},"end":{"line":68,"column":30}},"36":{"start":{"line":68,"column":23},"end":{"line":68,"column":30}},"37":{"start":{"line":70,"column":4},"end":{"line":70,"column":23}},"38":{"start":{"line":72,"column":4},"end":{"line":89,"column":5}},"39":{"start":{"line":74,"column":6},"end":{"line":74,"column":53}},"40":{"start":{"line":77,"column":23},"end":{"line":77,"column":45}},"41":{"start":{"line":78,"column":28},"end":{"line":78,"column":101}},"42":{"start":{"line":81,"column":6},"end":{"line":81,"column":70}},"43":{"start":{"line":84,"column":6},"end":{"line":84,"column":19}},"44":{"start":{"line":86,"column":6},"end":{"line":86,"column":54}},"45":{"start":{"line":88,"column":6},"end":{"line":88,"column":26}},"46":{"start":{"line":92,"column":21},"end":{"line":97,"column":3}},"47":{"start":{"line":94,"column":4},"end":{"line":94,"column":40}},"48":{"start":{"line":95,"column":4},"end":{"line":95,"column":45}},"49":{"start":{"line":96,"column":4},"end":{"line":96,"column":17}},"50":{"start":{"line":100,"column":2},"end":{"line":153,"column":4}},"51":{"start":{"line":124,"column":29},"end":{"line":124,"column":61}}},"fnMap":{"0":{"name":"(anonymous_0)","decl":{"start":{"line":9,"column":67},"end":{"line":9,"column":68}},"loc":{"start":{"line":9,"column":87},"end":{"line":154,"column":1}},"line":9},"1":{"name":"(anonymous_1)","decl":{"start":{"line":37,"column":29},"end":{"line":37,"column":30}},"loc":{"start":{"line":37,"column":45},"end":{"line":39,"column":3}},"line":37},"2":{"name":"(anonymous_2)","decl":{"start":{"line":42,"column":20},"end":{"line":42,"column":21}},"loc":{"start":{"line":42,"column":36},"end":{"line":45,"column":3}},"line":42},"3":{"name":"(anonymous_3)","decl":{"start":{"line":48,"column":27},"end":{"line":48,"column":28}},"loc":{"start":{"line":48,"column":51},"end":{"line":65,"column":3}},"line":48},"4":{"name":"(anonymous_4)","decl":{"start":{"line":67,"column":25},"end":{"line":67,"column":26}},"loc":{"start":{"line":67,"column":37},"end":{"line":90,"column":3}},"line":67},"5":{"name":"(anonymous_5)","decl":{"start":{"line":92,"column":21},"end":{"line":92,"column":22}},"loc":{"start":{"line":92,"column":27},"end":{"line":97,"column":3}},"line":92},"6":{"name":"(anonymous_6)","decl":{"start":{"line":124,"column":22},"end":{"line":124,"column":23}},"loc":{"start":{"line":124,"column":29},"end":{"line":124,"column":61}},"line":124}},"branchMap":{"0":{"loc":{"start":{"line":28,"column":4},"end":{"line":33,"column":5}},"type":"if","locations":[{"start":{"line":28,"column":4},"end":{"line":33,"column":5}},{"start":{},"end":{}}],"line":28},"1":{"loc":{"start":{"line":28,"column":8},"end":{"line":28,"column":40}},"type":"binary-expr","locations":[{"start":{"line":28,"column":8},"end":{"line":28,"column":22}},{"start":{"line":28,"column":26},"end":{"line":28,"column":40}}],"line":28},"2":{"loc":{"start":{"line":30,"column":6},"end":{"line":32,"column":7}},"type":"if","locations":[{"start":{"line":30,"column":6},"end":{"line":32,"column":7}},{"start":{},"end":{}}],"line":30},"3":{"loc":{"start":{"line":44,"column":11},"end":{"line":44,"column":43}},"type":"binary-expr","locations":[{"start":{"line":44,"column":11},"end":{"line":44,"column":25}},{"start":{"line":44,"column":29},"end":{"line":44,"column":43}}],"line":44},"4":{"loc":{"start":{"line":49,"column":4},"end":{"line":52,"column":5}},"type":"if","locations":[{"start":{"line":49,"column":4},"end":{"line":52,"column":5}},{"start":{},"end":{}}],"line":49},"5":{"loc":{"start":{"line":55,"column":4},"end":{"line":64,"column":5}},"type":"if","locations":[{"start":{"line":55,"column":4},"end":{"line":64,"column":5}},{"start":{"line":57,"column":11},"end":{"line":64,"column":5}}],"line":55},"6":{"loc":{"start":{"line":68,"column":4},"end":{"line":68,"column":30}},"type":"if","locations":[{"start":{"line":68,"column":4},"end":{"line":68,"column":30}},{"start":{},"end":{}}],"line":68},"7":{"loc":{"start":{"line":146,"column":22},"end":{"line":146,"column":48}},"type":"binary-expr","locations":[{"start":{"line":146,"column":22},"end":{"line":146,"column":35}},{"start":{"line":146,"column":39},"end":{"line":146,"column":48}}],"line":146},"8":{"loc":{"start":{"line":148,"column":13},"end":{"line":148,"column":103}},"type":"cond-expr","locations":[{"start":{"line":148,"column":25},"end":{"line":148,"column":66}},{"start":{"line":148,"column":69},"end":{"line":148,"column":103}}],"line":148}},"s":{"0":0,"1":0,"2":0,"3":0,"4":0,"5":0,"6":0,"7":0,"8":0,"9":0,"10":0,"11":0,"12":0,"13":0,"14":0,"15":0,"16":0,"17":0,"18":0,"19":0,"20":0,"21":0,"22":0,"23":0,"24":0,"25":0,"26":0,"27":0,"28":0,"29":0,"30":0,"31":0,"32":0,"33":0,"34":0,"35":0,"36":0,"37":0,"38":0,"39":0,"40":0,"41":0,"42":0,"43":0,"44":0,"45":0,"46":0,"47":0,"48":0,"49":0,"50":0,"51":0},"f":{"0":0,"1":0,"2":0,"3":0,"4":0,"5":0,"6":0},"b":{"0":[0,0],"1":[0,0],"2":[0,0],"3":[0,0],"4":[0,0],"5":[0,0],"6":[0,0],"7":[0,0],"8":[0,0]}}
[...]
umn":2},"end":{"line":45,"column":3}},"loc":{"start":{"line":45,"column":56},"end":{"line":64,"column":3}},"line":45},"2":{"name":"(anonymous_2)","decl":{"start":{"line":67,"column":2},"end":{"line":67,"column":3}},"loc":{"start":{"line":67,"column":59},"end":{"line":86,"column":3}},"line":67},"3":{"name":"(anonymous_3)","decl":{"start":{"line":89,"column":2},"end":{"line":89,"column":3}},"loc":{"start":{"line":89,"column":33},"end":{"line":91,"column":3}},"line":89},"4":{"name":"(anonymous_4)","decl":{"start":{"line":94,"column":2},"end":{"line":94,"column":3}},"loc":{"start":{"line":94,"column":55},"end":{"line":106,"column":3}},"line":94},"5":{"name":"(anonymous_5)","decl":{"start":{"line":109,"column":2},"end":{"line":109,"column":3}},"loc":{"start":{"line":109,"column":67},"end":{"line":124,"column":3}},"line":109},"6":{"name":"(anonymous_6)","decl":{"start":{"line":110,"column":43},"end":{"line":110,"column":44}},"loc":{"start":{"line":110,"column":69},"end":{"line":123,"column":5}},"line":110}},"branchMap":{"0":{"loc":{"start":{"line":30,"column":6},"end":{"line":33,"column":7}},"type":"if","locations":[{"start":{"line":30,"column":6},"end":{"line":33,"column":7}},{"start":{},"end":{}}],"line":30},"1":{"loc":{"start":{"line":54,"column":6},"end":{"line":57,"column":7}},"type":"if","locations":[{"start":{"line":54,"column":6},"end":{"line":57,"column":7}},{"start":{},"end":{}}],"line":54},"2":{"loc":{"start":{"line":76,"column":6},"end":{"line":79,"column":7}},"type":"if","locations":[{"start":{"line":76,"column":6},"end":{"line":79,"column":7}},{"start":{},"end":{}}],"line":76},"3":{"loc":{"start":{"line":96,"column":4},"end":{"line":104,"column":5}},"type":"if","locations":[{"start":{"line":96,"column":4},"end":{"line":104,"column":5}},{"start":{},"end":{}}],"line":96},"4":{"loc":{"start":{"line":99,"column":15},"end":{"line":99,"column":31}},"type":"binary-expr","locations":[{"start":{"line":99,"column":15},"end":{"line":99,"column":25}},{"start":{"line":99,"column":29},"end":{"line":99,"column":31}}],"line":99},"5":{"loc":{"start":{"line":100,"column":14},"end":{"line":100,"column":81}},"type":"binary-expr","locations":[{"start":{"line":100,"column":14},"end":{"line":100,"column":43}},{"start":{"line":100,"column":47},"end":{"line":100,"column":71}},{"start":{"line":100,"column":75},"end":{"line":100,"column":81}}],"line":100},"6":{"loc":{"start":{"line":111,"column":6},"end":{"line":122,"column":7}},"type":"if","locations":[{"start":{"line":111,"column":6},"end":{"line":122,"column":7}},{"start":{"line":120,"column":13},"end":{"line":122,"column":7}}],"line":111},"7":{"loc":{"start":{"line":114,"column":17},"end":{"line":114,"column":41}},"type":"binary-expr","locations":[{"start":{"line":114,"column":17},"end":{"line":114,"column":35}},{"start":{"line":114,"column":39},"end":{"line":114,"column":41}}],"line":114},"8":{"loc":{"start":{"line":115,"column":16},"end":{"line":115,"column":99}},"type":"binary-expr","locations":[{"start":{"line":115,"column":16},"end":{"line":115,"column":53}},{"start":{"line":115,"column":57},"end":{"line":115,"column":89}},{"start":{"line":115,"column":93},"end":{"line":115,"column":99}}],"line":115}},"s":{"0":0,"1":0,"2":0,"3":0,"4":0,"5":0,"6":0,"7":0,"8":0,"9":0,"10":0,"11":0,"12":0,"13":0,"14":0,"15":0,"16":0,"17":0,"18":0,"19":0,"20":0,"21":0,"22":0,"23":0,"24":0,"25":0,"26":0,"27":0,"28":0,"29":0,"30":0,"31":0,"32":0,"33":0,"34":0,"35":0,"36":0,"37":0},"f":{"0":0,"1":0,"2":0,"3":0,"4":0,"5":0,"6":0},"b":{"0":[0,0],"1":[0,0],"2":[0,0],"3":[0,0],"4":[0,0],"5":[0,0,0],"6":[0,0],"7":[0,0],"8":[0,0,0]}}
,"/Users/Other/cbr-ai-coach/src/services/universalTranslation.ts": {"path":"/Users/Other/cbr-ai-coach/src/services/universalTranslation.ts","statementMap":{"0":{"start":{"line":10,"column":43},"end":{"line":57,"column":1}},"1":{"start":{"line":60,"column":44},"end":{"line":103,"column":1}},"2":{"start":{"line":109,"column":33},"end":{"line":120,"column":1}},"3":{"start":{"line":110,"column":2},"end":{"line":110,"column":41}},"4":{"start":{"line":110,"column":25},"end":{"line":110,"column":41}},"5":{"start":{"line":114,"column":2},"end":{"line":119,"column":4}},"6":{"start":{"line":125,"column":35},"end":{"line":128,"column":1}},"7":{"start":{"line":127,"column":2},"end":{"line":127,"column":45}},"8":{"start":{"line":133,"column":34},"end":{"line":141,"column":1}},"9":{"start":{"line":134,"column":2},"end":{"line":136,"column":3}},"10":{"start":{"line":135,"column":4},"end":{"line":135,"column":115}},"11":{"start":{"line":137,"column":2},"end":{"line":139,"column":3}},"12":{"start":{"line":138,"column":4},"end":{"line":138,"column":92}},"13":{"start":{"line":140,"column":2},"end":{"line":140,"column":14}}},"fnMap":{"0":{"name":"(anonymous_0)","decl":{"start":{"line":109,"column":33},"end":{"line":109,"column":34}},"loc":{"start":{"line":109,"column":97},"end":{"line":120,"column":1}},"line":109},"1":{"name":"(anonymous_1)","decl":{"start":{"line":125,"column":35},"end":{"line":125,"column":36}},"loc":{"start":{"line":125,"column":64},"end":{"line":128,"column":1}},"line":125},"2":{"name":"(anonymous_2)","decl":{"start":{"line":133,"column":34},"end":{"line":133,"column":35}},"loc":{"start":{"line":133,"column":83},"end":{"line":141,"column":1}},"line":133}},"branchMap":{"0":{"loc":{"start":{"line":110,"column":2},"end":{"line":110,"column":41}},"type":"if","locations":[{"start":{"line":110,"column":2},"end":{"line":110,"column":41}},{"start":{},"end":{}}],"line":110},"1":{"loc":{"start":{"line":134,"column":2},"end":{"line":136,"column":3}},"type":"if","locations":[{"start":{"line":134,"column":2},"end":{"line":136,"column":3}},{"start":{},"end":{}}],"line":134},"2":{"loc":{"start":{"line":137,"column":2},"end":{"line":139,"column":3}},"type":"if","locations":[{"start":{"line":137,"column":2},"end":{"line":139,"column":3}},{"start":{},"end":{}}],"line":137}},"s":{"0":0,"1":0,"2":0,"3":0,"4":0,"5":0,"6":0,"7":0,"8":0,"9":0,"10":0,"11":0,"12":0,"13":0},"f":{"0":0,"1":0,"2":0},"b":{"0":[0,0],"1":[0,0],"2":[0,0]}}
,"/Users/Other/cbr-ai-coach/src/services/userAuth.ts": {"path":"/Users/Other/cbr-ai-coach/src/services/userAuth.ts","statementMap":{"0":{"start":{"line":13,"column":37},"end":{"line":13,"column":41}},"1":{"start":{"line":16,"column":4},"end":{"line":16,"column":31}},"2":{"start":{"line":21,"column":23},"end":{"line":27,"column":5}},"3":{"start":{"line":30,"column":4},"end":{"line":30,"column":62}},"4":{"start":{"line":31,"column":4},"end":{"line":31,"column":28}},"5":{"start":{"line":33,"column":4},"end":{"line":33,"column":46}},"6":{"start":{"line":34,"column":4},"end":{"line":34,"column":16}},"7":{"start":{"line":39,"column":22},"end":{"line":39,"column":57}},"8":{"start":{"line":40,"column":4},"end":{"line":47,"column":5}},"9":{"start":{"line":41,"column":19},"end":{"line":41,"column":40}},"10":{"start":{"line":42,"column":6},"end":{"line":46,"column":7}},"11":{"start":{"line":43,"column":8},"end":{"line":43,"column":32}},"12":{"start":{"line":44,"column":8},"end":{"line":44,"column":52}},"13":{"start":{"line":45,"column":8},"end":{"line":45,"column":20}},"14":{"start":{"line":48,"column":4},"end":{"line":48,"column":16}},"15":{"start":{"line":53,"column":28},"end":{"line":59,"column":5}},"16":{"start":{"line":61,"column":4},"end":{"line":61,"column":67}},"17":{"start":{"line":62,"column":4},"end":{"line":62,"column":33}},"18":{"start":{"line":64,"column":4},"end":{"line":64,"column":41}},"19":{"start":{"line":65,"column":4},"end":{"line":65,"column":21}},"20":{"start":{"line":70,"column":4},"end":{"line":70,"column":28}},"21":{"start":{"line":75,"column":4},"end":{"line":75,"column":37}},"22":{"start":{"line":80,"column":4},"end":{"line":80,"column":28}},"23":{"start":{"line":81,"column":4},"end":{"line":81,"column":43}},"24":{"start":{"line":82,"column":4},"end":{"line":82,"column":38}},"25":{"start":{"line":87,"column":18},"end":{"line":87,"column":53}},"26":{"start":{"line":88,"column":4},"end":{"line":90,"column":5}},"27":{"start":{"line":89,"column":6},"end":{"line":89,"column":43}},"28":{"start":{"line":95,"column":4},"end":{"line":95,"column":80}},"29":{"start":{"line":100,"column":4},"end":{"line":104,"column":5}},"30":{"start":{"line":101,"column":6},"end":{"line":101,"column":35}},"31":{"start":{"line":102,"column":6},"end":{"line":102,"column":76}},"32":{"start":{"line":103,"column":6},"end":{"line":103,"column":47}},"33":{"start":{"line":108,"column":24},"end":{"line":108,"column":45}}},"fnMap":{"0":{"name":"(anonymous_0)","decl":{"start":{"line":15,"column":2},"end":{"line":15,"column":3}},"loc":{"start":{"line":15,"column":16},"end":{"line":17,"column":3}},"line":15},"1":{"name":"(anonymous_1)","decl":{"start":{"line":20,"column":2},"end":{"line":20,"column":3}},"loc":{"start":{"line":20,"column":63},"end":{"line":35,"column":3}},"line":20},"2":{"name":"(anonymous_2)","decl":{"start":{"line":38,"column":2},"end":{"line":38,"column":3}},"loc":{"start":{"line":38,"column":52},"end":{"line":49,"column":3}},"line":38},"3":{"name":"(anonymous_3)","decl":{"start":{"line":52,"column":2},"end":{"line":52,"column":3}},"loc":{"start":{"line":52,"column":26},"end":{"line":66,"column":3}},"line":52},"4":{"name":"(anonymous_4)","decl":{"start":{"line":69,"column":2},"end":{"line":69,"column":3}},"loc":{"start":{"line":69,"column":32},"end":{"line":71,"column":3}},"line":69},"5":{"name":"(anonymous_5)","decl":{"start":{"line":74,"column":2},"end":{"line":74,"column":3}},"loc":{"start":{"line":74,"column":24},"end":{"line":76,"column":3}},"line":74},"6":{"name":"(anonymous_6)","decl":{"start":{"line":79,"column":2},"end":{"line":79,"column":3}},"loc":{"start":{"line":79,"column":18},"end":{"line":83,"column":3}},"line":79},"7":{"name":"(anonymous_7)","decl":{"start":{"line":86,"column":2},"end":{"line":86,"column":3}},"loc":{"start":{"line":86,"column":38},"end":{"line":91,"column":3}},"line":86},"8":{"name":"(anonymous_8)","decl":{"start":{"line":94,"column":2},"end":{"line":94,"column":3}},"loc":{"start":{"line":94,"column":35},"end":{"line":96,"column":3}},"line":94},"9":{"name":"(anonymous_9)","decl":{"start":{"line":99,"column":2},"end":{"line":99,"column":3}},"loc":{"start":{"line":99,"column":36},"end":{"line":105,"column":3}},"line":99}},"branchMap":{"0":{"loc":{"start":{"line":40,"column":4},"end":{"line":47,"column":5}},"type":"if","locations":[{"start":{"line":40,"column":4},"end":{"line":47,"column":5}},{"start":{},"end":{}}],"line":40},"1":{"loc":{"start":{"line":42,"column":6},"end":{"line":46,"column":7}},"type":"if","locations":[{"start":{"line":42,"column":6},"end":{"line":46,"column":7}},{"start":{},"end":{}}],"line":42},"2":{"loc":{"start":{"line":88,"column":4},"end":{"line":90,"column":5}},"type":"if","locations":[{"start":{"line":88,"column":4},"end":{"line":90,"column":5}},{"start":{},"end":{}}],"line":88},"3":{"loc":{"start":{"line":100,"column":4},"end":{"line":104,"column":5}},"type":"if","locations":[{"start":{"line":100,"column":4},"end":{"line":104,"column":5}},{"start":{},"end":{}}],"line":100}},"s":{"0":0,"1":0,"2":0,"3":0,"4":0,"5":0,"6":0,"7":0,"8":0,"9":0,"10":0,"11":0,"12":0,"13":0,"14":0,"15":0,"16":0,"17":0,"18":0,"19":0,"20":0,"21":0,"22":0,"23":0,"24":0,"25":0,"26":0,"27":0,"28":0,"29":0,"30":0,"31":0,"32":0,"33":0},"f":{"0":0,"1":0,"2":0,"3":0,"4":0,"5":0,"6":0,"7":0,"8":0,"9":0},"b":{"0":[0,0],"1":[0,0],"2":[0,0],"3":[0,0]}}
,"/Users/Other/cbr-ai-coach/src/types/index.ts": {"path":"/Users/Other/cbr-ai-coach/src/types/index.ts","statementMap":{},"fnMap":{},"branchMap":{},"s":{},"f":{},"b":{}}
,"/Users/Other/cbr-ai-coach/src/types/multilingualQuestion.ts": {"path":"/Users/Other/cbr-ai-coach/src/types/multilingualQuestion.ts","statementMap":{"0":{"start":{"line":31,"column":37},"end":{"line":48,"column":1}},"1":{"start":{"line":35,"column":2},"end":{"line":47,"column":4}},"2":{"start":{"line":38,"column":42},"end":{"line":41,"column":5}}},"fnMap":{"0":{"name":"(anonymous_0)","decl":{"start":{"line":31,"column":37},"end":{"line":31,"column":38}},"loc":{"start":{"line":34,"column":5},"end":{"line":48,"column":1}},"line":34},"1":{"name":"(anonymous_1)","decl":{"start":{"line":38,"column":34},"end":{"line":38,"column":35}},"loc":{"start":{"line":38,"column":42},"end":{"line":41,"column":5}},"line":38}},"branchMap":{},"s":{"0":0,"1":0,"2":0},"f":{"0":0,"1":0},"b":{}}
,"/Users/Other/cbr-ai-coach/src/utils/haptics.ts": {"path":"/Users/Other/cbr-ai-coach/src/utils/haptics.ts","statementMap":{"0":{"start":{"line":7,"column":29},"end":{"line":9,"column":1}},"1":{"start":{"line":8,"column":2},"end":{"line":8,"column":32}},"2":{"start":{"line":14,"column":27},"end":{"line":18,"column":1}},"3":{"start":{"line":15,"column":2},"end":{"line":17,"column":3}},"4":{"start":{"line":16,"column":4},"end":{"line":16,"column":26}},"5":{"start":{"line":23,"column":28},"end":{"line":27,"column":1}},"6":{"start":{"line":24,"column":2},"end":{"line":26,"column":3}},"7":{"start":{"line":25,"column":4},"end":{"line":25,"column":26}},"8":{"start":{"line":32,"column":27},"end":{"line":36,"column":1}},"9":{"start":{"line":33,"column":2},"end":{"line":35,"column":3}},"10":{"start":{"line":34,"column":4},"end":{"line":34,"column":26}},"11":{"start":{"line":41,"column":29},"end":{"line":45,"column":1}},"12":{"start":{"line":42,"column":2},"end":{"line":44,"column":3}},"13":{"start":{"line":43,"column":4},"end":{"line":43,"column":36}},"14":{"start":{"line":50,"column":27},"end":{"line":54,"column":1}},"15":{"start":{"line":51,"column":2},"end":{"line":53,"column":3}},"16":{"start":{"line":52,"column":4},"end":{"line":52,"column":46}},"17":{"start":{"line":59,"column":31},"end":{"line":63,"column":1}},"18":{"start":{"line":60,"column":2},"end":{"line":62,"column":3}},"19":{"start":{"line":61,"column":4},"end":{"line":61,"column":25}},"20":{"start":{"line":68,"column":29},"end":{"line":72,"column":1}},"21":{"start":{"line":69,"column":2},"end":{"line":71,"column":3}},"22":{"start":{"line":70,"column":4},"end":{"line":70,"column":36}},"23":{"start":{"line":77,"column":28},"end":{"line":81,"column":1}},"24":{"start":{"line":78,"column":2},"end":{"line":80,"column":3}},"25":{"start":{"line":79,"column":4},"end":{"line":79,"column":26}}},"fnMap":{"0":{"name":"(anonymous_0)","decl":{"start":{"line":7,"column":29},"end":{"line":7,"column":30}},"loc":{"start":{"line":7,"column":44},"end":{"line":9,"column":1}},"line":7},"1":{"name":"(anonymous_1)","decl":{"start":{"line":14,"column":27},"end":{"line":14,"column":28}},"loc":{"start":{"line":14,"column":39},"end":{"line":18,"column":1}},"line":14},"2":{"name":"(anonymous_2)","decl":{"start":{"line":23,"column":28},"end":{"line":23,"column":29}},"loc":{"start":{"line":23,"column":40},"end":{"line":27,"column":1}},"line":23},"3":{"name":"(anonymous_3)","decl":{"start":{"line":32,"column":27},"end":{"line":32,"column":28}},"loc":{"start":{"line":32,"column":39},"end":{"line":36,"column":1}},"line":32},"4":{"name":"(anonymous_4)","decl":{"start":{"line":41,"column":29},"end":{"line":41,"column":30}},"loc":{"start":{"line":41,"column":41},"end":{"line":45,"column":1}},"line":41},"5":{"name":"(anonymous_5)","decl":{"start":{"line":50,"column":27},"end":{"line":50,"column":28}},"loc":{"start":{"line":50,"column":39},"end":{"line":54,"column":1}},"line":50},"6":{"name":"(anonymous_6)","decl":{"start":{"line":59,"column":31},"end":{"line":59,"column":32}},"loc":{"start":{"line":59,"column":43},"end":{"line":63,"column":1}},"line":59},"7":{"name":"(anonymous_7)","decl":{"start":{"line":68,"column":29},"end":{"line":68,"column":30}},"loc":{"start":{"line":68,"column":41},"end":{"line":72,"column":1}},"line":68},"8":{"name":"(anonymous_8)","decl":{"start":{"line":77,"column":28},"end":{"line":77,"column":29}},"loc":{"start":{"line":77,"column":40},"end":{"line":81,"column":1}},"line":77}},"branchMap":{"0":{"loc":{"start":{"line":15,"column":2},"end":{"line":17,"column":3}},"type":"if","locations":[{"start":{"line":15,"column":2},"end":{"line":17,"column":3}},{"start":{},"end":{}}],"line":15},"1":{"loc":{"start":{"line":24,"column":2},"end":{"line":26,"column":3}},"type":"if","locations":[{"start":{"line":24,"column":2},"end":{"line":26,"column":3}},{"start":{},"end":{}}],"line":24},"2":{"loc":{"start":{"line":33,"column":2},"end":{"line":35,"column":3}},"type":"if","locations":[{"start":{"line":33,"column":2},"end":{"line":35,"column":3}},{"start":{},"end":{}}],"line":33},"3":{"loc":{"start":{"line":42,"column":2},"end":{"line":44,"column":3}},"type":"if","locations":[{"start":{"line":42,"column":2},"end":{"line":44,"column":3}},{"start":{},"end":{}}],"line":42},"4":{"loc":{"start":{"line":51,"column":2},"end":{"line":53,"column":3}},"type":"if","locations":[{"start":{"line":51,"column":2},"end":{"line":53,"column":3}},{"start":{},"end":{}}],"line":51},"5":{"loc":{"start":{"line":60,"column":2},"end":{"line":62,"column":3}},"type":"if","locations":[{"start":{"line":60,"column":2},"end":{"line":62,"column":3}},{"start":{},"end":{}}],"line":60},"6":{"loc":{"start":{"line":69,"column":2},"end":{"line":71,"column":3}},"type":"if","locations":[{"start":{"line":69,"column":2},"end":{"line":71,"column":3}},{"start":{},"end":{}}],"line":69},"7":{"loc":{"start":{"line":78,"column":2},"end":{"line":80,"column":3}},"type":"if","locations":[{"start":{"line":78,"column":2},"end":{"line":80,"column":3}},{"start":{},"end":{}}],"line":78}},"s":{"0":0,"1":0,"2":0,"3":0,"4":0,"5":0,"6":0,"7":0,"8":0,"9":0,"10":0,"11":0,"12":0,"13":0,"14":0,"15":0,"16":0,"17":0,"18":0,"19":0,"20":0,"21":0,"22":0,"23":0,"24":0,"25":0},"f":{"0":0,"1":0,"2":0,"3":0,"4":0,"5":0,"6":0,"7":0,"8":0},"b":{"0":[0,0],"1":[0,0],"2":[0,0],"3":[0,0],"4":[0,0],"5":[0,0],"6":[0,0],"7":[0,0]}}
,"/Users/Other/cbr-ai-coach/src/utils/questionTranslation.ts": {"path":"/Users/Other/cbr-ai-coach/src/utils/questionTranslation.ts","statementMap":{"0":{"start":{"line":18,"column":33},"end":{"line":43,"column":1}},"1":{"start":{"line":28,"column":2},"end":{"line":34,"column":3}},"2":{"start":{"line":29,"column":4},"end":{"line":33,"column":6}},"3":{"start":{"line":38,"column":2},"end":{"line":42,"column":4}},"4":{"start":{"line":46,"column":38},"end":{"line":48,"column":1}},"5":{"start":{"line":47,"column":2},"end":{"line":47,"column":27}},"6":{"start":{"line":51,"column":34},"end":{"line":59,"column":1}},"7":{"start":{"line":52,"column":2},"end":{"line":54,"column":3}},"8":{"start":{"line":53,"column":4},"end":{"line":53,"column":87}},"9":{"start":{"line":55,"column":2},"end":{"line":57,"column":3}},"10":{"start":{"line":56,"column":4},"end":{"line":56,"column":86}},"11":{"start":{"line":58,"column":2},"end":{"line":58,"column":14}}},"fnMap":{"0":{"name":"(anonymous_0)","decl":{"start":{"line":18,"column":33},"end":{"line":18,"column":34}},"loc":{"start":{"line":24,"column":25},"end":{"line":43,"column":1}},"line":24},"1":{"name":"(anonymous_1)","decl":{"start":{"line":46,"column":38},"end":{"line":46,"column":39}},"loc":{"start":{"line":46,"column":71},"end":{"line":48,"column":1}},"line":46},"2":{"name":"(anonymous_2)","decl":{"start":{"line":51,"column":34},"end":{"line":51,"column":35}},"loc":{"start":{"line":51,"column":73},"end":{"line":59,"column":1}},"line":51}},"branchMap":{"0":{"loc":{"start":{"line":28,"column":2},"end":{"line":34,"column":3}},"type":"if","locations":[{"start":{"line":28,"column":2},"end":{"line":34,"column":3}},{"start":{},"end":{}}],"line":28},"1":{"loc":{"start":{"line":52,"column":2},"end":{"line":54,"column":3}},"type":"if","locations":[{"start":{"line":52,"column":2},"end":{"line":54,"column":3}},{"start":{},"end":{}}],"line":52},"2":{"loc":{"start":{"line":55,"column":2},"end":{"line":57,"column":3}},"type":"if","locations":[{"start":{"line":55,"column":2},"end":{"line":57,"column":3}},{"start":{},"end":{}}],"line":55}},"s":{"0":0,"1":0,"2":0,"3":0,"4":0,"5":0,"6":0,"7":0,"8":0,"9":0,"10":0,"11":0},"f":{"0":0,"1":0,"2":0},"b":{"0":[0,0],"1":[0,0],"2":[0,0]}}
}
