TN:
SF:src/App.tsx
FN:22,AppContent
FN:26,(anonymous_1)
FN:31,(anonymous_2)
FN:36,(anonymous_3)
FN:42,(anonymous_4)
FN:51,(anonymous_5)
FN:60,(anonymous_6)
FN:71,(anonymous_7)
FN:80,(anonymous_8)
FN:89,(anonymous_9)
FN:135,App
FNF:11
FNH:0
FNDA:0,AppContent
FNDA:0,(anonymous_1)
FNDA:0,(anonymous_2)
FNDA:0,(anonymous_3)
FNDA:0,(anonymous_4)
FNDA:0,(anonymous_5)
FNDA:0,(anonymous_6)
FNDA:0,(anonymous_7)
FNDA:0,(anonymous_8)
FNDA:0,(anonymous_9)
FNDA:0,App
DA:23,0
DA:24,0
DA:25,0
DA:26,0
DA:28,0
DA:29,0
DA:31,0
DA:33,0
DA:34,0
DA:36,0
DA:38,0
DA:39,0
DA:42,0
DA:44,0
DA:45,0
DA:46,0
DA:47,0
DA:51,0
DA:53,0
DA:54,0
DA:56,0
DA:60,0
DA:62,0
DA:63,0
DA:64,0
DA:66,0
DA:67,0
DA:71,0
DA:72,0
DA:73,0
DA:80,0
DA:81,0
DA:82,0
DA:83,0
DA:84,0
DA:85,0
DA:89,0
DA:90,0
DA:91,0
DA:95,0
DA:96,0
DA:100,0
DA:101,0
DA:105,0
DA:106,0
DA:110,0
DA:111,0
DA:115,0
DA:136,0
LF:49
LH:0
BRDA:45,0,0,0
BRDA:45,0,1,0
BRDA:53,1,0,0
BRDA:53,1,1,0
BRDA:62,2,0,0
BRDA:62,2,1,0
BRDA:67,3,0,0
BRDA:67,3,1,0
BRDA:82,4,0,0
BRDA:82,4,1,0
BRDA:85,5,0,0
BRDA:85,5,1,0
BRDA:95,6,0,0
BRDA:95,6,1,0
BRDA:100,7,0,0
BRDA:100,7,1,0
BRDA:105,8,0,0
BRDA:105,8,1,0
BRDA:110,9,0,0
BRDA:110,9,1,0
BRF:20
BRH:0
end_of_record
TN:
SF:src/index.tsx
FN:24,(anonymous_0)
FN:27,(anonymous_1)
FNF:2
FNH:0
FNDA:0,(anonymous_0)
FNDA:0,(anonymous_1)
DA:11,0
DA:14,0
DA:23,0
DA:25,0
DA:28,0
DA:33,0
DA:34,0
DA:39,0
LF:8
LH:0
BRF:0
BRH:0
end_of_record
TN:
SF:src/reportWebVitals.ts
FN:3,(anonymous_0)
FN:5,(anonymous_1)
FNF:2
FNH:0
FNDA:0,(anonymous_0)
FNDA:0,(anonymous_1)
DA:3,0
DA:4,0
DA:5,0
DA:6,0
DA:7,0
DA:8,0
DA:9,0
DA:10,0
LF:8
LH:0
BRDA:4,0,0,0
BRDA:4,0,1,0
BRDA:4,1,0,0
BRDA:4,1,1,0
BRF:4
BRH:0
end_of_record
TN:
SF:src/serviceWorkerRegistration.ts
FN:16,register
FN:23,(anonymous_1)
FN:28,(anonymous_2)
FN:38,registerValidSW
FN:41,(anonymous_4)
FN:44,(anonymous_5)
FN:49,(anonymous_6)
FN:66,(anonymous_7)
FN:71,checkValidServiceWorker
FN:75,(anonymous_9)
FN:81,(anonymous_10)
FN:82,(anonymous_11)
FN:90,(anonymous_12)
FN:95,unregister
FN:98,(anonymous_14)
FN:101,(anonymous_15)
FN:110,registerInstallPrompt
FN:111,(anonymous_17)
FN:120,(anonymous_18)
FN:123,(anonymous_19)
FN:136,(anonymous_20)
FN:143,registerOfflineDetection
FN:144,(anonymous_22)
FN:165,triggerHapticFeedback
FN:178,addTouchFeedback
FN:179,(anonymous_25)
FN:184,(anonymous_26)
FN:188,(anonymous_27)
FN:194,registerPullToRefresh
FN:199,(anonymous_29)
FN:206,(anonymous_30)
FN:220,(anonymous_31)
FNF:32
FNH:0
FNDA:0,register
FNDA:0,(anonymous_1)
FNDA:0,(anonymous_2)
FNDA:0,registerValidSW
FNDA:0,(anonymous_4)
FNDA:0,(anonymous_5)
FNDA:0,(anonymous_6)
FNDA:0,(anonymous_7)
FNDA:0,checkValidServiceWorker
FNDA:0,(anonymous_9)
FNDA:0,(anonymous_10)
FNDA:0,(anonymous_11)
FNDA:0,(anonymous_12)
FNDA:0,unregister
FNDA:0,(anonymous_14)
FNDA:0,(anonymous_15)
FNDA:0,registerInstallPrompt
FNDA:0,(anonymous_17)
FNDA:0,(anonymous_18)
FNDA:0,(anonymous_19)
FNDA:0,(anonymous_20)
FNDA:0,registerOfflineDetection
FNDA:0,(anonymous_22)
FNDA:0,triggerHapticFeedback
FNDA:0,addTouchFeedback
FNDA:0,(anonymous_25)
FNDA:0,(anonymous_26)
FNDA:0,(anonymous_27)
FNDA:0,registerPullToRefresh
FNDA:0,(anonymous_29)
FNDA:0,(anonymous_30)
FNDA:0,(anonymous_31)
DA:3,0
DA:17,0
DA:18,0
DA:19,0
DA:20,0
DA:23,0
DA:24,0
DA:26,0
DA:27,0
DA:28,0
DA:29,0
DA:32,0
DA:39,0
DA:42,0
DA:44,0
DA:45,0
DA:46,0
DA:47,0
DA:49,0
DA:50,0
DA:51,0
DA:52,0
DA:53,0
DA:54,0
DA:57,0
DA:58,0
DA:59,0
DA:67,0
DA:72,0
DA:76,0
DA:77,0
DA:81,0
DA:82,0
DA:83,0
DA:87,0
DA:91,0
DA:96,0
DA:97,0
DA:99,0
DA:102,0
DA:111,0
DA:112,0
DA:113,0
DA:114,0
DA:117,0
DA:118,0
DA:119,0
DA:120,0
DA:121,0
DA:122,0
DA:123,0
DA:124,0
DA:125,0
DA:127,0
DA:129,0
DA:136,0
DA:137,0
DA:138,0
DA:144,0
DA:145,0
DA:146,0
DA:148,0
DA:149,0
DA:150,0
DA:151,0
DA:153,0
DA:154,0
DA:159,0
DA:160,0
DA:161,0
DA:166,0
DA:167,0
DA:173,0
DA:179,0
DA:180,0
DA:181,0
DA:184,0
DA:185,0
DA:188,0
DA:189,0
DA:195,0
DA:196,0
DA:197,0
DA:199,0
DA:200,0
DA:201,0
DA:202,0
DA:206,0
DA:207,0
DA:208,0
DA:209,0
DA:211,0
DA:213,0
DA:214,0
DA:215,0
DA:220,0
DA:221,0
LF:97
LH:0
BRDA:4,0,0,0
BRDA:4,0,1,0
BRDA:4,0,2,0
BRDA:17,1,0,0
BRDA:17,1,1,0
BRDA:18,2,0,0
BRDA:18,2,1,0
BRDA:19,3,0,0
BRDA:19,3,1,0
BRDA:26,4,0,0
BRDA:26,4,1,0
BRDA:46,5,0,0
BRDA:46,5,1,0
BRDA:50,6,0,0
BRDA:50,6,1,0
BRDA:51,7,0,0
BRDA:51,7,1,0
BRDA:53,8,0,0
BRDA:53,8,1,0
BRDA:53,9,0,0
BRDA:53,9,1,0
BRDA:58,10,0,0
BRDA:58,10,1,0
BRDA:58,11,0,0
BRDA:58,11,1,0
BRDA:77,12,0,0
BRDA:77,12,1,0
BRDA:78,13,0,0
BRDA:78,13,1,0
BRDA:78,13,2,0
BRDA:96,14,0,0
BRDA:96,14,1,0
BRDA:118,15,0,0
BRDA:118,15,1,0
BRDA:121,16,0,0
BRDA:121,16,1,0
BRDA:124,17,0,0
BRDA:124,17,1,0
BRDA:148,18,0,0
BRDA:148,18,1,0
BRDA:149,19,0,0
BRDA:149,19,1,0
BRDA:165,20,0,0
BRDA:166,21,0,0
BRDA:166,21,1,0
BRDA:200,22,0,0
BRDA:200,22,1,0
BRDA:207,23,0,0
BRDA:207,23,1,0
BRDA:211,24,0,0
BRDA:211,24,1,0
BRF:51
BRH:0
end_of_record
TN:
SF:src/types_i18n.ts
FNF:0
FNH:0
LF:0
LH:0
BRF:0
BRH:0
end_of_record
TN:
SF:src/components/AICoachAnalysis.tsx
FN:23,(anonymous_0)
FN:28,(anonymous_1)
FN:86,(anonymous_2)
FN:121,(anonymous_3)
FN:150,(anonymous_4)
FN:164,(anonymous_5)
FN:170,(anonymous_6)
FNF:7
FNH:0
FNDA:0,(anonymous_0)
FNDA:0,(anonymous_1)
FNDA:0,(anonymous_2)
FNDA:0,(anonymous_3)
FNDA:0,(anonymous_4)
FNDA:0,(anonymous_5)
FNDA:0,(anonymous_6)
DA:23,0
DA:24,0
DA:25,0
DA:26,0
DA:28,0
DA:30,0
DA:57,0
DA:69,0
DA:70,0
DA:73,0
DA:86,0
DA:122,0
DA:151,0
DA:164,0
DA:170,0
LF:15
LH:0
BRDA:93,0,0,0
BRDA:93,0,1,0
BRDA:146,1,0,0
BRDA:146,1,1,0
BRF:4
BRH:0
end_of_record
TN:
SF:src/components/AICoachDashboard.tsx
FN:21,(anonymous_0)
FN:39,(anonymous_1)
FN:57,(anonymous_2)
FN:74,(anonymous_3)
FN:102,(anonymous_4)
FN:104,(anonymous_5)
FN:121,(anonymous_6)
FN:134,(anonymous_7)
FN:153,(anonymous_8)
FN:169,(anonymous_9)
FN:173,(anonymous_10)
FN:186,(anonymous_11)
FN:193,(anonymous_12)
FN:215,(anonymous_13)
FN:289,(anonymous_14)
FN:303,(anonymous_15)
FN:319,(anonymous_16)
FN:341,(anonymous_17)
FN:349,(anonymous_18)
FN:367,(anonymous_19)
FNF:20
FNH:0
FNDA:0,(anonymous_0)
FNDA:0,(anonymous_1)
FNDA:0,(anonymous_2)
FNDA:0,(anonymous_3)
FNDA:0,(anonymous_4)
FNDA:0,(anonymous_5)
FNDA:0,(anonymous_6)
FNDA:0,(anonymous_7)
FNDA:0,(anonymous_8)
FNDA:0,(anonymous_9)
FNDA:0,(anonymous_10)
FNDA:0,(anonymous_11)
FNDA:0,(anonymous_12)
FNDA:0,(anonymous_13)
FNDA:0,(anonymous_14)
FNDA:0,(anonymous_15)
FNDA:0,(anonymous_16)
FNDA:0,(anonymous_17)
FNDA:0,(anonymous_18)
FNDA:0,(anonymous_19)
DA:21,0
DA:22,0
DA:23,0
DA:25,0
DA:34,0
DA:35,0
DA:36,0
DA:37,0
DA:39,0
DA:41,0
DA:42,0
DA:43,0
DA:44,0
DA:45,0
DA:47,0
DA:49,0
DA:50,0
DA:52,0
DA:57,0
DA:58,0
DA:60,0
DA:61,0
DA:62,0
DA:64,0
DA:71,0
DA:74,0
DA:80,0
DA:82,0
DA:83,0
DA:85,0
DA:87,0
DA:95,0
DA:99,0
DA:102,0
DA:104,0
DA:107,0
DA:108,0
DA:109,0
DA:111,0
DA:118,0
DA:121,0
DA:127,0
DA:128,0
DA:129,0
DA:134,0
DA:135,0
DA:136,0
DA:137,0
DA:146,0
DA:149,0
DA:152,0
DA:153,0
DA:154,0
DA:156,0
DA:159,0
DA:160,0
DA:161,0
DA:162,0
DA:163,0
DA:164,0
DA:166,0
DA:169,0
DA:171,0
DA:172,0
DA:173,0
DA:176,0
DA:177,0
DA:181,0
DA:182,0
DA:186,0
DA:187,0
DA:188,0
DA:190,0
DA:193,0
DA:194,0
DA:195,0
DA:196,0
DA:199,0
DA:200,0
DA:201,0
DA:202,0
DA:203,0
DA:204,0
DA:205,0
DA:206,0
DA:207,0
DA:209,0
DA:212,0
DA:215,0
DA:217,0
DA:218,0
DA:219,0
DA:223,0
DA:224,0
DA:227,0
DA:290,0
DA:303,0
DA:319,0
DA:342,0
DA:350,0
DA:352,0
DA:367,0
LF:102
LH:0
BRDA:42,0,0,0
BRDA:42,0,1,0
BRDA:47,1,0,0
BRDA:47,1,1,0
BRDA:176,2,0,0
BRDA:176,2,1,0
BRDA:181,3,0,0
BRDA:181,3,1,0
BRDA:200,4,0,0
BRDA:200,4,1,0
BRDA:202,5,0,0
BRDA:202,5,1,0
BRDA:204,6,0,0
BRDA:204,6,1,0
BRDA:206,7,0,0
BRDA:206,7,1,0
BRDA:217,8,0,0
BRDA:217,8,1,0
BRDA:223,9,0,0
BRDA:223,9,1,0
BRDA:240,10,0,0
BRDA:240,10,1,0
BRDA:293,11,0,0
BRDA:293,11,1,0
BRDA:296,12,0,0
BRDA:296,12,1,0
BRDA:296,12,2,0
BRDA:300,13,0,0
BRDA:300,13,1,0
BRDA:331,14,0,0
BRDA:331,14,1,0
BRDA:363,15,0,0
BRDA:363,15,1,0
BRF:33
BRH:0
end_of_record
TN:
SF:src/components/AICoachRecommendations.tsx
FN:23,(anonymous_0)
FN:29,(anonymous_1)
FN:88,(anonymous_2)
FN:97,(anonymous_3)
FN:123,(anonymous_4)
FN:147,(anonymous_5)
FN:159,(anonymous_6)
FN:194,(anonymous_7)
FN:208,(anonymous_8)
FN:214,(anonymous_9)
FNF:10
FNH:0
FNDA:0,(anonymous_0)
FNDA:0,(anonymous_1)
FNDA:0,(anonymous_2)
FNDA:0,(anonymous_3)
FNDA:0,(anonymous_4)
FNDA:0,(anonymous_5)
FNDA:0,(anonymous_6)
FNDA:0,(anonymous_7)
FNDA:0,(anonymous_8)
FNDA:0,(anonymous_9)
DA:23,0
DA:24,0
DA:25,0
DA:26,0
DA:27,0
DA:29,0
DA:31,0
DA:70,0
DA:76,0
DA:83,0
DA:84,0
DA:85,0
DA:88,0
DA:89,0
DA:90,0
DA:91,0
DA:92,0
DA:93,0
DA:97,0
DA:98,0
DA:99,0
DA:100,0
DA:101,0
DA:102,0
DA:106,0
DA:123,0
DA:148,0
DA:160,0
DA:195,0
DA:208,0
DA:214,0
LF:31
LH:0
BRDA:89,0,0,0
BRDA:89,0,1,0
BRDA:89,0,2,0
BRDA:89,0,3,0
BRDA:98,1,0,0
BRDA:98,1,1,0
BRDA:98,1,2,0
BRDA:98,1,3,0
BRDA:130,2,0,0
BRDA:130,2,1,0
BRF:10
BRH:0
end_of_record
TN:
SF:src/components/AITutor.tsx
FN:23,(anonymous_0)
FN:33,(anonymous_1)
FN:45,(anonymous_2)
FN:50,(anonymous_3)
FN:54,(anonymous_4)
FN:79,(anonymous_5)
FN:99,(anonymous_6)
FN:110,(anonymous_7)
FN:124,(anonymous_8)
FN:130,(anonymous_9)
FN:137,(anonymous_10)
FN:143,(anonymous_11)
FN:165,(anonymous_12)
FN:193,(anonymous_13)
FN:207,(anonymous_14)
FN:217,(anonymous_15)
FN:252,(anonymous_16)
FN:256,(anonymous_17)
FN:271,(anonymous_18)
FNF:19
FNH:0
FNDA:0,(anonymous_0)
FNDA:0,(anonymous_1)
FNDA:0,(anonymous_2)
FNDA:0,(anonymous_3)
FNDA:0,(anonymous_4)
FNDA:0,(anonymous_5)
FNDA:0,(anonymous_6)
FNDA:0,(anonymous_7)
FNDA:0,(anonymous_8)
FNDA:0,(anonymous_9)
FNDA:0,(anonymous_10)
FNDA:0,(anonymous_11)
FNDA:0,(anonymous_12)
FNDA:0,(anonymous_13)
FNDA:0,(anonymous_14)
FNDA:0,(anonymous_15)
FNDA:0,(anonymous_16)
FNDA:0,(anonymous_17)
FNDA:0,(anonymous_18)
DA:23,0
DA:24,0
DA:25,0
DA:26,0
DA:27,0
DA:28,0
DA:29,0
DA:30,0
DA:33,0
DA:34,0
DA:41,0
DA:45,0
DA:46,0
DA:50,0
DA:51,0
DA:54,0
DA:55,0
DA:56,0
DA:72,0
DA:79,0
DA:80,0
DA:81,0
DA:82,0
DA:84,0
DA:86,0
DA:93,0
DA:99,0
DA:100,0
DA:110,0
DA:111,0
DA:112,0
DA:116,0
DA:117,0
DA:124,0
DA:125,0
DA:126,0
DA:130,0
DA:131,0
DA:132,0
DA:133,0
DA:137,0
DA:139,0
DA:143,0
DA:144,0
DA:145,0
DA:148,0
DA:150,0
DA:153,0
DA:154,0
DA:155,0
DA:156,0
DA:157,0
DA:158,0
DA:160,0
DA:164,0
DA:165,0
DA:166,0
DA:167,0
DA:168,0
DA:169,0
DA:171,0
DA:174,0
DA:177,0
DA:194,0
DA:208,0
DA:218,0
DA:253,0
DA:256,0
DA:271,0
LF:69
LH:0
BRDA:56,0,0,0
BRDA:56,0,1,0
BRDA:56,1,0,0
BRDA:56,1,1,0
BRDA:90,2,0,0
BRDA:90,2,1,0
BRDA:131,3,0,0
BRDA:131,3,1,0
BRDA:131,4,0,0
BRDA:131,4,1,0
BRDA:144,5,0,0
BRDA:144,5,1,0
BRDA:145,6,0,0
BRDA:145,6,1,0
BRDA:148,7,0,0
BRDA:148,7,1,0
BRDA:153,8,0,0
BRDA:153,8,1,0
BRDA:155,9,0,0
BRDA:155,9,1,0
BRDA:157,10,0,0
BRDA:157,10,1,0
BRDA:164,11,0,0
BRDA:164,11,1,0
BRDA:164,12,0,0
BRDA:164,12,1,0
BRDA:167,13,0,0
BRDA:167,13,1,0
BRDA:168,14,0,0
BRDA:168,14,1,0
BRDA:196,15,0,0
BRDA:196,15,1,0
BRDA:203,16,0,0
BRDA:203,16,1,0
BRDA:203,16,2,0
BRDA:213,17,0,0
BRDA:213,17,1,0
BRDA:213,17,2,0
BRDA:231,18,0,0
BRDA:231,18,1,0
BRDA:248,19,0,0
BRDA:248,19,1,0
BRDA:278,20,0,0
BRDA:278,20,1,0
BRDA:280,21,0,0
BRDA:280,21,1,0
BRDA:282,22,0,0
BRDA:282,22,1,0
BRDA:282,23,0,0
BRDA:282,23,1,0
BRDA:283,24,0,0
BRDA:283,24,1,0
BRDA:283,25,0,0
BRDA:283,25,1,0
BRDA:286,26,0,0
BRDA:286,26,1,0
BRF:56
BRH:0
end_of_record
TN:
SF:src/components/ExamDateSelection.tsx
FN:9,(anonymous_0)
FN:37,(anonymous_1)
FN:42,(anonymous_2)
FN:48,(anonymous_3)
FN:67,(anonymous_4)
FN:92,(anonymous_5)
FN:124,(anonymous_6)
FNF:7
FNH:0
FNDA:0,(anonymous_0)
FNDA:0,(anonymous_1)
FNDA:0,(anonymous_2)
FNDA:0,(anonymous_3)
FNDA:0,(anonymous_4)
FNDA:0,(anonymous_5)
FNDA:0,(anonymous_6)
DA:9,0
DA:10,0
DA:11,0
DA:12,0
DA:15,0
DA:16,0
DA:17,0
DA:20,0
DA:21,0
DA:22,0
DA:23,0
DA:25,0
DA:26,0
DA:28,0
DA:29,0
DA:30,0
DA:31,0
DA:34,0
DA:37,0
DA:38,0
DA:42,0
DA:43,0
DA:44,0
DA:48,0
DA:49,0
DA:50,0
DA:51,0
DA:54,0
DA:55,0
DA:56,0
DA:59,0
DA:60,0
DA:61,0
DA:63,0
DA:67,0
DA:68,0
DA:70,0
DA:72,0
DA:74,0
DA:77,0
DA:78,0
DA:81,0
DA:84,0
DA:86,0
DA:88,0
DA:92,0
DA:94,0
DA:95,0
DA:96,0
DA:100,0
DA:124,0
LF:51
LH:0
BRDA:28,0,0,0
BRDA:28,0,1,0
BRDA:28,1,0,0
BRDA:28,1,1,0
BRDA:30,2,0,0
BRDA:30,2,1,0
BRDA:44,3,0,0
BRDA:44,3,1,0
BRDA:49,4,0,0
BRDA:49,4,1,0
BRDA:55,5,0,0
BRDA:55,5,1,0
BRDA:68,6,0,0
BRDA:68,6,1,0
BRDA:146,7,0,0
BRDA:146,7,1,0
BRDA:148,8,0,0
BRDA:148,8,1,0
BRF:18
BRH:0
end_of_record
TN:
SF:src/components/InstallPrompt.tsx
FN:10,(anonymous_0)
FN:15,(anonymous_1)
FN:31,(anonymous_2)
FN:36,(anonymous_3)
FN:43,(anonymous_4)
FN:48,(anonymous_5)
FN:62,(anonymous_6)
FN:73,(anonymous_7)
FNF:8
FNH:0
FNDA:0,(anonymous_0)
FNDA:0,(anonymous_1)
FNDA:0,(anonymous_2)
FNDA:0,(anonymous_3)
FNDA:0,(anonymous_4)
FNDA:0,(anonymous_5)
FNDA:0,(anonymous_6)
FNDA:0,(anonymous_7)
DA:10,0
DA:11,0
DA:12,0
DA:13,0
DA:15,0
DA:17,0
DA:18,0
DA:22,0
DA:23,0
DA:24,0
DA:25,0
DA:26,0
DA:27,0
DA:31,0
DA:32,0
DA:33,0
DA:36,0
DA:37,0
DA:41,0
DA:43,0
DA:44,0
DA:48,0
DA:49,0
DA:51,0
DA:52,0
DA:54,0
DA:55,0
DA:58,0
DA:59,0
DA:62,0
DA:63,0
DA:64,0
DA:67,0
DA:68,0
DA:71,0
DA:73,0
LF:36
LH:0
BRDA:17,0,0,0
BRDA:17,0,1,0
BRDA:23,1,0,0
BRDA:23,1,1,0
BRDA:26,2,0,0
BRDA:26,2,1,0
BRDA:49,3,0,0
BRDA:49,3,1,0
BRDA:54,4,0,0
BRDA:54,4,1,0
BRDA:67,5,0,0
BRDA:67,5,1,0
BRDA:67,6,0,0
BRDA:67,6,1,0
BRF:14
BRH:0
end_of_record
TN:
SF:src/components/LanguageSelection.tsx
FN:5,(anonymous_0)
FN:8,(anonymous_1)
FN:35,(anonymous_2)
FN:46,(anonymous_3)
FN:57,(anonymous_4)
FNF:5
FNH:0
FNDA:0,(anonymous_0)
FNDA:0,(anonymous_1)
FNDA:0,(anonymous_2)
FNDA:0,(anonymous_3)
FNDA:0,(anonymous_4)
DA:5,0
DA:6,0
DA:8,0
DA:10,0
DA:12,0
DA:15,0
DA:35,0
DA:46,0
DA:57,0
LF:9
LH:0
BRF:0
BRH:0
end_of_record
TN:
SF:src/components/LoadingState.tsx
FN:10,(anonymous_0)
FN:24,(anonymous_1)
FN:41,(anonymous_2)
FN:51,(anonymous_3)
FN:63,(anonymous_4)
FNF:5
FNH:0
FNDA:0,(anonymous_0)
FNDA:0,(anonymous_1)
FNDA:0,(anonymous_2)
FNDA:0,(anonymous_3)
FNDA:0,(anonymous_4)
DA:10,0
DA:14,0
DA:24,0
DA:27,0
DA:41,0
DA:42,0
DA:51,0
DA:52,0
DA:63,0
DA:64,0
LF:10
LH:0
BRDA:11,0,0,0
BRDA:12,1,0,0
BRDA:15,2,0,0
BRDA:15,2,1,0
BRDA:18,3,0,0
BRDA:18,3,1,0
BRDA:25,4,0,0
BRF:7
BRH:0
end_of_record
TN:
SF:src/components/Mascot.tsx
FN:15,Mascot
FNF:1
FNH:0
FNDA:0,Mascot
DA:7,0
DA:17,0
DA:18,0
DA:19,0
DA:20,0
DA:22,0
LF:6
LH:0
BRDA:15,0,0,0
BRDA:15,1,0,0
BRDA:18,2,0,0
BRDA:18,2,1,0
BRDA:19,3,0,0
BRDA:19,3,1,0
BRDA:20,4,0,0
BRDA:20,4,1,0
BRF:8
BRH:0
end_of_record
TN:
SF:src/components/MockExam.tsx
FN:28,(anonymous_0)
FN:52,(anonymous_1)
FN:54,(anonymous_2)
FN:60,(anonymous_3)
FN:98,(anonymous_4)
FN:112,(anonymous_5)
FN:116,(anonymous_6)
FN:123,(anonymous_7)
FN:140,(anonymous_8)
FN:143,(anonymous_9)
FN:144,(anonymous_10)
FN:153,(anonymous_11)
FN:157,(anonymous_12)
FN:166,(anonymous_13)
FN:171,(anonymous_14)
FN:179,(anonymous_15)
FN:183,(anonymous_16)
FN:217,(anonymous_17)
FN:223,(anonymous_18)
FN:226,(anonymous_19)
FN:231,(anonymous_20)
FN:233,(anonymous_21)
FN:241,(anonymous_22)
FN:263,(anonymous_23)
FN:330,(anonymous_24)
FN:335,(anonymous_25)
FN:351,(anonymous_26)
FN:364,(anonymous_27)
FNF:28
FNH:0
FNDA:0,(anonymous_0)
FNDA:0,(anonymous_1)
FNDA:0,(anonymous_2)
FNDA:0,(anonymous_3)
FNDA:0,(anonymous_4)
FNDA:0,(anonymous_5)
FNDA:0,(anonymous_6)
FNDA:0,(anonymous_7)
FNDA:0,(anonymous_8)
FNDA:0,(anonymous_9)
FNDA:0,(anonymous_10)
FNDA:0,(anonymous_11)
FNDA:0,(anonymous_12)
FNDA:0,(anonymous_13)
FNDA:0,(anonymous_14)
FNDA:0,(anonymous_15)
FNDA:0,(anonymous_16)
FNDA:0,(anonymous_17)
FNDA:0,(anonymous_18)
FNDA:0,(anonymous_19)
FNDA:0,(anonymous_20)
FNDA:0,(anonymous_21)
FNDA:0,(anonymous_22)
FNDA:0,(anonymous_23)
FNDA:0,(anonymous_24)
FNDA:0,(anonymous_25)
FNDA:0,(anonymous_26)
FNDA:0,(anonymous_27)
DA:28,0
DA:29,0
DA:30,0
DA:34,0
DA:40,0
DA:41,0
DA:42,0
DA:43,0
DA:44,0
DA:45,0
DA:46,0
DA:47,0
DA:48,0
DA:49,0
DA:52,0
DA:53,0
DA:54,0
DA:55,0
DA:60,0
DA:61,0
DA:63,0
DA:64,0
DA:65,0
DA:66,0
DA:69,0
DA:72,0
DA:73,0
DA:74,0
DA:75,0
DA:76,0
DA:78,0
DA:80,0
DA:81,0
DA:84,0
DA:88,0
DA:92,0
DA:93,0
DA:98,0
DA:100,0
DA:102,0
DA:103,0
DA:112,0
DA:113,0
DA:116,0
DA:117,0
DA:120,0
DA:123,0
DA:125,0
DA:131,0
DA:133,0
DA:135,0
DA:140,0
DA:141,0
DA:143,0
DA:144,0
DA:145,0
DA:146,0
DA:147,0
DA:149,0
DA:153,0
DA:157,0
DA:158,0
DA:160,0
DA:161,0
DA:162,0
DA:166,0
DA:167,0
DA:168,0
DA:171,0
DA:172,0
DA:176,0
DA:177,0
DA:178,0
DA:179,0
DA:180,0
DA:183,0
DA:184,0
DA:185,0
DA:186,0
DA:190,0
DA:191,0
DA:192,0
DA:194,0
DA:206,0
DA:209,0
DA:212,0
DA:217,0
DA:218,0
DA:220,0
DA:221,0
DA:222,0
DA:223,0
DA:226,0
DA:227,0
DA:231,0
DA:232,0
DA:233,0
DA:234,0
DA:235,0
DA:237,0
DA:241,0
DA:242,0
DA:243,0
DA:244,0
DA:247,0
DA:248,0
DA:250,0
DA:251,0
DA:256,0
DA:258,0
DA:263,0
DA:311,0
DA:330,0
DA:335,0
DA:352,0
DA:354,0
DA:364,0
LF:117
LH:0
BRDA:61,0,0,0
BRDA:61,0,1,0
BRDA:64,1,0,0
BRDA:64,1,1,0
BRDA:73,2,0,0
BRDA:73,2,1,0
BRDA:78,3,0,0
BRDA:78,3,1,0
BRDA:141,4,0,0
BRDA:141,4,1,0
BRDA:141,5,0,0
BRDA:141,5,1,0
BRDA:141,5,2,0
BRDA:145,6,0,0
BRDA:145,6,1,0
BRDA:160,7,0,0
BRDA:160,7,1,0
BRDA:186,8,0,0
BRDA:186,8,1,0
BRDA:190,9,0,0
BRDA:190,9,1,0
BRDA:190,10,0,0
BRDA:190,10,1,0
BRDA:218,11,0,0
BRDA:218,11,1,0
BRDA:218,12,0,0
BRDA:218,12,1,0
BRDA:232,13,0,0
BRDA:232,13,1,0
BRDA:248,14,0,0
BRDA:248,14,1,0
BRDA:250,15,0,0
BRDA:250,15,1,0
BRDA:250,16,0,0
BRDA:250,16,1,0
BRDA:256,17,0,0
BRDA:256,17,1,0
BRDA:325,18,0,0
BRDA:325,18,1,0
BRDA:334,19,0,0
BRDA:334,19,1,0
BRDA:337,20,0,0
BRDA:337,20,1,0
BRDA:344,21,0,0
BRDA:344,21,1,0
BRDA:357,22,0,0
BRDA:357,22,1,0
BRF:47
BRH:0
end_of_record
TN:
SF:src/components/MockExamResults.tsx
FN:16,(anonymous_0)
FN:30,(anonymous_1)
FN:60,(anonymous_2)
FN:66,(anonymous_3)
FN:72,(anonymous_4)
FNF:5
FNH:0
FNDA:0,(anonymous_0)
FNDA:0,(anonymous_1)
FNDA:0,(anonymous_2)
FNDA:0,(anonymous_3)
FNDA:0,(anonymous_4)
DA:16,0
DA:17,0
DA:18,0
DA:19,0
DA:22,0
DA:23,0
DA:25,0
DA:26,0
DA:27,0
DA:30,0
DA:31,0
DA:34,0
DA:60,0
DA:66,0
DA:72,0
LF:15
LH:0
BRDA:25,0,0,0
BRDA:25,0,1,0
BRDA:53,1,0,0
BRDA:53,1,1,0
BRDA:54,2,0,0
BRDA:54,2,1,0
BRF:6
BRH:0
end_of_record
TN:
SF:src/components/MockExamSelection.tsx
FN:8,(anonymous_0)
FN:45,(anonymous_1)
FN:48,(anonymous_2)
FN:63,(anonymous_3)
FN:68,(anonymous_4)
FN:99,(anonymous_5)
FN:107,(anonymous_6)
FN:158,(anonymous_7)
FNF:8
FNH:0
FNDA:0,(anonymous_0)
FNDA:0,(anonymous_1)
FNDA:0,(anonymous_2)
FNDA:0,(anonymous_3)
FNDA:0,(anonymous_4)
FNDA:0,(anonymous_5)
FNDA:0,(anonymous_6)
FNDA:0,(anonymous_7)
DA:8,0
DA:9,0
DA:10,0
DA:11,0
DA:12,0
DA:13,0
DA:15,0
DA:45,0
DA:47,0
DA:48,0
DA:49,0
DA:50,0
DA:51,0
DA:54,0
DA:57,0
DA:58,0
DA:61,0
DA:62,0
DA:63,0
DA:68,0
DA:70,0
DA:72,0
DA:74,0
DA:77,0
DA:100,0
DA:101,0
DA:103,0
DA:107,0
DA:158,0
LF:29
LH:0
BRDA:50,0,0,0
BRDA:50,0,1,0
BRDA:61,1,0,0
BRDA:61,1,1,0
BRDA:61,2,0,0
BRDA:61,2,1,0
BRDA:70,3,0,0
BRDA:70,3,1,0
BRDA:106,4,0,0
BRDA:106,4,1,0
BRDA:113,5,0,0
BRDA:113,5,1,0
BRDA:113,5,2,0
BRDA:117,6,0,0
BRDA:117,6,1,0
BRDA:129,7,0,0
BRDA:129,7,1,0
BRDA:144,8,0,0
BRDA:144,8,1,0
BRF:19
BRH:0
end_of_record
TN:
SF:src/components/Navigation.tsx
FN:7,(anonymous_0)
FN:16,(anonymous_1)
FN:25,(anonymous_2)
FN:32,(anonymous_3)
FN:40,(anonymous_4)
FN:77,(anonymous_5)
FN:82,(anonymous_6)
FN:95,(anonymous_7)
FN:102,(anonymous_8)
FN:106,(anonymous_9)
FN:126,(anonymous_10)
FN:133,(anonymous_11)
FN:139,(anonymous_12)
FNF:13
FNH:0
FNDA:0,(anonymous_0)
FNDA:0,(anonymous_1)
FNDA:0,(anonymous_2)
FNDA:0,(anonymous_3)
FNDA:0,(anonymous_4)
FNDA:0,(anonymous_5)
FNDA:0,(anonymous_6)
FNDA:0,(anonymous_7)
FNDA:0,(anonymous_8)
FNDA:0,(anonymous_9)
FNDA:0,(anonymous_10)
FNDA:0,(anonymous_11)
FNDA:0,(anonymous_12)
DA:7,0
DA:8,0
DA:16,0
DA:17,0
DA:25,0
DA:26,0
DA:32,0
DA:33,0
DA:40,0
DA:41,0
DA:42,0
DA:43,0
DA:44,0
DA:46,0
DA:77,0
DA:78,0
DA:79,0
DA:82,0
DA:83,0
DA:84,0
DA:86,0
DA:89,0
DA:95,0
DA:103,0
DA:106,0
DA:126,0
DA:134,0
DA:135,0
DA:139,0
LF:29
LH:0
BRDA:8,0,0,0
BRDA:8,0,1,0
BRDA:17,1,0,0
BRDA:17,1,1,0
BRDA:26,2,0,0
BRDA:26,2,1,0
BRDA:33,3,0,0
BRDA:33,3,1,0
BRDA:83,4,0,0
BRDA:83,4,1,0
BRDA:92,5,0,0
BRDA:92,5,1,0
BRDA:100,6,0,0
BRDA:100,6,1,0
BRDA:105,7,0,0
BRDA:105,7,1,0
BRDA:138,8,0,0
BRDA:138,8,1,0
BRF:18
BRH:0
end_of_record
TN:
SF:src/components/OfflineIndicator.tsx
FN:4,(anonymous_0)
FN:8,(anonymous_1)
FN:9,(anonymous_2)
FN:14,(anonymous_3)
FN:19,(anonymous_4)
FN:32,(anonymous_5)
FNF:6
FNH:0
FNDA:0,(anonymous_0)
FNDA:0,(anonymous_1)
FNDA:0,(anonymous_2)
FNDA:0,(anonymous_3)
FNDA:0,(anonymous_4)
FNDA:0,(anonymous_5)
DA:4,0
DA:5,0
DA:6,0
DA:8,0
DA:9,0
DA:10,0
DA:11,0
DA:14,0
DA:15,0
DA:19,0
DA:20,0
DA:21,0
DA:24,0
DA:25,0
DA:28,0
DA:29,0
DA:32,0
DA:33,0
DA:34,0
DA:38,0
DA:39,0
DA:42,0
LF:22
LH:0
BRDA:28,0,0,0
BRDA:28,0,1,0
BRDA:38,1,0,0
BRDA:38,1,1,0
BRDA:43,2,0,0
BRDA:43,2,1,0
BRDA:46,3,0,0
BRDA:46,3,1,0
BRDA:49,4,0,0
BRDA:49,4,1,0
BRDA:51,5,0,0
BRDA:51,5,1,0
BRF:12
BRH:0
end_of_record
TN:
SF:src/components/PracticeTest.tsx
FN:24,(anonymous_0)
FN:44,(anonymous_1)
FN:79,(anonymous_2)
FN:79,(anonymous_3)
FN:87,(anonymous_4)
FN:88,(anonymous_5)
FN:89,(anonymous_6)
FN:95,(anonymous_7)
FN:101,(anonymous_8)
FN:111,(anonymous_9)
FN:116,(anonymous_10)
FN:121,(anonymous_11)
FN:124,(anonymous_12)
FN:129,(anonymous_13)
FN:131,(anonymous_14)
FN:137,(anonymous_15)
FN:138,(anonymous_16)
FN:146,(anonymous_17)
FN:149,(anonymous_18)
FN:150,(anonymous_19)
FN:160,(anonymous_20)
FN:164,(anonymous_21)
FN:165,(anonymous_22)
FN:284,(anonymous_23)
FN:295,(anonymous_24)
FN:319,(anonymous_25)
FN:338,(anonymous_26)
FN:360,(anonymous_27)
FN:365,(anonymous_28)
FN:393,(anonymous_29)
FN:404,(anonymous_30)
FN:442,(anonymous_31)
FN:479,(anonymous_32)
FN:489,(anonymous_33)
FN:498,(anonymous_34)
FN:508,(anonymous_35)
FN:513,(anonymous_36)
FN:526,(anonymous_37)
FN:541,(anonymous_38)
FN:546,(anonymous_39)
FN:556,(anonymous_40)
FN:602,(anonymous_41)
FN:610,(anonymous_42)
FN:635,(anonymous_43)
FN:642,(anonymous_44)
FNF:45
FNH:0
FNDA:0,(anonymous_0)
FNDA:0,(anonymous_1)
FNDA:0,(anonymous_2)
FNDA:0,(anonymous_3)
FNDA:0,(anonymous_4)
FNDA:0,(anonymous_5)
FNDA:0,(anonymous_6)
FNDA:0,(anonymous_7)
FNDA:0,(anonymous_8)
FNDA:0,(anonymous_9)
FNDA:0,(anonymous_10)
FNDA:0,(anonymous_11)
FNDA:0,(anonymous_12)
FNDA:0,(anonymous_13)
FNDA:0,(anonymous_14)
FNDA:0,(anonymous_15)
FNDA:0,(anonymous_16)
FNDA:0,(anonymous_17)
FNDA:0,(anonymous_18)
FNDA:0,(anonymous_19)
FNDA:0,(anonymous_20)
FNDA:0,(anonymous_21)
FNDA:0,(anonymous_22)
FNDA:0,(anonymous_23)
FNDA:0,(anonymous_24)
FNDA:0,(anonymous_25)
FNDA:0,(anonymous_26)
FNDA:0,(anonymous_27)
FNDA:0,(anonymous_28)
FNDA:0,(anonymous_29)
FNDA:0,(anonymous_30)
FNDA:0,(anonymous_31)
FNDA:0,(anonymous_32)
FNDA:0,(anonymous_33)
FNDA:0,(anonymous_34)
FNDA:0,(anonymous_35)
FNDA:0,(anonymous_36)
FNDA:0,(anonymous_37)
FNDA:0,(anonymous_38)
FNDA:0,(anonymous_39)
FNDA:0,(anonymous_40)
FNDA:0,(anonymous_41)
FNDA:0,(anonymous_42)
FNDA:0,(anonymous_43)
FNDA:0,(anonymous_44)
DA:24,0
DA:25,0
DA:26,0
DA:27,0
DA:28,0
DA:29,0
DA:30,0
DA:31,0
DA:32,0
DA:33,0
DA:34,0
DA:35,0
DA:36,0
DA:37,0
DA:39,0
DA:42,0
DA:44,0
DA:46,0
DA:47,0
DA:48,0
DA:51,0
DA:54,0
DA:55,0
DA:58,0
DA:59,0
DA:60,0
DA:64,0
DA:65,0
DA:66,0
DA:69,0
DA:70,0
DA:72,0
DA:73,0
DA:76,0
DA:77,0
DA:79,0
DA:80,0
DA:82,0
DA:83,0
DA:84,0
DA:85,0
DA:87,0
DA:88,0
DA:89,0
DA:91,0
DA:92,0
DA:95,0
DA:96,0
DA:97,0
DA:101,0
DA:102,0
DA:103,0
DA:104,0
DA:105,0
DA:106,0
DA:108,0
DA:109,0
DA:111,0
DA:116,0
DA:117,0
DA:118,0
DA:119,0
DA:121,0
DA:122,0
DA:124,0
DA:129,0
DA:130,0
DA:131,0
DA:132,0
DA:137,0
DA:138,0
DA:139,0
DA:140,0
DA:146,0
DA:147,0
DA:148,0
DA:149,0
DA:150,0
DA:151,0
DA:153,0
DA:154,0
DA:156,0
DA:160,0
DA:164,0
DA:165,0
DA:166,0
DA:167,0
DA:169,0
DA:170,0
DA:172,0
DA:173,0
DA:175,0
DA:176,0
DA:178,0
DA:179,0
DA:181,0
DA:182,0
DA:184,0
DA:185,0
DA:187,0
DA:188,0
DA:190,0
DA:191,0
DA:193,0
DA:194,0
DA:196,0
DA:197,0
DA:199,0
DA:200,0
DA:202,0
DA:203,0
DA:205,0
DA:206,0
DA:208,0
DA:209,0
DA:211,0
DA:212,0
DA:214,0
DA:215,0
DA:217,0
DA:218,0
DA:220,0
DA:221,0
DA:223,0
DA:224,0
DA:226,0
DA:227,0
DA:229,0
DA:230,0
DA:233,0
DA:234,0
DA:235,0
DA:236,0
DA:238,0
DA:239,0
DA:241,0
DA:243,0
DA:247,0
DA:279,0
DA:282,0
DA:283,0
DA:284,0
DA:285,0
DA:286,0
DA:289,0
DA:291,0
DA:292,0
DA:295,0
DA:302,0
DA:304,0
DA:307,0
DA:311,0
DA:313,0
DA:315,0
DA:319,0
DA:320,0
DA:322,0
DA:324,0
DA:325,0
DA:326,0
DA:327,0
DA:329,0
DA:330,0
DA:331,0
DA:333,0
DA:338,0
DA:339,0
DA:340,0
DA:341,0
DA:342,0
DA:343,0
DA:344,0
DA:347,0
DA:348,0
DA:356,0
DA:360,0
DA:361,0
DA:365,0
DA:366,0
DA:367,0
DA:368,0
DA:369,0
DA:370,0
DA:371,0
DA:372,0
DA:373,0
DA:374,0
DA:375,0
DA:376,0
DA:377,0
DA:378,0
DA:379,0
DA:380,0
DA:381,0
DA:382,0
DA:383,0
DA:384,0
DA:385,0
DA:386,0
DA:387,0
DA:388,0
DA:389,0
DA:393,0
DA:394,0
DA:395,0
DA:396,0
DA:397,0
DA:399,0
DA:400,0
DA:404,0
DA:406,0
DA:407,0
DA:413,0
DA:414,0
DA:429,0
DA:430,0
DA:431,0
DA:434,0
DA:435,0
DA:436,0
DA:439,0
DA:442,0
DA:443,0
DA:444,0
DA:445,0
DA:446,0
DA:448,0
DA:452,0
DA:480,0
DA:481,0
DA:482,0
DA:483,0
DA:484,0
DA:485,0
DA:489,0
DA:499,0
DA:500,0
DA:501,0
DA:502,0
DA:503,0
DA:504,0
DA:509,0
DA:513,0
DA:526,0
DA:542,0
DA:547,0
DA:548,0
DA:549,0
DA:550,0
DA:551,0
DA:552,0
DA:556,0
DA:569,0
DA:570,0
DA:571,0
DA:572,0
DA:576,0
DA:602,0
DA:611,0
DA:612,0
DA:613,0
DA:636,0
DA:642,0
LF:263
LH:0
BRDA:46,0,0,0
BRDA:46,0,1,0
BRDA:54,1,0,0
BRDA:54,1,1,0
BRDA:58,2,0,0
BRDA:58,2,1,0
BRDA:58,3,0,0
BRDA:58,3,1,0
BRDA:64,4,0,0
BRDA:64,4,1,0
BRDA:69,5,0,0
BRDA:69,5,1,0
BRDA:79,6,0,0
BRDA:79,6,1,0
BRDA:80,7,0,0
BRDA:80,7,1,0
BRDA:82,8,0,0
BRDA:82,8,1,0
BRDA:96,9,0,0
BRDA:96,9,1,0
BRDA:103,10,0,0
BRDA:103,10,1,0
BRDA:118,11,0,0
BRDA:118,11,1,0
BRDA:118,12,0,0
BRDA:118,12,1,0
BRDA:118,12,2,0
BRDA:118,12,3,0
BRDA:139,13,0,0
BRDA:139,13,1,0
BRDA:147,14,0,0
BRDA:147,14,1,0
BRDA:151,15,0,0
BRDA:151,15,1,0
BRDA:167,16,0,0
BRDA:167,16,1,0
BRDA:167,16,2,0
BRDA:167,16,3,0
BRDA:167,16,4,0
BRDA:167,16,5,0
BRDA:167,16,6,0
BRDA:167,16,7,0
BRDA:167,16,8,0
BRDA:167,16,9,0
BRDA:167,16,10,0
BRDA:167,16,11,0
BRDA:167,16,12,0
BRDA:167,16,13,0
BRDA:167,16,14,0
BRDA:167,16,15,0
BRDA:167,16,16,0
BRDA:167,16,17,0
BRDA:167,16,18,0
BRDA:167,16,19,0
BRDA:167,16,20,0
BRDA:167,16,21,0
BRDA:167,16,22,0
BRDA:279,17,0,0
BRDA:279,17,1,0
BRDA:282,18,0,0
BRDA:282,18,1,0
BRDA:282,19,0,0
BRDA:282,19,1,0
BRDA:291,20,0,0
BRDA:291,20,1,0
BRDA:320,21,0,0
BRDA:320,21,1,0
BRDA:324,22,0,0
BRDA:324,22,1,0
BRDA:329,23,0,0
BRDA:329,23,1,0
BRDA:331,24,0,0
BRDA:331,24,1,0
BRDA:333,25,0,0
BRDA:333,25,1,0
BRDA:339,26,0,0
BRDA:339,26,1,0
BRDA:340,27,0,0
BRDA:340,27,1,0
BRDA:349,28,0,0
BRDA:349,28,1,0
BRDA:366,29,0,0
BRDA:366,29,1,0
BRDA:366,29,2,0
BRDA:366,29,3,0
BRDA:366,29,4,0
BRDA:366,29,5,0
BRDA:366,29,6,0
BRDA:366,29,7,0
BRDA:366,29,8,0
BRDA:366,29,9,0
BRDA:366,29,10,0
BRDA:366,29,11,0
BRDA:366,29,12,0
BRDA:366,29,13,0
BRDA:366,29,14,0
BRDA:366,29,15,0
BRDA:366,29,16,0
BRDA:366,29,17,0
BRDA:366,29,18,0
BRDA:366,29,19,0
BRDA:366,29,20,0
BRDA:366,29,21,0
BRDA:366,29,22,0
BRDA:395,30,0,0
BRDA:395,30,1,0
BRDA:413,31,0,0
BRDA:413,31,1,0
BRDA:429,32,0,0
BRDA:429,32,1,0
BRDA:435,33,0,0
BRDA:435,33,1,0
BRDA:443,34,0,0
BRDA:443,34,1,0
BRDA:445,35,0,0
BRDA:445,35,1,0
BRDA:471,36,0,0
BRDA:471,36,1,0
BRDA:471,37,0,0
BRDA:471,37,1,0
BRDA:477,38,0,0
BRDA:477,38,1,0
BRDA:496,39,0,0
BRDA:496,39,1,0
BRDA:520,40,0,0
BRDA:520,40,1,0
BRDA:523,41,0,0
BRDA:523,41,1,0
BRDA:523,41,2,0
BRDA:523,41,3,0
BRDA:593,42,0,0
BRDA:593,42,1,0
BRDA:609,43,0,0
BRDA:609,43,1,0
BRDA:609,44,0,0
BRDA:609,44,1,0
BRDA:612,45,0,0
BRDA:612,45,1,0
BRDA:616,46,0,0
BRDA:616,46,1,0
BRDA:617,47,0,0
BRDA:617,47,1,0
BRDA:617,48,0,0
BRDA:617,48,1,0
BRDA:617,49,0,0
BRDA:617,49,1,0
BRDA:619,50,0,0
BRDA:619,50,1,0
BRDA:619,51,0,0
BRDA:619,51,1,0
BRDA:619,52,0,0
BRDA:619,52,1,0
BRDA:628,53,0,0
BRDA:628,53,1,0
BRDA:636,54,0,0
BRDA:636,54,1,0
BRDA:636,55,0,0
BRDA:636,55,1,0
BRDA:636,56,0,0
BRDA:636,56,1,0
BRDA:636,57,0,0
BRDA:636,57,1,0
BRDA:636,58,0,0
BRDA:636,58,1,0
BRDA:636,58,2,0
BRDA:651,59,0,0
BRDA:651,59,1,0
BRDA:651,59,2,0
BRDA:654,60,0,0
BRDA:654,60,1,0
BRDA:658,61,0,0
BRDA:658,61,1,0
BRDA:659,62,0,0
BRDA:659,62,1,0
BRDA:668,63,0,0
BRDA:668,63,1,0
BRDA:669,64,0,0
BRDA:669,64,1,0
BRDA:683,65,0,0
BRDA:683,65,1,0
BRDA:689,66,0,0
BRDA:689,66,1,0
BRF:182
BRH:0
end_of_record
TN:
SF:src/components/PullToRefresh.tsx
FN:9,(anonymous_0)
FN:18,(anonymous_1)
FN:26,(anonymous_2)
FN:40,(anonymous_3)
FN:60,(anonymous_4)
FN:68,(anonymous_5)
FN:76,(anonymous_6)
FNF:7
FNH:0
FNDA:0,(anonymous_0)
FNDA:0,(anonymous_1)
FNDA:0,(anonymous_2)
FNDA:0,(anonymous_3)
FNDA:0,(anonymous_4)
FNDA:0,(anonymous_5)
FNDA:0,(anonymous_6)
DA:9,0
DA:10,0
DA:11,0
DA:12,0
DA:13,0
DA:14,0
DA:16,0
DA:18,0
DA:19,0
DA:20,0
DA:21,0
DA:22,0
DA:26,0
DA:27,0
DA:29,0
DA:30,0
DA:32,0
DA:33,0
DA:35,0
DA:36,0
DA:40,0
DA:41,0
DA:43,0
DA:45,0
DA:46,0
DA:47,0
DA:49,0
DA:50,0
DA:52,0
DA:53,0
DA:56,0
DA:60,0
DA:61,0
DA:62,0
DA:64,0
DA:65,0
DA:66,0
DA:68,0
DA:69,0
DA:70,0
DA:71,0
DA:76,0
DA:77,0
DA:78,0
DA:79,0
DA:80,0
DA:83,0
DA:85,0
LF:48
LH:0
BRDA:19,0,0,0
BRDA:19,0,1,0
BRDA:20,1,0,0
BRDA:20,1,1,0
BRDA:27,2,0,0
BRDA:27,2,1,0
BRDA:27,3,0,0
BRDA:27,3,1,0
BRDA:32,4,0,0
BRDA:32,4,1,0
BRDA:41,5,0,0
BRDA:41,5,1,0
BRDA:45,6,0,0
BRDA:45,6,1,0
BRDA:45,7,0,0
BRDA:45,7,1,0
BRDA:62,8,0,0
BRDA:62,8,1,0
BRDA:77,9,0,0
BRDA:77,9,1,0
BRDA:78,10,0,0
BRDA:78,10,1,0
BRDA:79,11,0,0
BRDA:79,11,1,0
BRDA:88,12,0,0
BRDA:88,12,1,0
BRDA:91,13,0,0
BRDA:91,13,1,0
BRDA:98,14,0,0
BRDA:98,14,1,0
BRF:30
BRH:0
end_of_record
TN:
SF:src/components/RealExamPractice.tsx
FN:17,(anonymous_0)
FN:30,(anonymous_1)
FN:32,(anonymous_2)
FN:37,(anonymous_3)
FN:38,(anonymous_4)
FN:45,(anonymous_5)
FN:63,(anonymous_6)
FN:85,(anonymous_7)
FN:89,(anonymous_8)
FN:100,(anonymous_9)
FN:138,(anonymous_10)
FN:175,(anonymous_11)
FN:185,(anonymous_12)
FN:194,(anonymous_13)
FN:204,(anonymous_14)
FN:209,(anonymous_15)
FN:222,(anonymous_16)
FN:237,(anonymous_17)
FN:242,(anonymous_18)
FN:252,(anonymous_19)
FN:289,(anonymous_20)
FN:312,(anonymous_21)
FN:319,(anonymous_22)
FNF:23
FNH:0
FNDA:0,(anonymous_0)
FNDA:0,(anonymous_1)
FNDA:0,(anonymous_2)
FNDA:0,(anonymous_3)
FNDA:0,(anonymous_4)
FNDA:0,(anonymous_5)
FNDA:0,(anonymous_6)
FNDA:0,(anonymous_7)
FNDA:0,(anonymous_8)
FNDA:0,(anonymous_9)
FNDA:0,(anonymous_10)
FNDA:0,(anonymous_11)
FNDA:0,(anonymous_12)
FNDA:0,(anonymous_13)
FNDA:0,(anonymous_14)
FNDA:0,(anonymous_15)
FNDA:0,(anonymous_16)
FNDA:0,(anonymous_17)
FNDA:0,(anonymous_18)
FNDA:0,(anonymous_19)
FNDA:0,(anonymous_20)
FNDA:0,(anonymous_21)
FNDA:0,(anonymous_22)
DA:17,0
DA:18,0
DA:19,0
DA:20,0
DA:21,0
DA:22,0
DA:23,0
DA:24,0
DA:25,0
DA:26,0
DA:27,0
DA:30,0
DA:31,0
DA:32,0
DA:33,0
DA:37,0
DA:38,0
DA:39,0
DA:40,0
DA:42,0
DA:45,0
DA:46,0
DA:47,0
DA:48,0
DA:49,0
DA:50,0
DA:54,0
DA:55,0
DA:56,0
DA:58,0
DA:63,0
DA:64,0
DA:65,0
DA:66,0
DA:67,0
DA:68,0
DA:69,0
DA:72,0
DA:73,0
DA:81,0
DA:85,0
DA:86,0
DA:89,0
DA:90,0
DA:91,0
DA:92,0
DA:93,0
DA:95,0
DA:96,0
DA:100,0
DA:102,0
DA:103,0
DA:109,0
DA:110,0
DA:125,0
DA:126,0
DA:127,0
DA:130,0
DA:131,0
DA:132,0
DA:135,0
DA:138,0
DA:139,0
DA:140,0
DA:141,0
DA:142,0
DA:144,0
DA:148,0
DA:176,0
DA:177,0
DA:178,0
DA:179,0
DA:180,0
DA:181,0
DA:185,0
DA:195,0
DA:196,0
DA:197,0
DA:198,0
DA:199,0
DA:200,0
DA:205,0
DA:209,0
DA:222,0
DA:238,0
DA:243,0
DA:244,0
DA:245,0
DA:246,0
DA:247,0
DA:248,0
DA:252,0
DA:265,0
DA:266,0
DA:267,0
DA:268,0
DA:270,0
DA:289,0
DA:313,0
DA:319,0
LF:100
LH:0
BRDA:46,0,0,0
BRDA:46,0,1,0
BRDA:46,1,0,0
BRDA:46,1,1,0
BRDA:54,2,0,0
BRDA:54,2,1,0
BRDA:65,3,0,0
BRDA:65,3,1,0
BRDA:91,4,0,0
BRDA:91,4,1,0
BRDA:109,5,0,0
BRDA:109,5,1,0
BRDA:125,6,0,0
BRDA:125,6,1,0
BRDA:131,7,0,0
BRDA:131,7,1,0
BRDA:139,8,0,0
BRDA:139,8,1,0
BRDA:141,9,0,0
BRDA:141,9,1,0
BRDA:167,10,0,0
BRDA:167,10,1,0
BRDA:167,11,0,0
BRDA:167,11,1,0
BRDA:173,12,0,0
BRDA:173,12,1,0
BRDA:192,13,0,0
BRDA:192,13,1,0
BRDA:216,14,0,0
BRDA:216,14,1,0
BRDA:219,15,0,0
BRDA:219,15,1,0
BRDA:295,16,0,0
BRDA:295,16,1,0
BRDA:295,17,0,0
BRDA:295,17,1,0
BRDA:296,18,0,0
BRDA:296,18,1,0
BRDA:305,19,0,0
BRDA:305,19,1,0
BRDA:313,20,0,0
BRDA:313,20,1,0
BRDA:313,21,0,0
BRDA:313,21,1,0
BRDA:313,22,0,0
BRDA:313,22,1,0
BRDA:313,23,0,0
BRDA:313,23,1,0
BRDA:313,24,0,0
BRDA:313,24,1,0
BRDA:313,24,2,0
BRDA:328,25,0,0
BRDA:328,25,1,0
BRDA:331,26,0,0
BRDA:331,26,1,0
BRDA:335,27,0,0
BRDA:335,27,1,0
BRDA:336,28,0,0
BRDA:336,28,1,0
BRDA:345,29,0,0
BRDA:345,29,1,0
BRDA:346,30,0,0
BRDA:346,30,1,0
BRDA:360,31,0,0
BRDA:360,31,1,0
BRDA:366,32,0,0
BRDA:366,32,1,0
BRF:67
BRH:0
end_of_record
TN:
SF:src/components/Settings.tsx
FN:34,(anonymous_0)
FN:43,(anonymous_1)
FN:47,(anonymous_2)
FN:56,(anonymous_3)
FN:63,(anonymous_4)
FN:70,(anonymous_5)
FN:84,(anonymous_6)
FN:94,(anonymous_7)
FN:99,(anonymous_8)
FN:111,(anonymous_9)
FN:118,(anonymous_10)
FN:125,(anonymous_11)
FN:132,(anonymous_12)
FN:139,(anonymous_13)
FN:146,(anonymous_14)
FN:156,(anonymous_15)
FN:175,(anonymous_16)
FN:180,(anonymous_17)
FN:186,(anonymous_18)
FN:212,(anonymous_19)
FN:213,(anonymous_20)
FN:236,(anonymous_21)
FN:248,(anonymous_22)
FN:260,(anonymous_23)
FN:277,(anonymous_24)
FN:311,(anonymous_25)
FN:354,(anonymous_26)
FN:365,(anonymous_27)
FN:377,(anonymous_28)
FN:401,(anonymous_29)
FN:410,(anonymous_30)
FNF:31
FNH:0
FNDA:0,(anonymous_0)
FNDA:0,(anonymous_1)
FNDA:0,(anonymous_2)
FNDA:0,(anonymous_3)
FNDA:0,(anonymous_4)
FNDA:0,(anonymous_5)
FNDA:0,(anonymous_6)
FNDA:0,(anonymous_7)
FNDA:0,(anonymous_8)
FNDA:0,(anonymous_9)
FNDA:0,(anonymous_10)
FNDA:0,(anonymous_11)
FNDA:0,(anonymous_12)
FNDA:0,(anonymous_13)
FNDA:0,(anonymous_14)
FNDA:0,(anonymous_15)
FNDA:0,(anonymous_16)
FNDA:0,(anonymous_17)
FNDA:0,(anonymous_18)
FNDA:0,(anonymous_19)
FNDA:0,(anonymous_20)
FNDA:0,(anonymous_21)
FNDA:0,(anonymous_22)
FNDA:0,(anonymous_23)
FNDA:0,(anonymous_24)
FNDA:0,(anonymous_25)
FNDA:0,(anonymous_26)
FNDA:0,(anonymous_27)
FNDA:0,(anonymous_28)
FNDA:0,(anonymous_29)
FNDA:0,(anonymous_30)
DA:11,0
DA:34,0
DA:35,0
DA:36,0
DA:37,0
DA:38,0
DA:39,0
DA:40,0
DA:41,0
DA:42,0
DA:43,0
DA:44,0
DA:47,0
DA:49,0
DA:50,0
DA:51,0
DA:56,0
DA:57,0
DA:58,0
DA:59,0
DA:63,0
DA:64,0
DA:65,0
DA:66,0
DA:70,0
DA:71,0
DA:72,0
DA:73,0
DA:76,0
DA:77,0
DA:78,0
DA:79,0
DA:80,0
DA:81,0
DA:82,0
DA:84,0
DA:86,0
DA:87,0
DA:89,0
DA:94,0
DA:95,0
DA:99,0
DA:100,0
DA:111,0
DA:118,0
DA:125,0
DA:132,0
DA:139,0
DA:146,0
DA:156,0
DA:157,0
DA:175,0
DA:180,0
DA:186,0
DA:212,0
DA:213,0
DA:214,0
DA:215,0
DA:217,0
DA:220,0
DA:236,0
DA:248,0
DA:260,0
DA:277,0
DA:278,0
DA:311,0
DA:312,0
DA:354,0
DA:355,0
DA:366,0
DA:377,0
DA:378,0
DA:401,0
DA:410,0
DA:435,0
LF:75
LH:0
BRDA:44,0,0,0
BRDA:44,0,1,0
BRDA:50,1,0,0
BRDA:50,1,1,0
BRDA:57,2,0,0
BRDA:57,2,1,0
BRDA:64,3,0,0
BRDA:64,3,1,0
BRDA:71,4,0,0
BRDA:71,4,1,0
BRDA:71,5,0,0
BRDA:71,5,1,0
BRDA:170,6,0,0
BRDA:170,6,1,0
BRDA:217,7,0,0
BRDA:217,7,1,0
BRDA:217,8,0,0
BRDA:217,8,1,0
BRDA:235,9,0,0
BRDA:235,9,1,0
BRDA:242,10,0,0
BRDA:242,10,1,0
BRDA:247,11,0,0
BRDA:247,11,1,0
BRDA:254,12,0,0
BRDA:254,12,1,0
BRDA:259,13,0,0
BRDA:259,13,1,0
BRDA:266,14,0,0
BRDA:266,14,1,0
BRDA:391,15,0,0
BRDA:391,15,1,0
BRDA:421,16,0,0
BRDA:421,16,1,0
BRDA:440,17,0,0
BRDA:440,17,1,0
BRDA:441,18,0,0
BRDA:441,18,1,0
BRDA:442,19,0,0
BRDA:442,19,1,0
BRDA:443,20,0,0
BRDA:443,20,1,0
BRDA:444,21,0,0
BRDA:444,21,1,0
BRDA:445,22,0,0
BRDA:445,22,1,0
BRDA:446,23,0,0
BRDA:446,23,1,0
BRF:48
BRH:0
end_of_record
TN:
SF:src/components/SidePanel.tsx
FN:14,(anonymous_0)
FN:229,(anonymous_1)
FN:238,(anonymous_2)
FN:246,(anonymous_3)
FN:254,(anonymous_4)
FN:262,(anonymous_5)
FN:266,(anonymous_6)
FN:291,(anonymous_7)
FNF:8
FNH:0
FNDA:0,(anonymous_0)
FNDA:0,(anonymous_1)
FNDA:0,(anonymous_2)
FNDA:0,(anonymous_3)
FNDA:0,(anonymous_4)
FNDA:0,(anonymous_5)
FNDA:0,(anonymous_6)
FNDA:0,(anonymous_7)
DA:14,0
DA:15,0
DA:16,0
DA:18,0
DA:229,0
DA:230,0
DA:231,0
DA:232,0
DA:233,0
DA:234,0
DA:238,0
DA:239,0
DA:240,0
DA:243,0
DA:246,0
DA:254,0
DA:263,0
DA:266,0
DA:291,0
LF:19
LH:0
BRDA:230,0,0,0
BRDA:230,0,1,0
BRDA:230,0,2,0
BRDA:230,0,3,0
BRDA:246,1,0,0
BRDA:246,1,1,0
BRDA:249,2,0,0
BRDA:249,2,1,0
BRF:8
BRH:0
end_of_record
TN:
SF:src/components/SplashScreen.tsx
FN:8,(anonymous_0)
FN:11,(anonymous_1)
FN:13,(anonymous_2)
FN:19,(anonymous_3)
FNF:4
FNH:0
FNDA:0,(anonymous_0)
FNDA:0,(anonymous_1)
FNDA:0,(anonymous_2)
FNDA:0,(anonymous_3)
DA:8,0
DA:9,0
DA:11,0
DA:13,0
DA:14,0
DA:16,0
DA:19,0
DA:22,0
LF:8
LH:0
BRDA:23,0,0,0
BRDA:23,0,1,0
BRF:2
BRH:0
end_of_record
TN:
SF:src/components/TestsPage.tsx
FN:18,(anonymous_0)
FN:29,(anonymous_1)
FN:240,(anonymous_2)
FN:270,(anonymous_3)
FN:278,(anonymous_4)
FN:285,(anonymous_5)
FNF:6
FNH:0
FNDA:0,(anonymous_0)
FNDA:0,(anonymous_1)
FNDA:0,(anonymous_2)
FNDA:0,(anonymous_3)
FNDA:0,(anonymous_4)
FNDA:0,(anonymous_5)
DA:18,0
DA:19,0
DA:20,0
DA:23,0
DA:29,0
DA:30,0
DA:31,0
DA:38,0
DA:240,0
DA:241,0
DA:244,0
DA:270,0
DA:279,0
DA:280,0
DA:281,0
DA:285,0
LF:16
LH:0
BRDA:280,0,0,0
BRDA:280,0,1,0
BRDA:290,1,0,0
BRDA:290,1,1,0
BRF:4
BRH:0
end_of_record
TN:
SF:src/components/UserAuth.tsx
FN:11,(anonymous_0)
FN:23,(anonymous_1)
FN:25,(anonymous_2)
FN:31,(anonymous_3)
FN:43,(anonymous_4)
FN:69,(anonymous_5)
FN:95,(anonymous_6)
FN:100,(anonymous_7)
FN:104,(anonymous_8)
FN:108,(anonymous_9)
FN:209,(anonymous_10)
FN:220,(anonymous_11)
FN:315,(anonymous_12)
FN:334,(anonymous_13)
FNF:14
FNH:0
FNDA:0,(anonymous_0)
FNDA:0,(anonymous_1)
FNDA:0,(anonymous_2)
FNDA:0,(anonymous_3)
FNDA:0,(anonymous_4)
FNDA:0,(anonymous_5)
FNDA:0,(anonymous_6)
FNDA:0,(anonymous_7)
FNDA:0,(anonymous_8)
FNDA:0,(anonymous_9)
FNDA:0,(anonymous_10)
FNDA:0,(anonymous_11)
FNDA:0,(anonymous_12)
FNDA:0,(anonymous_13)
DA:11,0
DA:12,0
DA:13,0
DA:14,0
DA:20,0
DA:21,0
DA:23,0
DA:24,0
DA:25,0
DA:31,0
DA:32,0
DA:35,0
DA:36,0
DA:37,0
DA:40,0
DA:43,0
DA:47,0
DA:48,0
DA:49,0
DA:50,0
DA:52,0
DA:53,0
DA:57,0
DA:65,0
DA:66,0
DA:69,0
DA:70,0
DA:71,0
DA:72,0
DA:73,0
DA:74,0
DA:77,0
DA:85,0
DA:87,0
DA:90,0
DA:92,0
DA:95,0
DA:96,0
DA:97,0
DA:100,0
DA:101,0
DA:104,0
DA:105,0
DA:108,0
DA:109,0
DA:113,0
DA:114,0
DA:162,0
DA:163,0
DA:209,0
DA:220,0
DA:257,0
DA:315,0
DA:334,0
LF:54
LH:0
BRDA:35,0,0,0
BRDA:35,0,1,0
BRDA:35,1,0,0
BRDA:35,1,1,0
BRDA:48,2,0,0
BRDA:48,2,1,0
BRDA:49,3,0,0
BRDA:49,3,1,0
BRDA:60,4,0,0
BRDA:60,4,1,0
BRDA:73,5,0,0
BRDA:73,5,1,0
BRDA:113,6,0,0
BRDA:113,6,1,0
BRDA:162,7,0,0
BRDA:162,7,1,0
BRDA:198,8,0,0
BRDA:198,8,1,0
BRDA:211,9,0,0
BRDA:211,9,1,0
BRDA:228,10,0,0
BRDA:228,10,1,0
BRDA:231,11,0,0
BRDA:231,11,1,0
BRDA:304,12,0,0
BRDA:304,12,1,0
BRDA:317,13,0,0
BRDA:317,13,1,0
BRDA:323,14,0,0
BRDA:323,14,1,0
BRDA:336,15,0,0
BRDA:336,15,1,0
BRDA:342,16,0,0
BRDA:342,16,1,0
BRDA:345,17,0,0
BRDA:345,17,1,0
BRF:36
BRH:0
end_of_record
TN:
SF:src/contexts/LanguageContext.tsx
FN:17,useLanguage
FN:29,(anonymous_1)
FN:35,(anonymous_2)
FN:36,(anonymous_3)
FN:40,(anonymous_4)
FN:50,(anonymous_5)
FN:59,(anonymous_6)
FN:81,(anonymous_7)
FN:93,(anonymous_8)
FN:98,(anonymous_9)
FN:116,(anonymous_10)
FN:134,(anonymous_11)
FN:144,(anonymous_12)
FN:152,(anonymous_13)
FNF:14
FNH:0
FNDA:0,useLanguage
FNDA:0,(anonymous_1)
FNDA:0,(anonymous_2)
FNDA:0,(anonymous_3)
FNDA:0,(anonymous_4)
FNDA:0,(anonymous_5)
FNDA:0,(anonymous_6)
FNDA:0,(anonymous_7)
FNDA:0,(anonymous_8)
FNDA:0,(anonymous_9)
FNDA:0,(anonymous_10)
FNDA:0,(anonymous_11)
FNDA:0,(anonymous_12)
FNDA:0,(anonymous_13)
DA:15,0
DA:18,0
DA:19,0
DA:20,0
DA:22,0
DA:29,0
DA:30,0
DA:32,0
DA:35,0
DA:36,0
DA:40,0
DA:41,0
DA:42,0
DA:44,0
DA:45,0
DA:46,0
DA:50,0
DA:51,0
DA:52,0
DA:54,0
DA:55,0
DA:59,0
DA:60,0
DA:61,0
DA:63,0
DA:64,0
DA:81,0
DA:82,0
DA:84,0
DA:86,0
DA:88,0
DA:93,0
DA:94,0
DA:95,0
DA:98,0
DA:99,0
DA:100,0
DA:110,0
DA:113,0
DA:116,0
DA:117,0
DA:118,0
DA:128,0
DA:131,0
DA:134,0
DA:135,0
DA:138,0
DA:141,0
DA:144,0
DA:145,0
DA:146,0
DA:148,0
DA:152,0
DA:153,0
DA:154,0
DA:155,0
DA:156,0
DA:157,0
DA:158,0
DA:160,0
DA:165,0
DA:167,0
DA:177,0
LF:63
LH:0
BRDA:19,0,0,0
BRDA:19,0,1,0
BRDA:36,1,0,0
BRDA:36,1,1,0
BRDA:41,2,0,0
BRDA:41,2,1,0
BRDA:46,3,0,0
BRDA:46,3,1,0
BRDA:51,4,0,0
BRDA:51,4,1,0
BRDA:55,5,0,0
BRDA:55,5,1,0
BRDA:60,6,0,0
BRDA:60,6,1,0
BRDA:82,7,0,0
BRDA:82,7,1,0
BRDA:82,7,2,0
BRDA:100,8,0,0
BRDA:100,8,1,0
BRDA:100,8,2,0
BRDA:100,8,3,0
BRDA:100,8,4,0
BRDA:100,8,5,0
BRDA:100,8,6,0
BRDA:100,8,7,0
BRDA:100,8,8,0
BRDA:110,9,0,0
BRDA:110,9,1,0
BRDA:113,10,0,0
BRDA:113,10,1,0
BRDA:118,11,0,0
BRDA:118,11,1,0
BRDA:118,11,2,0
BRDA:118,11,3,0
BRDA:118,11,4,0
BRDA:118,11,5,0
BRDA:118,11,6,0
BRDA:118,11,7,0
BRDA:118,11,8,0
BRDA:128,12,0,0
BRDA:128,12,1,0
BRDA:131,13,0,0
BRDA:131,13,1,0
BRDA:138,14,0,0
BRDA:138,14,1,0
BRDA:156,15,0,0
BRDA:156,15,1,0
BRDA:156,16,0,0
BRDA:156,16,1,0
BRDA:156,16,2,0
BRDA:156,16,3,0
BRF:51
BRH:0
end_of_record
TN:
SF:src/i18n/config.ts
FNF:0
FNH:0
DA:11,0
DA:23,0
LF:2
LH:0
BRF:0
BRH:0
end_of_record
TN:
SF:src/i18n/strings.ts
FNF:0
FNH:0
DA:3,0
LF:1
LH:0
BRF:0
BRH:0
end_of_record
TN:
SF:src/question_data/alcoholDrugsQuestions.ts
FNF:0
FNH:0
DA:3,0
LF:1
LH:0
BRF:0
BRH:0
end_of_record
TN:
SF:src/question_data/bicycleInteractionsQuestions.ts
FNF:0
FNH:0
DA:3,0
LF:1
LH:0
BRF:0
BRH:0
end_of_record
TN:
SF:src/question_data/constructionZonesQuestions.ts
FNF:0
FNH:0
DA:3,0
LF:1
LH:0
BRF:0
BRH:0
end_of_record
TN:
SF:src/question_data/emergencyProceduresQuestions.ts
FNF:0
FNH:0
DA:3,0
LF:1
LH:0
BRF:0
BRH:0
end_of_record
TN:
SF:src/question_data/environmentalZonesQuestions.ts
FNF:0
FNH:0
DA:3,0
LF:1
LH:0
BRF:0
BRH:0
end_of_record
TN:
SF:src/question_data/expandedPriorityRulesQuestions.ts
FNF:0
FNH:0
DA:3,0
LF:1
LH:0
BRF:0
BRH:0
end_of_record
TN:
SF:src/question_data/fatigueRestQuestions.ts
FNF:0
FNH:0
DA:3,0
LF:1
LH:0
BRF:0
BRH:0
end_of_record
TN:
SF:src/question_data/hazardPerceptionQuestions.ts
FNF:0
FNH:0
DA:3,0
LF:1
LH:0
BRF:0
BRH:0
end_of_record
TN:
SF:src/question_data/index.ts
FNF:0
FNH:0
LF:0
LH:0
BRF:0
BRH:0
end_of_record
TN:
SF:src/question_data/insightPracticeQuestions.ts
FNF:0
FNH:0
DA:3,0
LF:1
LH:0
BRF:0
BRH:0
end_of_record
TN:
SF:src/question_data/mandatorySigns2Questions.ts
FNF:0
FNH:0
DA:3,0
LF:1
LH:0
BRF:0
BRH:0
end_of_record
TN:
SF:src/question_data/mandatorySignsQuestions.ts
FNF:0
FNH:0
DA:3,0
LF:1
LH:0
BRF:0
BRH:0
end_of_record
TN:
SF:src/question_data/motorwayRulesQuestions.ts
FNF:0
FNH:0
DA:3,0
LF:1
LH:0
BRF:0
BRH:0
end_of_record
TN:
SF:src/question_data/parkingRulesQuestions.ts
FNF:0
FNH:0
DA:3,0
LF:1
LH:0
BRF:0
BRH:0
end_of_record
TN:
SF:src/question_data/pedestrianCrossingsQuestions.ts
FNF:0
FNH:0
DA:3,0
LF:1
LH:0
BRF:0
BRH:0
end_of_record
TN:
SF:src/question_data/priorityRulesQuestions.ts
FNF:0
FNH:0
DA:3,0
LF:1
LH:0
BRF:0
BRH:0
end_of_record
TN:
SF:src/question_data/prohibitorySigns2Questions.ts
FNF:0
FNH:0
DA:3,0
LF:1
LH:0
BRF:0
BRH:0
end_of_record
TN:
SF:src/question_data/prohibitorySignsQuestions.ts
FNF:0
FNH:0
DA:3,0
LF:1
LH:0
BRF:0
BRH:0
end_of_record
TN:
SF:src/question_data/realExamQuestions.ts
FN:598,(anonymous_0)
FN:599,(anonymous_1)
FN:603,(anonymous_2)
FN:604,(anonymous_3)
FN:608,(anonymous_4)
FN:609,(anonymous_5)
FN:613,(anonymous_6)
FN:614,(anonymous_7)
FN:618,(anonymous_8)
FN:619,(anonymous_9)
FNF:10
FNH:0
FNDA:0,(anonymous_0)
FNDA:0,(anonymous_1)
FNDA:0,(anonymous_2)
FNDA:0,(anonymous_3)
FNDA:0,(anonymous_4)
FNDA:0,(anonymous_5)
FNDA:0,(anonymous_6)
FNDA:0,(anonymous_7)
FNDA:0,(anonymous_8)
FNDA:0,(anonymous_9)
DA:19,0
DA:598,0
DA:599,0
DA:603,0
DA:604,0
DA:608,0
DA:609,0
DA:613,0
DA:614,0
DA:618,0
DA:619,0
DA:620,0
LF:12
LH:0
BRDA:608,0,0,0
BRDA:618,1,0,0
BRF:2
BRH:0
end_of_record
TN:
SF:src/question_data/roadInformationQuestions.ts
FNF:0
FNH:0
DA:3,0
LF:1
LH:0
BRF:0
BRH:0
end_of_record
TN:
SF:src/question_data/roadMarkingsQuestions.ts
FNF:0
FNH:0
DA:3,0
LF:1
LH:0
BRF:0
BRH:0
end_of_record
TN:
SF:src/question_data/roundaboutRulesQuestions.ts
FNF:0
FNH:0
DA:3,0
LF:1
LH:0
BRF:0
BRH:0
end_of_record
TN:
SF:src/question_data/signIdentificationQuestions.ts
FNF:0
FNH:0
DA:3,0
LF:1
LH:0
BRF:0
BRH:0
end_of_record
TN:
SF:src/question_data/speedLimitQuestions.ts
FNF:0
FNH:0
DA:3,0
LF:1
LH:0
BRF:0
BRH:0
end_of_record
TN:
SF:src/question_data/technologySafetyQuestions.ts
FNF:0
FNH:0
DA:3,0
LF:1
LH:0
BRF:0
BRH:0
end_of_record
TN:
SF:src/question_data/trafficLightsSignalsQuestions.ts
FNF:0
FNH:0
DA:3,0
LF:1
LH:0
BRF:0
BRH:0
end_of_record
TN:
SF:src/question_data/tramInteractionsQuestions.ts
FNF:0
FNH:0
DA:3,0
LF:1
LH:0
BRF:0
BRH:0
end_of_record
TN:
SF:src/question_data/vehicleCategoriesQuestions.ts
FNF:0
FNH:0
DA:3,0
LF:1
LH:0
BRF:0
BRH:0
end_of_record
TN:
SF:src/question_data/vehicleDocumentationQuestions.ts
FNF:0
FNH:0
DA:3,0
LF:1
LH:0
BRF:0
BRH:0
end_of_record
TN:
SF:src/question_data/warningSignsQuestions.ts
FNF:0
FNH:0
DA:3,0
LF:1
LH:0
BRF:0
BRH:0
end_of_record
TN:
SF:src/question_data/weatherConditionsQuestions.ts
FNF:0
FNH:0
DA:3,0
LF:1
LH:0
BRF:0
BRH:0
end_of_record
TN:
SF:src/question_data/translations/autoTranslate.ts
FN:86,(anonymous_0)
FN:95,(anonymous_1)
FN:106,(anonymous_2)
FNF:3
FNH:0
FNDA:0,(anonymous_0)
FNDA:0,(anonymous_1)
FNDA:0,(anonymous_2)
DA:11,0
DA:86,0
DA:87,0
DA:91,0
DA:95,0
DA:96,0
DA:97,0
DA:99,0
DA:100,0
DA:102,0
DA:106,0
DA:108,0
DA:112,0
LF:13
LH:0
BRDA:87,0,0,0
BRDA:87,0,1,0
BRDA:96,1,0,0
BRDA:96,1,1,0
BRDA:99,2,0,0
BRDA:99,2,1,0
BRDA:112,3,0,0
BRDA:112,3,1,0
BRF:8
BRH:0
end_of_record
TN:
SF:src/question_data/translations/trafficLightsSignalsTranslations.ts
FNF:0
FNH:0
DA:4,0
LF:1
LH:0
BRF:0
BRH:0
end_of_record
TN:
SF:src/services/aiCoach.ts
FN:64,(anonymous_0)
FN:90,(anonymous_1)
FN:98,(anonymous_2)
FN:102,(anonymous_3)
FN:110,(anonymous_4)
FN:112,(anonymous_5)
FN:124,(anonymous_6)
FN:131,(anonymous_7)
FN:137,(anonymous_8)
FN:144,(anonymous_9)
FN:163,(anonymous_10)
FN:186,(anonymous_11)
FN:237,(anonymous_12)
FN:275,(anonymous_13)
FN:325,(anonymous_14)
FN:327,(anonymous_15)
FN:339,(anonymous_16)
FN:343,(anonymous_17)
FN:367,(anonymous_18)
FN:370,(anonymous_19)
FN:374,(anonymous_20)
FN:399,(anonymous_21)
FN:401,(anonymous_22)
FN:405,(anonymous_23)
FN:410,(anonymous_24)
FN:437,(anonymous_25)
FN:446,(anonymous_26)
FN:451,(anonymous_27)
FN:455,(anonymous_28)
FN:456,(anonymous_29)
FN:462,(anonymous_30)
FN:467,(anonymous_31)
FN:468,(anonymous_32)
FN:476,(anonymous_33)
FN:498,(anonymous_34)
FN:524,(anonymous_35)
FN:528,(anonymous_36)
FN:533,(anonymous_37)
FN:538,(anonymous_38)
FN:543,(anonymous_39)
FN:549,(anonymous_40)
FNF:41
FNH:0
FNDA:0,(anonymous_0)
FNDA:0,(anonymous_1)
FNDA:0,(anonymous_2)
FNDA:0,(anonymous_3)
FNDA:0,(anonymous_4)
FNDA:0,(anonymous_5)
FNDA:0,(anonymous_6)
FNDA:0,(anonymous_7)
FNDA:0,(anonymous_8)
FNDA:0,(anonymous_9)
FNDA:0,(anonymous_10)
FNDA:0,(anonymous_11)
FNDA:0,(anonymous_12)
FNDA:0,(anonymous_13)
FNDA:0,(anonymous_14)
FNDA:0,(anonymous_15)
FNDA:0,(anonymous_16)
FNDA:0,(anonymous_17)
FNDA:0,(anonymous_18)
FNDA:0,(anonymous_19)
FNDA:0,(anonymous_20)
FNDA:0,(anonymous_21)
FNDA:0,(anonymous_22)
FNDA:0,(anonymous_23)
FNDA:0,(anonymous_24)
FNDA:0,(anonymous_25)
FNDA:0,(anonymous_26)
FNDA:0,(anonymous_27)
FNDA:0,(anonymous_28)
FNDA:0,(anonymous_29)
FNDA:0,(anonymous_30)
FNDA:0,(anonymous_31)
FNDA:0,(anonymous_32)
FNDA:0,(anonymous_33)
FNDA:0,(anonymous_34)
FNDA:0,(anonymous_35)
FNDA:0,(anonymous_36)
FNDA:0,(anonymous_37)
FNDA:0,(anonymous_38)
FNDA:0,(anonymous_39)
FNDA:0,(anonymous_40)
DA:35,0
DA:60,0
DA:65,0
DA:66,0
DA:67,0
DA:68,0
DA:69,0
DA:72,0
DA:73,0
DA:74,0
DA:79,0
DA:83,0
DA:84,0
DA:85,0
DA:91,0
DA:92,0
DA:93,0
DA:94,0
DA:99,0
DA:100,0
DA:102,0
DA:103,0
DA:104,0
DA:106,0
DA:109,0
DA:110,0
DA:111,0
DA:112,0
DA:113,0
DA:120,0
DA:125,0
DA:126,0
DA:127,0
DA:132,0
DA:133,0
DA:138,0
DA:139,0
DA:140,0
DA:145,0
DA:146,0
DA:149,0
DA:150,0
DA:161,0
DA:163,0
DA:164,0
DA:165,0
DA:166,0
DA:173,0
DA:186,0
DA:188,0
DA:189,0
DA:190,0
DA:191,0
DA:194,0
DA:195,0
DA:199,0
DA:202,0
DA:203,0
DA:206,0
DA:207,0
DA:209,0
DA:210,0
DA:211,0
DA:212,0
DA:213,0
DA:214,0
DA:215,0
DA:216,0
DA:217,0
DA:219,0
DA:220,0
DA:224,0
DA:226,0
DA:238,0
DA:239,0
DA:242,0
DA:243,0
DA:244,0
DA:247,0
DA:248,0
DA:249,0
DA:251,0
DA:255,0
DA:256,0
DA:257,0
DA:259,0
DA:263,0
DA:264,0
DA:267,0
DA:268,0
DA:271,0
DA:276,0
DA:277,0
DA:278,0
DA:280,0
DA:283,0
DA:284,0
DA:292,0
DA:302,0
DA:303,0
DA:312,0
DA:313,0
DA:321,0
DA:327,0
DA:329,0
DA:330,0
DA:338,0
DA:339,0
DA:343,0
DA:345,0
DA:346,0
DA:348,0
DA:349,0
DA:350,0
DA:351,0
DA:352,0
DA:353,0
DA:354,0
DA:356,0
DA:359,0
DA:369,0
DA:370,0
DA:374,0
DA:376,0
DA:378,0
DA:379,0
DA:380,0
DA:381,0
DA:382,0
DA:383,0
DA:384,0
DA:385,0
DA:386,0
DA:388,0
DA:391,0
DA:400,0
DA:401,0
DA:403,0
DA:405,0
DA:406,0
DA:411,0
DA:414,0
DA:415,0
DA:416,0
DA:417,0
DA:418,0
DA:419,0
DA:428,0
DA:433,0
DA:438,0
DA:439,0
DA:442,0
DA:444,0
DA:446,0
DA:447,0
DA:452,0
DA:453,0
DA:455,0
DA:456,0
DA:458,0
DA:463,0
DA:464,0
DA:467,0
DA:468,0
DA:469,0
DA:471,0
DA:472,0
DA:478,0
DA:510,0
DA:525,0
DA:526,0
DA:528,0
DA:529,0
DA:534,0
DA:539,0
DA:540,0
DA:543,0
DA:545,0
DA:550,0
DA:551,0
DA:552,0
DA:556,0
LF:182
LH:0
BRDA:73,0,0,0
BRDA:73,0,1,0
BRDA:84,1,0,0
BRDA:84,1,1,0
BRDA:92,2,0,0
BRDA:92,2,1,0
BRDA:103,3,0,0
BRDA:103,3,1,0
BRDA:126,4,0,0
BRDA:126,4,1,0
BRDA:133,5,0,0
BRDA:133,5,1,0
BRDA:149,6,0,0
BRDA:149,6,1,0
BRDA:165,7,0,0
BRDA:165,7,1,0
BRDA:169,8,0,0
BRDA:169,8,1,0
BRDA:176,9,0,0
BRDA:176,9,1,0
BRDA:188,10,0,0
BRDA:188,10,1,0
BRDA:189,11,0,0
BRDA:189,11,1,0
BRDA:190,12,0,0
BRDA:190,12,1,0
BRDA:190,13,0,0
BRDA:190,13,1,0
BRDA:191,14,0,0
BRDA:191,14,1,0
BRDA:191,15,0,0
BRDA:191,15,1,0
BRDA:194,16,0,0
BRDA:194,16,1,0
BRDA:209,17,0,0
BRDA:209,17,1,0
BRDA:212,18,0,0
BRDA:212,18,1,0
BRDA:215,19,0,0
BRDA:215,19,1,0
BRDA:229,20,0,0
BRDA:229,20,1,0
BRDA:247,21,0,0
BRDA:247,21,1,0
BRDA:248,22,0,0
BRDA:248,22,1,0
BRDA:255,23,0,0
BRDA:255,23,1,0
BRDA:256,24,0,0
BRDA:256,24,1,0
BRDA:263,25,0,0
BRDA:263,25,1,0
BRDA:267,26,0,0
BRDA:267,26,1,0
BRDA:283,27,0,0
BRDA:283,27,1,0
BRDA:329,28,0,0
BRDA:329,28,1,0
BRDA:341,29,0,0
BRDA:341,29,1,0
BRDA:349,30,0,0
BRDA:349,30,1,0
BRDA:351,31,0,0
BRDA:351,31,1,0
BRDA:353,32,0,0
BRDA:353,32,1,0
BRDA:372,33,0,0
BRDA:372,33,1,0
BRDA:379,34,0,0
BRDA:379,34,1,0
BRDA:381,35,0,0
BRDA:381,35,1,0
BRDA:383,36,0,0
BRDA:383,36,1,0
BRDA:385,37,0,0
BRDA:385,37,1,0
BRDA:403,38,0,0
BRDA:403,38,1,0
BRDA:416,39,0,0
BRDA:416,39,1,0
BRDA:444,40,0,0
BRDA:444,40,1,0
BRDA:526,41,0,0
BRDA:526,41,1,0
BRDA:540,42,0,0
BRDA:540,42,1,0
BRDA:552,43,0,0
BRDA:552,43,1,0
BRF:88
BRH:0
end_of_record
TN:
SF:src/services/aiService.ts
FN:45,(anonymous_0)
FN:50,(anonymous_1)
FN:55,(anonymous_2)
FN:105,(anonymous_3)
FN:145,(anonymous_4)
FN:187,(anonymous_5)
FN:227,(anonymous_6)
FN:236,(anonymous_7)
FN:246,(anonymous_8)
FN:258,(anonymous_9)
FNF:10
FNH:0
FNDA:0,(anonymous_0)
FNDA:0,(anonymous_1)
FNDA:0,(anonymous_2)
FNDA:0,(anonymous_3)
FNDA:0,(anonymous_4)
FNDA:0,(anonymous_5)
FNDA:0,(anonymous_6)
FNDA:0,(anonymous_7)
FNDA:0,(anonymous_8)
FNDA:0,(anonymous_9)
DA:5,0
DA:46,0
DA:51,0
DA:62,0
DA:63,0
DA:66,0
DA:67,0
DA:86,0
DA:93,0
DA:94,0
DA:95,0
DA:98,0
DA:101,0
DA:106,0
DA:107,0
DA:110,0
DA:111,0
DA:126,0
DA:133,0
DA:134,0
DA:135,0
DA:138,0
DA:141,0
DA:146,0
DA:147,0
DA:150,0
DA:151,0
DA:168,0
DA:175,0
DA:176,0
DA:177,0
DA:180,0
DA:183,0
DA:188,0
DA:189,0
DA:192,0
DA:193,0
DA:208,0
DA:215,0
DA:216,0
DA:217,0
DA:220,0
DA:223,0
DA:228,0
DA:237,0
DA:247,0
DA:259,0
DA:268,0
LF:48
LH:0
BRDA:6,0,0,0
BRDA:6,0,1,0
BRDA:62,1,0,0
BRDA:62,1,1,0
BRDA:94,2,0,0
BRDA:94,2,1,0
BRDA:106,3,0,0
BRDA:106,3,1,0
BRDA:134,4,0,0
BRDA:134,4,1,0
BRDA:146,5,0,0
BRDA:146,5,1,0
BRDA:176,6,0,0
BRDA:176,6,1,0
BRDA:188,7,0,0
BRDA:188,7,1,0
BRDA:216,8,0,0
BRDA:216,8,1,0
BRF:18
BRH:0
end_of_record
TN:
SF:src/services/cloudSave.ts
FN:25,(anonymous_0)
FN:27,(anonymous_1)
FN:32,(anonymous_2)
FN:38,(anonymous_3)
FN:66,(anonymous_4)
FN:82,(anonymous_5)
FN:114,(anonymous_6)
FN:119,(anonymous_7)
FN:125,(anonymous_8)
FNF:9
FNH:0
FNDA:0,(anonymous_0)
FNDA:0,(anonymous_1)
FNDA:0,(anonymous_2)
FNDA:0,(anonymous_3)
FNDA:0,(anonymous_4)
FNDA:0,(anonymous_5)
FNDA:0,(anonymous_6)
FNDA:0,(anonymous_7)
FNDA:0,(anonymous_8)
DA:8,0
DA:9,0
DA:12,0
DA:23,0
DA:27,0
DA:28,0
DA:29,0
DA:32,0
DA:33,0
DA:39,0
DA:41,0
DA:50,0
DA:53,0
DA:54,0
DA:57,0
DA:58,0
DA:60,0
DA:61,0
DA:67,0
DA:68,0
DA:69,0
DA:70,0
DA:71,0
DA:72,0
DA:74,0
DA:76,0
DA:77,0
DA:83,0
DA:84,0
DA:85,0
DA:87,0
DA:99,0
DA:103,0
DA:104,0
DA:106,0
DA:109,0
DA:115,0
DA:120,0
DA:121,0
DA:126,0
DA:127,0
DA:131,0
LF:42
LH:0
BRDA:43,0,0,0
BRDA:43,0,1,0
BRDA:44,1,0,0
BRDA:44,1,1,0
BRDA:45,2,0,0
BRDA:45,2,1,0
BRDA:53,3,0,0
BRDA:53,3,1,0
BRDA:69,4,0,0
BRDA:69,4,1,0
BRDA:85,5,0,0
BRDA:85,5,1,0
BRDA:89,6,0,0
BRDA:89,6,1,0
BRDA:90,7,0,0
BRDA:90,7,1,0
BRDA:91,8,0,0
BRDA:91,8,1,0
BRDA:93,9,0,0
BRDA:93,9,1,0
BRDA:94,10,0,0
BRDA:94,10,1,0
BRDA:103,11,0,0
BRDA:103,11,1,0
BRDA:121,12,0,0
BRDA:121,12,1,0
BRF:26
BRH:0
end_of_record
TN:
SF:src/services/freeAIService.ts
FN:46,(anonymous_0)
FN:51,(anonymous_1)
FN:65,(anonymous_2)
FN:69,(anonymous_3)
FN:75,(anonymous_4)
FN:80,(anonymous_5)
FN:88,(anonymous_6)
FN:123,(anonymous_7)
FN:146,(anonymous_8)
FN:160,(anonymous_9)
FN:292,(anonymous_10)
FN:309,(anonymous_11)
FN:313,(anonymous_12)
FN:376,(anonymous_13)
FN:384,(anonymous_14)
FN:388,(anonymous_15)
FN:397,(anonymous_16)
FN:407,(anonymous_17)
FN:419,(anonymous_18)
FN:429,(anonymous_19)
FN:439,(anonymous_20)
FN:459,(anonymous_21)
FN:466,(anonymous_22)
FN:472,(anonymous_23)
FN:488,(anonymous_24)
FN:501,(anonymous_25)
FN:515,(anonymous_26)
FN:550,(anonymous_27)
FN:585,(anonymous_28)
FN:596,(anonymous_29)
FN:609,(anonymous_30)
FN:625,(anonymous_31)
FNF:32
FNH:0
FNDA:0,(anonymous_0)
FNDA:0,(anonymous_1)
FNDA:0,(anonymous_2)
FNDA:0,(anonymous_3)
FNDA:0,(anonymous_4)
FNDA:0,(anonymous_5)
FNDA:0,(anonymous_6)
FNDA:0,(anonymous_7)
FNDA:0,(anonymous_8)
FNDA:0,(anonymous_9)
FNDA:0,(anonymous_10)
FNDA:0,(anonymous_11)
FNDA:0,(anonymous_12)
FNDA:0,(anonymous_13)
FNDA:0,(anonymous_14)
FNDA:0,(anonymous_15)
FNDA:0,(anonymous_16)
FNDA:0,(anonymous_17)
FNDA:0,(anonymous_18)
FNDA:0,(anonymous_19)
FNDA:0,(anonymous_20)
FNDA:0,(anonymous_21)
FNDA:0,(anonymous_22)
FNDA:0,(anonymous_23)
FNDA:0,(anonymous_24)
FNDA:0,(anonymous_25)
FNDA:0,(anonymous_26)
FNDA:0,(anonymous_27)
FNDA:0,(anonymous_28)
FNDA:0,(anonymous_29)
FNDA:0,(anonymous_30)
FNDA:0,(anonymous_31)
DA:38,0
DA:39,0
DA:42,0
DA:43,0
DA:47,0
DA:52,0
DA:59,0
DA:60,0
DA:66,0
DA:68,0
DA:69,0
DA:70,0
DA:76,0
DA:81,0
DA:95,0
DA:97,0
DA:104,0
DA:106,0
DA:117,0
DA:118,0
DA:124,0
DA:125,0
DA:126,0
DA:128,0
DA:140,0
DA:141,0
DA:148,0
DA:162,0
DA:167,0
DA:246,0
DA:249,0
DA:252,0
DA:261,0
DA:263,0
DA:274,0
DA:275,0
DA:278,0
DA:281,0
DA:283,0
DA:286,0
DA:287,0
DA:293,0
DA:295,0
DA:296,0
DA:299,0
DA:300,0
DA:303,0
DA:304,0
DA:310,0
DA:312,0
DA:313,0
DA:315,0
DA:334,0
DA:336,0
DA:337,0
DA:339,0
DA:341,0
DA:344,0
DA:347,0
DA:349,0
DA:350,0
DA:351,0
DA:352,0
DA:353,0
DA:354,0
DA:358,0
DA:360,0
DA:363,0
DA:364,0
DA:368,0
DA:370,0
DA:371,0
DA:377,0
DA:383,0
DA:384,0
DA:389,0
DA:398,0
DA:408,0
DA:420,0
DA:430,0
DA:440,0
DA:441,0
DA:445,0
DA:448,0
DA:449,0
DA:453,0
DA:455,0
DA:460,0
DA:466,0
DA:467,0
DA:473,0
DA:475,0
DA:478,0
DA:480,0
DA:481,0
DA:483,0
DA:489,0
DA:491,0
DA:492,0
DA:493,0
DA:494,0
DA:496,0
DA:502,0
DA:504,0
DA:506,0
DA:508,0
DA:510,0
DA:516,0
DA:517,0
DA:518,0
DA:524,0
DA:525,0
DA:532,0
DA:541,0
DA:551,0
DA:552,0
DA:553,0
DA:559,0
DA:560,0
DA:567,0
DA:576,0
DA:587,0
DA:597,0
DA:599,0
DA:600,0
DA:601,0
DA:602,0
DA:604,0
DA:610,0
DA:612,0
DA:615,0
DA:617,0
DA:618,0
DA:620,0
DA:626,0
DA:627,0
DA:630,0
DA:631,0
DA:632,0
DA:638,0
DA:639,0
DA:646,0
DA:651,0
DA:653,0
DA:655,0
DA:660,0
DA:662,0
DA:671,0
DA:673,0
DA:682,0
DA:684,0
DA:693,0
DA:694,0
DA:703,0
DA:705,0
DA:714,0
DA:717,0
DA:726,0
DA:728,0
DA:737,0
DA:739,0
DA:748,0
DA:750,0
DA:759,0
DA:761,0
DA:770,0
DA:773,0
DA:782,0
DA:783,0
DA:784,0
DA:790,0
DA:791,0
DA:798,0
DA:808,0
DA:809,0
DA:817,0
DA:818,0
DA:827,0
DA:836,0
LF:179
LH:0
BRDA:59,0,0,0
BRDA:59,0,1,0
BRDA:66,1,0,0
BRDA:66,1,1,0
BRDA:70,2,0,0
BRDA:70,2,1,0
BRDA:83,3,0,0
BRDA:83,3,1,0
BRDA:107,4,0,0
BRDA:107,4,1,0
BRDA:137,5,0,0
BRDA:137,5,1,0
BRDA:249,6,0,0
BRDA:249,6,1,0
BRDA:249,7,0,0
BRDA:249,7,1,0
BRDA:249,7,2,0
BRDA:249,7,3,0
BRDA:249,7,4,0
BRDA:249,7,5,0
BRDA:249,7,6,0
BRDA:249,7,7,0
BRDA:249,7,8,0
BRDA:261,8,0,0
BRDA:261,8,1,0
BRDA:261,9,0,0
BRDA:261,9,1,0
BRDA:261,9,2,0
BRDA:261,9,3,0
BRDA:261,9,4,0
BRDA:261,9,5,0
BRDA:274,10,0,0
BRDA:274,10,1,0
BRDA:275,11,0,0
BRDA:275,11,1,0
BRDA:287,12,0,0
BRDA:287,12,1,0
BRDA:287,13,0,0
BRDA:287,13,1,0
BRDA:296,14,0,0
BRDA:296,14,1,0
BRDA:336,15,0,0
BRDA:336,15,1,0
BRDA:337,16,0,0
BRDA:337,16,1,0
BRDA:349,17,0,0
BRDA:349,17,1,0
BRDA:349,18,0,0
BRDA:349,18,1,0
BRDA:350,19,0,0
BRDA:350,19,1,0
BRDA:350,19,2,0
BRDA:351,20,0,0
BRDA:351,20,1,0
BRDA:353,21,0,0
BRDA:353,21,1,0
BRDA:358,22,0,0
BRDA:358,22,1,0
BRDA:363,23,0,0
BRDA:363,23,1,0
BRDA:440,24,0,0
BRDA:440,24,1,0
BRDA:440,25,0,0
BRDA:440,25,1,0
BRDA:448,26,0,0
BRDA:448,26,1,0
BRDA:473,27,0,0
BRDA:473,27,1,0
BRDA:473,27,2,0
BRDA:473,27,3,0
BRDA:480,28,0,0
BRDA:480,28,1,0
BRDA:489,29,0,0
BRDA:489,29,1,0
BRDA:491,30,0,0
BRDA:491,30,1,0
BRDA:493,31,0,0
BRDA:493,31,1,0
BRDA:502,32,0,0
BRDA:502,32,1,0
BRDA:504,33,0,0
BRDA:504,33,1,0
BRDA:504,33,2,0
BRDA:516,34,0,0
BRDA:516,34,1,0
BRDA:516,35,0,0
BRDA:516,35,1,0
BRDA:517,36,0,0
BRDA:517,36,1,0
BRDA:524,37,0,0
BRDA:524,37,1,0
BRDA:551,38,0,0
BRDA:551,38,1,0
BRDA:551,39,0,0
BRDA:551,39,1,0
BRDA:552,40,0,0
BRDA:552,40,1,0
BRDA:559,41,0,0
BRDA:559,41,1,0
BRDA:597,42,0,0
BRDA:597,42,1,0
BRDA:599,43,0,0
BRDA:599,43,1,0
BRDA:601,44,0,0
BRDA:601,44,1,0
BRDA:610,45,0,0
BRDA:610,45,1,0
BRDA:610,45,2,0
BRDA:610,45,3,0
BRDA:617,46,0,0
BRDA:617,46,1,0
BRDA:627,47,0,0
BRDA:627,47,1,0
BRDA:630,48,0,0
BRDA:630,48,1,0
BRDA:630,49,0,0
BRDA:630,49,1,0
BRDA:630,49,2,0
BRDA:631,50,0,0
BRDA:631,50,1,0
BRDA:638,51,0,0
BRDA:638,51,1,0
BRDA:651,52,0,0
BRDA:651,52,1,0
BRDA:653,53,0,0
BRDA:653,53,1,0
BRDA:653,54,0,0
BRDA:653,54,1,0
BRDA:653,54,2,0
BRDA:653,54,3,0
BRDA:653,54,4,0
BRDA:653,54,5,0
BRDA:660,55,0,0
BRDA:660,55,1,0
BRDA:660,56,0,0
BRDA:660,56,1,0
BRDA:660,56,2,0
BRDA:660,56,3,0
BRDA:660,56,4,0
BRDA:660,56,5,0
BRDA:671,57,0,0
BRDA:671,57,1,0
BRDA:671,58,0,0
BRDA:671,58,1,0
BRDA:671,58,2,0
BRDA:671,58,3,0
BRDA:671,58,4,0
BRDA:671,58,5,0
BRDA:682,59,0,0
BRDA:682,59,1,0
BRDA:682,60,0,0
BRDA:682,60,1,0
BRDA:682,60,2,0
BRDA:682,60,3,0
BRDA:682,60,4,0
BRDA:682,60,5,0
BRDA:693,61,0,0
BRDA:693,61,1,0
BRDA:693,62,0,0
BRDA:693,62,1,0
BRDA:693,62,2,0
BRDA:703,63,0,0
BRDA:703,63,1,0
BRDA:703,64,0,0
BRDA:703,64,1,0
BRDA:703,64,2,0
BRDA:703,64,3,0
BRDA:703,64,4,0
BRDA:703,64,5,0
BRDA:714,65,0,0
BRDA:714,65,1,0
BRDA:714,66,0,0
BRDA:714,66,1,0
BRDA:714,66,2,0
BRDA:714,66,3,0
BRDA:714,66,4,0
BRDA:714,66,5,0
BRDA:714,66,6,0
BRDA:714,66,7,0
BRDA:714,66,8,0
BRDA:726,67,0,0
BRDA:726,67,1,0
BRDA:726,68,0,0
BRDA:726,68,1,0
BRDA:726,68,2,0
BRDA:726,68,3,0
BRDA:726,68,4,0
BRDA:726,68,5,0
BRDA:737,69,0,0
BRDA:737,69,1,0
BRDA:737,70,0,0
BRDA:737,70,1,0
BRDA:737,70,2,0
BRDA:737,70,3,0
BRDA:737,70,4,0
BRDA:748,71,0,0
BRDA:748,71,1,0
BRDA:748,72,0,0
BRDA:748,72,1,0
BRDA:748,72,2,0
BRDA:748,72,3,0
BRDA:759,73,0,0
BRDA:759,73,1,0
BRDA:759,74,0,0
BRDA:759,74,1,0
BRDA:759,74,2,0
BRDA:759,74,3,0
BRDA:759,74,4,0
BRDA:770,75,0,0
BRDA:770,75,1,0
BRDA:770,76,0,0
BRDA:770,76,1,0
BRDA:770,76,2,0
BRDA:770,76,3,0
BRDA:770,76,4,0
BRDA:770,76,5,0
BRDA:770,76,6,0
BRDA:770,76,7,0
BRDA:770,76,8,0
BRDA:782,77,0,0
BRDA:782,77,1,0
BRDA:782,78,0,0
BRDA:782,78,1,0
BRDA:782,78,2,0
BRDA:783,79,0,0
BRDA:783,79,1,0
BRDA:790,80,0,0
BRDA:790,80,1,0
BRDA:808,81,0,0
BRDA:808,81,1,0
BRDA:808,82,0,0
BRDA:808,82,1,0
BRDA:808,82,2,0
BRDA:817,83,0,0
BRDA:817,83,1,0
BRDA:817,84,0,0
BRDA:817,84,1,0
BRF:237
BRH:0
end_of_record
TN:
SF:src/services/questionTranslationService.ts
FN:13,(anonymous_0)
FN:23,(anonymous_1)
FN:40,(anonymous_2)
FN:50,(anonymous_3)
FN:58,(anonymous_4)
FN:63,(anonymous_5)
FNF:6
FNH:0
FNDA:0,(anonymous_0)
FNDA:0,(anonymous_1)
FNDA:0,(anonymous_2)
FNDA:0,(anonymous_3)
FNDA:0,(anonymous_4)
FNDA:0,(anonymous_5)
DA:7,0
DA:13,0
DA:18,0
DA:19,0
DA:20,0
DA:23,0
DA:36,0
DA:40,0
DA:46,0
DA:48,0
DA:50,0
DA:54,0
DA:58,0
DA:59,0
DA:63,0
DA:64,0
LF:16
LH:0
BRDA:18,0,0,0
BRDA:18,0,1,0
BRDA:18,1,0,0
BRDA:18,1,1,0
BRDA:22,2,0,0
BRDA:22,2,1,0
BRDA:25,3,0,0
BRDA:25,3,1,0
BRDA:28,4,0,0
BRDA:28,4,1,0
BRDA:48,5,0,0
BRDA:48,5,1,0
BRDA:48,6,0,0
BRDA:48,6,1,0
BRF:14
BRH:0
end_of_record
TN:
SF:src/services/realAIService.ts
FN:27,(anonymous_0)
FN:33,(anonymous_1)
FN:38,(anonymous_2)
FN:73,(anonymous_3)
FN:167,(anonymous_4)
FN:183,(anonymous_5)
FN:206,(anonymous_6)
FN:233,(anonymous_7)
FN:258,(anonymous_8)
FN:272,(anonymous_9)
FN:286,(anonymous_10)
FN:326,(anonymous_11)
FN:369,(anonymous_12)
FN:379,(anonymous_13)
FN:382,(anonymous_14)
FNF:15
FNH:0
FNDA:0,(anonymous_0)
FNDA:0,(anonymous_1)
FNDA:0,(anonymous_2)
FNDA:0,(anonymous_3)
FNDA:0,(anonymous_4)
FNDA:0,(anonymous_5)
FNDA:0,(anonymous_6)
FNDA:0,(anonymous_7)
FNDA:0,(anonymous_8)
FNDA:0,(anonymous_9)
FNDA:0,(anonymous_10)
FNDA:0,(anonymous_11)
FNDA:0,(anonymous_12)
FNDA:0,(anonymous_13)
FNDA:0,(anonymous_14)
DA:17,0
DA:24,0
DA:25,0
DA:29,0
DA:34,0
DA:40,0
DA:43,0
DA:44,0
DA:45,0
DA:46,0
DA:50,0
DA:51,0
DA:52,0
DA:53,0
DA:55,0
DA:59,0
DA:60,0
DA:64,0
DA:67,0
DA:69,0
DA:74,0
DA:75,0
DA:76,0
DA:79,0
DA:80,0
DA:89,0
DA:90,0
DA:99,0
DA:100,0
DA:109,0
DA:110,0
DA:119,0
DA:120,0
DA:129,0
DA:130,0
DA:131,0
DA:132,0
DA:134,0
DA:135,0
DA:136,0
DA:137,0
DA:138,0
DA:139,0
DA:141,0
DA:142,0
DA:145,0
DA:154,0
DA:155,0
DA:163,0
DA:168,0
DA:169,0
DA:170,0
DA:172,0
DA:184,0
DA:185,0
DA:186,0
DA:187,0
DA:189,0
DA:190,0
DA:194,0
DA:197,0
DA:198,0
DA:202,0
DA:207,0
DA:209,0
DA:222,0
DA:223,0
DA:226,0
DA:229,0
DA:236,0
DA:237,0
DA:238,0
DA:239,0
DA:240,0
DA:241,0
DA:242,0
DA:246,0
DA:247,0
DA:249,0
DA:259,0
DA:260,0
DA:262,0
DA:263,0
DA:264,0
DA:265,0
DA:267,0
DA:273,0
DA:274,0
DA:276,0
DA:277,0
DA:278,0
DA:279,0
DA:281,0
DA:287,0
DA:288,0
DA:289,0
DA:292,0
DA:293,0
DA:297,0
DA:298,0
DA:302,0
DA:303,0
DA:307,0
DA:308,0
DA:312,0
DA:313,0
DA:317,0
DA:318,0
DA:322,0
DA:327,0
DA:330,0
DA:331,0
DA:340,0
DA:341,0
DA:350,0
DA:351,0
DA:360,0
DA:370,0
DA:373,0
DA:374,0
DA:380,0
DA:382,0
DA:387,0
LF:123
LH:0
BRDA:44,0,0,0
BRDA:44,0,1,0
BRDA:59,1,0,0
BRDA:59,1,1,0
BRDA:59,2,0,0
BRDA:59,2,1,0
BRDA:75,3,0,0
BRDA:75,3,1,0
BRDA:76,4,0,0
BRDA:76,4,1,0
BRDA:79,5,0,0
BRDA:79,5,1,0
BRDA:79,6,0,0
BRDA:79,6,1,0
BRDA:79,6,2,0
BRDA:89,7,0,0
BRDA:89,7,1,0
BRDA:89,8,0,0
BRDA:89,8,1,0
BRDA:89,8,2,0
BRDA:99,9,0,0
BRDA:99,9,1,0
BRDA:99,10,0,0
BRDA:99,10,1,0
BRDA:99,10,2,0
BRDA:109,11,0,0
BRDA:109,11,1,0
BRDA:109,12,0,0
BRDA:109,12,1,0
BRDA:109,12,2,0
BRDA:119,13,0,0
BRDA:119,13,1,0
BRDA:119,14,0,0
BRDA:119,14,1,0
BRDA:129,15,0,0
BRDA:129,15,1,0
BRDA:129,16,0,0
BRDA:129,16,1,0
BRDA:129,16,2,0
BRDA:134,17,0,0
BRDA:134,17,1,0
BRDA:137,18,0,0
BRDA:137,18,1,0
BRDA:154,19,0,0
BRDA:154,19,1,0
BRDA:154,20,0,0
BRDA:154,20,1,0
BRDA:168,21,0,0
BRDA:168,21,1,0
BRDA:169,22,0,0
BRDA:169,22,1,0
BRDA:170,23,0,0
BRDA:170,23,1,0
BRDA:175,24,0,0
BRDA:175,24,1,0
BRDA:189,25,0,0
BRDA:189,25,1,0
BRDA:189,26,0,0
BRDA:189,26,1,0
BRDA:222,27,0,0
BRDA:222,27,1,0
BRDA:222,28,0,0
BRDA:222,28,1,0
BRDA:226,29,0,0
BRDA:226,29,1,0
BRDA:237,30,0,0
BRDA:237,30,1,0
BRDA:237,31,0,0
BRDA:237,31,1,0
BRDA:237,31,2,0
BRDA:239,32,0,0
BRDA:239,32,1,0
BRDA:239,33,0,0
BRDA:239,33,1,0
BRDA:241,34,0,0
BRDA:241,34,1,0
BRDA:241,35,0,0
BRDA:241,35,1,0
BRDA:259,36,0,0
BRDA:259,36,1,0
BRDA:260,37,0,0
BRDA:260,37,1,0
BRDA:262,38,0,0
BRDA:262,38,1,0
BRDA:264,39,0,0
BRDA:264,39,1,0
BRDA:273,40,0,0
BRDA:273,40,1,0
BRDA:274,41,0,0
BRDA:274,41,1,0
BRDA:276,42,0,0
BRDA:276,42,1,0
BRDA:278,43,0,0
BRDA:278,43,1,0
BRDA:288,44,0,0
BRDA:288,44,1,0
BRDA:289,45,0,0
BRDA:289,45,1,0
BRDA:292,46,0,0
BRDA:292,46,1,0
BRDA:292,47,0,0
BRDA:292,47,1,0
BRDA:292,47,2,0
BRDA:297,48,0,0
BRDA:297,48,1,0
BRDA:297,49,0,0
BRDA:297,49,1,0
BRDA:302,50,0,0
BRDA:302,50,1,0
BRDA:302,51,0,0
BRDA:302,51,1,0
BRDA:302,51,2,0
BRDA:307,52,0,0
BRDA:307,52,1,0
BRDA:307,53,0,0
BRDA:307,53,1,0
BRDA:307,53,2,0
BRDA:312,54,0,0
BRDA:312,54,1,0
BRDA:312,55,0,0
BRDA:312,55,1,0
BRDA:317,56,0,0
BRDA:317,56,1,0
BRDA:317,57,0,0
BRDA:317,57,1,0
BRDA:317,57,2,0
BRDA:330,58,0,0
BRDA:330,58,1,0
BRDA:330,59,0,0
BRDA:330,59,1,0
BRDA:330,59,2,0
BRDA:340,60,0,0
BRDA:340,60,1,0
BRDA:340,61,0,0
BRDA:340,61,1,0
BRDA:340,61,2,0
BRDA:350,62,0,0
BRDA:350,62,1,0
BRDA:350,63,0,0
BRDA:350,63,1,0
BRDA:350,63,2,0
BRDA:373,64,0,0
BRDA:373,64,1,0
BRF:143
BRH:0
end_of_record
TN:
SF:src/services/realExamService.ts
FN:33,(anonymous_0)
FN:38,(anonymous_1)
FN:39,(anonymous_2)
FN:44,(anonymous_3)
FN:49,(anonymous_4)
FN:72,(anonymous_5)
FN:73,(anonymous_6)
FN:83,(anonymous_7)
FN:104,(anonymous_8)
FN:107,(anonymous_9)
FN:113,(anonymous_10)
FN:114,(anonymous_11)
FN:120,(anonymous_12)
FN:128,(anonymous_13)
FN:129,(anonymous_14)
FN:143,(anonymous_15)
FN:147,(anonymous_16)
FN:148,(anonymous_17)
FN:162,(anonymous_18)
FN:170,(anonymous_19)
FN:171,(anonymous_20)
FN:175,(anonymous_21)
FN:180,(anonymous_22)
FN:181,(anonymous_23)
FN:185,(anonymous_24)
FN:186,(anonymous_25)
FN:190,(anonymous_26)
FNF:27
FNH:0
FNDA:0,(anonymous_0)
FNDA:0,(anonymous_1)
FNDA:0,(anonymous_2)
FNDA:0,(anonymous_3)
FNDA:0,(anonymous_4)
FNDA:0,(anonymous_5)
FNDA:0,(anonymous_6)
FNDA:0,(anonymous_7)
FNDA:0,(anonymous_8)
FNDA:0,(anonymous_9)
FNDA:0,(anonymous_10)
FNDA:0,(anonymous_11)
FNDA:0,(anonymous_12)
FNDA:0,(anonymous_13)
FNDA:0,(anonymous_14)
FNDA:0,(anonymous_15)
FNDA:0,(anonymous_16)
FNDA:0,(anonymous_17)
FNDA:0,(anonymous_18)
FNDA:0,(anonymous_19)
FNDA:0,(anonymous_20)
FNDA:0,(anonymous_21)
FNDA:0,(anonymous_22)
FNDA:0,(anonymous_23)
FNDA:0,(anonymous_24)
FNDA:0,(anonymous_25)
FNDA:0,(anonymous_26)
DA:30,0
DA:34,0
DA:39,0
DA:40,0
DA:45,0
DA:50,0
DA:54,0
DA:67,0
DA:68,0
DA:73,0
DA:74,0
DA:75,0
DA:78,0
DA:79,0
DA:80,0
DA:83,0
DA:84,0
DA:85,0
DA:86,0
DA:90,0
DA:91,0
DA:94,0
DA:95,0
DA:96,0
DA:97,0
DA:98,0
DA:100,0
DA:105,0
DA:106,0
DA:107,0
DA:110,0
DA:112,0
DA:113,0
DA:114,0
DA:118,0
DA:119,0
DA:120,0
DA:123,0
DA:126,0
DA:127,0
DA:128,0
DA:129,0
DA:132,0
DA:144,0
DA:145,0
DA:147,0
DA:148,0
DA:149,0
DA:150,0
DA:151,0
DA:152,0
DA:156,0
DA:157,0
DA:162,0
DA:163,0
DA:166,0
DA:171,0
DA:176,0
DA:181,0
DA:186,0
DA:191,0
DA:192,0
DA:194,0
DA:195,0
DA:196,0
DA:199,0
DA:200,0
DA:203,0
DA:211,0
LF:69
LH:0
BRDA:44,0,0,0
BRDA:49,1,0,0
BRDA:50,2,0,0
BRDA:50,2,1,0
BRDA:74,3,0,0
BRDA:74,3,1,0
BRDA:85,4,0,0
BRDA:85,4,1,0
BRDA:119,5,0,0
BRDA:119,5,1,0
BRDA:150,6,0,0
BRDA:150,6,1,0
BRDA:195,7,0,0
BRDA:195,7,1,0
BRDA:199,8,0,0
BRDA:199,8,1,0
BRF:16
BRH:0
end_of_record
TN:
SF:src/services/supabaseAuth.ts
FN:21,(anonymous_0)
FN:45,(anonymous_1)
FN:67,(anonymous_2)
FN:89,(anonymous_3)
FN:94,(anonymous_4)
FN:109,(anonymous_5)
FN:110,(anonymous_6)
FNF:7
FNH:0
FNDA:0,(anonymous_0)
FNDA:0,(anonymous_1)
FNDA:0,(anonymous_2)
FNDA:0,(anonymous_3)
FNDA:0,(anonymous_4)
FNDA:0,(anonymous_5)
FNDA:0,(anonymous_6)
DA:6,0
DA:7,0
DA:9,0
DA:22,0
DA:23,0
DA:30,0
DA:31,0
DA:32,0
DA:37,0
DA:39,0
DA:40,0
DA:46,0
DA:47,0
DA:54,0
DA:55,0
DA:56,0
DA:59,0
DA:61,0
DA:62,0
DA:68,0
DA:69,0
DA:76,0
DA:77,0
DA:78,0
DA:81,0
DA:83,0
DA:84,0
DA:90,0
DA:95,0
DA:96,0
DA:97,0
DA:105,0
DA:110,0
DA:111,0
DA:112,0
DA:119,0
DA:121,0
DA:127,0
LF:38
LH:0
BRDA:30,0,0,0
BRDA:30,0,1,0
BRDA:54,1,0,0
BRDA:54,1,1,0
BRDA:76,2,0,0
BRDA:76,2,1,0
BRDA:96,3,0,0
BRDA:96,3,1,0
BRDA:99,4,0,0
BRDA:99,4,1,0
BRDA:100,5,0,0
BRDA:100,5,1,0
BRDA:100,5,2,0
BRDA:111,6,0,0
BRDA:111,6,1,0
BRDA:114,7,0,0
BRDA:114,7,1,0
BRDA:115,8,0,0
BRDA:115,8,1,0
BRDA:115,8,2,0
BRF:20
BRH:0
end_of_record
TN:
SF:src/services/universalTranslation.ts
FN:109,(anonymous_0)
FN:125,(anonymous_1)
FN:133,(anonymous_2)
FNF:3
FNH:0
FNDA:0,(anonymous_0)
FNDA:0,(anonymous_1)
FNDA:0,(anonymous_2)
DA:10,0
DA:60,0
DA:109,0
DA:110,0
DA:114,0
DA:125,0
DA:127,0
DA:133,0
DA:134,0
DA:135,0
DA:137,0
DA:138,0
DA:140,0
LF:13
LH:0
BRDA:110,0,0,0
BRDA:110,0,1,0
BRDA:134,1,0,0
BRDA:134,1,1,0
BRDA:137,2,0,0
BRDA:137,2,1,0
BRF:6
BRH:0
end_of_record
TN:
SF:src/services/userAuth.ts
FN:15,(anonymous_0)
FN:20,(anonymous_1)
FN:38,(anonymous_2)
FN:52,(anonymous_3)
FN:69,(anonymous_4)
FN:74,(anonymous_5)
FN:79,(anonymous_6)
FN:86,(anonymous_7)
FN:94,(anonymous_8)
FN:99,(anonymous_9)
FNF:10
FNH:0
FNDA:0,(anonymous_0)
FNDA:0,(anonymous_1)
FNDA:0,(anonymous_2)
FNDA:0,(anonymous_3)
FNDA:0,(anonymous_4)
FNDA:0,(anonymous_5)
FNDA:0,(anonymous_6)
FNDA:0,(anonymous_7)
FNDA:0,(anonymous_8)
FNDA:0,(anonymous_9)
DA:13,0
DA:16,0
DA:21,0
DA:30,0
DA:31,0
DA:33,0
DA:34,0
DA:39,0
DA:40,0
DA:41,0
DA:42,0
DA:43,0
DA:44,0
DA:45,0
DA:48,0
DA:53,0
DA:61,0
DA:62,0
DA:64,0
DA:65,0
DA:70,0
DA:75,0
DA:80,0
DA:81,0
DA:82,0
DA:87,0
DA:88,0
DA:89,0
DA:95,0
DA:100,0
DA:101,0
DA:102,0
DA:103,0
DA:108,0
LF:34
LH:0
BRDA:40,0,0,0
BRDA:40,0,1,0
BRDA:42,1,0,0
BRDA:42,1,1,0
BRDA:88,2,0,0
BRDA:88,2,1,0
BRDA:100,3,0,0
BRDA:100,3,1,0
BRF:8
BRH:0
end_of_record
TN:
SF:src/types/index.ts
FNF:0
FNH:0
LF:0
LH:0
BRF:0
BRH:0
end_of_record
TN:
SF:src/types/multilingualQuestion.ts
FN:31,(anonymous_0)
FN:38,(anonymous_1)
FNF:2
FNH:0
FNDA:0,(anonymous_0)
FNDA:0,(anonymous_1)
DA:31,0
DA:35,0
DA:38,0
LF:3
LH:0
BRF:0
BRH:0
end_of_record
TN:
SF:src/utils/haptics.ts
FN:7,(anonymous_0)
FN:14,(anonymous_1)
FN:23,(anonymous_2)
FN:32,(anonymous_3)
FN:41,(anonymous_4)
FN:50,(anonymous_5)
FN:59,(anonymous_6)
FN:68,(anonymous_7)
FN:77,(anonymous_8)
FNF:9
FNH:0
FNDA:0,(anonymous_0)
FNDA:0,(anonymous_1)
FNDA:0,(anonymous_2)
FNDA:0,(anonymous_3)
FNDA:0,(anonymous_4)
FNDA:0,(anonymous_5)
FNDA:0,(anonymous_6)
FNDA:0,(anonymous_7)
FNDA:0,(anonymous_8)
DA:7,0
DA:8,0
DA:14,0
DA:15,0
DA:16,0
DA:23,0
DA:24,0
DA:25,0
DA:32,0
DA:33,0
DA:34,0
DA:41,0
DA:42,0
DA:43,0
DA:50,0
DA:51,0
DA:52,0
DA:59,0
DA:60,0
DA:61,0
DA:68,0
DA:69,0
DA:70,0
DA:77,0
DA:78,0
DA:79,0
LF:26
LH:0
BRDA:15,0,0,0
BRDA:15,0,1,0
BRDA:24,1,0,0
BRDA:24,1,1,0
BRDA:33,2,0,0
BRDA:33,2,1,0
BRDA:42,3,0,0
BRDA:42,3,1,0
BRDA:51,4,0,0
BRDA:51,4,1,0
BRDA:60,5,0,0
BRDA:60,5,1,0
BRDA:69,6,0,0
BRDA:69,6,1,0
BRDA:78,7,0,0
BRDA:78,7,1,0
BRF:16
BRH:0
end_of_record
TN:
SF:src/utils/questionTranslation.ts
FN:18,(anonymous_0)
FN:46,(anonymous_1)
FN:51,(anonymous_2)
FNF:3
FNH:0
FNDA:0,(anonymous_0)
FNDA:0,(anonymous_1)
FNDA:0,(anonymous_2)
DA:18,0
DA:28,0
DA:29,0
DA:38,0
DA:46,0
DA:47,0
DA:51,0
DA:52,0
DA:53,0
DA:55,0
DA:56,0
DA:58,0
LF:12
LH:0
BRDA:28,0,0,0
BRDA:28,0,1,0
BRDA:52,1,0,0
BRDA:52,1,1,0
BRDA:55,2,0,0
BRDA:55,2,1,0
BRF:6
BRH:0
end_of_record
